#
# A fatal error has been detected by the Java Runtime Environment:
#
#  SIGSEGV (0xb) at pc=0x00000001251c00c7, pid=55861, tid=30979
#
# JRE version: Java(TM) SE Runtime Environment (8.0_40-b26) (build 1.8.0_40-b26)
# Java VM: Java HotSpot(TM) 64-Bit Server VM (25.40-b25 mixed mode bsd-amd64 compressed oops)
# Problematic frame:
# C  [libleveldbjni-64-1-7245616499852832657.8+0x120c7]  leveldb::MemTable::Get(leveldb::LookupKey const&, std::string*, leveldb::Status*)+0xb7
#
# Failed to write core dump. Core dumps have been disabled. To enable core dumping, try "ulimit -c unlimited" before starting Java again
#
# If you would like to submit a bug report, please visit:
#   http://bugreport.java.com/bugreport/crash.jsp
# The crash happened outside the Java Virtual Machine in native code.
# See problematic frame for where to report the bug.
#

---------------  T H R E A D  ---------------

Current thread (0x00007ffcfb34a800):  JavaThread "XNIO-1 I/O-5" [_thread_in_native, id=30979, stack(0x00000001278dc000,0x00000001279dc000)]

siginfo: si_signo: 11 (SIGSEGV), si_code: 0 (unknown), si_addr: 0x0000000000000000

Registers:
RAX=0x000000000000000c, RBX=0x0000000000000001, RCX=0x00007ffcfa454740, RDX=0x0000000000000004
RSP=0x00000001279daa40, RBP=0x00000001279daae0, RSI=0x00000001279dab49, RDI=0x8000000000000000
R8 =0x000000000000002d, R9 =0x00000001251ef950, R10=0x0000000000000140, R11=0xffff80042aed5169
R12=0x00007ffcfd0f07d0, R13=0x00000001279dab00, R14=0x00007ffcfd0efa09, R15=0x00007ffcfd94f858
RIP=0x00000001251c00c7, EFLAGS=0x0000000000010206, ERR=0x0000000000000000
  TRAPNO=0x000000000000000d

Top of Stack: (sp=0x00000001279daa40)
0x00000001279daa40:   ffffffffffffffff 00007ffcfa454740
0x00000001279daa50:   00000001279dab30 00007ffcfcb15ff0
0x00000001279daa60:   00000001279dac60 0000000000000000
0x00000001279daa70:   00007ffcfa454740 00007ffcfa454280
0x00000001279daa80:   00000001279daac0 00007fff878e0b4e
0x00000001279daa90:   00007ffcfa4543b8 00002060279dac78
0x00000001279daaa0:   00000001279daae0 00000001251be2ad
0x00000001279daab0:   000000000000000c 00007ffcfcb15ff0
0x00000001279daac0:   00000000000007df 0000000000000000
0x00000001279daad0:   00007ffcfa454740 00007ffcfa454280
0x00000001279daae0:   00000001279dac50 00000001251b8230
0x00000001279daaf0:   00000001279dabe0 00000001279dac68
0x00000001279dab00:   00007ffcfcb15ff0 00000001279dac78
0x00000001279dab10:   00007ffcfa525fb0 00007ffcfa4543a0
0x00000001279dab20:   00000001279dac60 0000000104e2d800
0x00000001279dab30:   00000001279dab48 00000001279dab49
0x00000001279dab40:   00000001279dab66 373030392d2f301d
0x00000001279dab50:   3437343532393931 df01312f30393930
0x00000001279dab60:   0000000000000007 00007fff859eaec3
0x00000001279dab70:   000000076f00e860 0000000000000000
0x00000001279dab80:   0000000772d36148 0000000000001e00
0x00000001279dab90:   000000076f5342f0 0000000772d36148
0x00000001279daba0:   0000000000001003 0000000104e2d800
0x00000001279dabb0:   000000076f5341b8 0000000000000008
0x00000001279dabc0:   00000000279daf80 0000000104e28000
0x00000001279dabd0:   0000000000000001 00007ffcfb34a800
0x00000001279dabe0:   ff80000000001003 000000000000ffff
0x00000001279dabf0:   00000000279dac90 0000000000000000
0x00000001279dac00:   0000000000000000 000000076f0104f0
0x00000001279dac10:   0000000104e28000 0000000000000008
0x00000001279dac20:   33002531c465d976 00007ffcfcb15ff0
0x00000001279dac30:   00007ffcfb34a9f8 00000001279dac78 

Instructions: (pc=0x00000001251c00c7)
0x00000001251c00a7:   76 05 e8 82 4e 01 00 49 89 c6 8b 45 d0 eb 06 89
0x00000001251c00b7:   45 d0 49 ff c6 48 8b 8d 68 ff ff ff 48 8b 79 08
0x00000001251c00c7:   48 8b 0f 4c 8b 41 10 4c 89 75 c0 83 c0 f8 48 89
0x00000001251c00d7:   45 c8 48 8b 85 70 ff ff ff 48 8b 58 08 48 8b 40 

Register to memory mapping:

RAX=0x000000000000000c is an unknown value
RBX=0x0000000000000001 is an unknown value
RCX=0x00007ffcfa454740 is an unknown value
RDX=0x0000000000000004 is an unknown value
RSP=0x00000001279daa40 is pointing into the stack for thread: 0x00007ffcfb34a800
RBP=0x00000001279daae0 is pointing into the stack for thread: 0x00007ffcfb34a800
RSI=0x00000001279dab49 is pointing into the stack for thread: 0x00007ffcfb34a800
RDI=0x8000000000000000 is an unknown value
R8 =0x000000000000002d is an unknown value
R9 =0x00000001251ef950: _ZTVN7leveldb6DBImplE+0x10 in /private/var/folders/fm/5c5lzyq932x281tnqhtw78300000gq/T/libleveldbjni-64-1-7245616499852832657.8 at 0x00000001251ae000
R10=0x0000000000000140 is an unknown value
R11=0xffff80042aed5169 is an unknown value
R12=0x00007ffcfd0f07d0 is an unknown value
R13=0x00000001279dab00 is pointing into the stack for thread: 0x00007ffcfb34a800
R14=0x00007ffcfd0efa09 is an unknown value
R15=0x00007ffcfd94f858 is an unknown value


Stack: [0x00000001278dc000,0x00000001279dc000],  sp=0x00000001279daa40,  free space=1018k
Native frames: (J=compiled Java code, j=interpreted, Vv=VM code, C=native code)
C  [libleveldbjni-64-1-7245616499852832657.8+0x120c7]