#
# A fatal error has been detected by the Java Runtime Environment:
#
#  SIGSEGV (0xb) at pc=0x00000001290b70c7, pid=54561, tid=28931
#
# JRE version: Java(TM) SE Runtime Environment (8.0_40-b26) (build 1.8.0_40-b26)
# Java VM: Java HotSpot(TM) 64-Bit Server VM (25.40-b25 mixed mode bsd-amd64 compressed oops)
# Problematic frame:
# C  [libleveldbjni-64-1-323828830203970553.8+0x120c7]  _ZN7leveldb8MemTable3GetERKNS_9LookupKeyEPSsPNS_6StatusE+0xb7
#
# Failed to write core dump. Core dumps have been disabled. To enable core dumping, try "ulimit -c unlimited" before starting Java again
#
# If you would like to submit a bug report, please visit:
#   http://bugreport.java.com/bugreport/crash.jsp
# The crash happened outside the Java Virtual Machine in native code.
# See problematic frame for where to report the bug.
#

---------------  T H R E A D  ---------------

Current thread (0x00007fb78b8e5000):  JavaThread "XNIO-1 I/O-1" [_thread_in_native, id=28931, stack(0x0000000129fee000,0x000000012a0ee000)]

siginfo: si_signo: 11 (SIGSEGV), si_code: 0 (unknown), si_addr: 0x0000000000000000

Registers:
RAX=0x000000000000001d, RBX=0x0000000000000001, RCX=0x00007fb788731000, RDX=0x00007fb78a0549e9
RSP=0x000000012a0ecb20, RBP=0x000000012a0ecbc0, RSI=0x000000000000001d, RDI=0x4000000000000000
R8 =0x0000000000000031, R9 =0x00000001290e6950, R10=0x00000000000000ee, R11=0xffff80499f5d0149
R12=0x00007fb78a054a50, R13=0x000000012a0ecc00, R14=0x00007fb78a0549e9, R15=0x00007fb78a12e3b8
RIP=0x00000001290b70c7, EFLAGS=0x0000000000010202, ERR=0x0000000000000000
  TRAPNO=0x000000000000000d

Top of Stack: (sp=0x000000012a0ecb20)
0x000000012a0ecb20:   ffffffffffffffff 00007fb788731000
0x000000012a0ecb30:   000000012a0ecc10 00007fb78ab1cb00
0x000000012a0ecb40:   000000012a0ecd40 0000000000000000
0x000000012a0ecb50:   00007fb788731000 00007fb78aa03570
0x000000012a0ecb60:   000000012a0ecba0 00007fff878e0b4e
0x000000012a0ecb70:   00007fb78aa036a8 000020602a0ecd58
0x000000012a0ecb80:   000000012a0ecbc0 00000001290b52ad
0x000000012a0ecb90:   000000000000001d 00007fb78ab1cb00
0x000000012a0ecba0:   00000000000007e3 0000000000000000
0x000000012a0ecbb0:   00007fb788731000 00007fb78aa03570
0x000000012a0ecbc0:   000000012a0ecd30 00000001290af230
0x000000012a0ecbd0:   000000012a0ecc58 000000012a0ecd48
0x000000012a0ecbe0:   00007fb78ab1cb00 000000012a0ecd58
0x000000012a0ecbf0:   00007fb788731910 00007fb78aa03690
0x000000012a0ecc00:   000000012a0ecd40 0000000108d23400
0x000000012a0ecc10:   000000012a0ecc28 000000012a0ecc29
0x000000012a0ecc20:   000000012a0ecc46 373030392d2f301d
0x000000012a0ecc30:   3437343532393931 e301312f30393930
0x000000012a0ecc40:   0000000000000007 0000000000000000
0x000000012a0ecc50:   0000000108d22a00 000000012a0ecce8
0x000000012a0ecc60:   000000010af70c4d 0000000000000a00
0x000000012a0ecc70:   0000000000000006 0000000000000a00
0x000000012a0ecc80:   0000000000001001 0000000108d23400
0x000000012a0ecc90:   0000000000001001 0000000000000008
0x000000012a0ecca0:   000000007358b848 0000000108d1f000
0x000000012a0eccb0:   0000000000000001 0000000108d1f000
0x000000012a0eccc0:   ff80000000001001 00000001242effff
0x000000012a0eccd0:   ff80000000001001 0000000000000000
0x000000012a0ecce0:   0000000000000000 0000000124598c20
0x000000012a0eccf0:   0000000108d1f000 0000000000000008
0x000000012a0ecd00:   d50031a6036ab0d4 00007fb78ab1cb00
0x000000012a0ecd10:   00007fb78b8e51f8 000000012a0ecd58 

Instructions: (pc=0x00000001290b70c7)
0x00000001290b70a7:   76 05 e8 82 4e 01 00 49 89 c6 8b 45 d0 eb 06 89
0x00000001290b70b7:   45 d0 49 ff c6 48 8b 8d 68 ff ff ff 48 8b 79 08
0x00000001290b70c7:   48 8b 0f 4c 8b 41 10 4c 89 75 c0 83 c0 f8 48 89
0x00000001290b70d7:   45 c8 48 8b 85 70 ff ff ff 48 8b 58 08 48 8b 40 

Register to memory mapping:

RAX=0x000000000000001d is an unknown value
RBX=0x0000000000000001 is an unknown value
RCX=0x00007fb788731000 is an unknown value
RDX=0x00007fb78a0549e9 is an unknown value
RSP=0x000000012a0ecb20 is pointing into the stack for thread: 0x00007fb78b8e5000
RBP=0x000000012a0ecbc0 is pointing into the stack for thread: 0x00007fb78b8e5000
RSI=0x000000000000001d is an unknown value
RDI=0x4000000000000000 is an unknown value
R8 =0x0000000000000031 is an unknown value
R9 =0x00000001290e6950: _ZTVN7leveldb6DBImplE+0x10 in /private/var/folders/fm/5c5lzyq932x281tnqhtw78300000gq/T/libleveldbjni-64-1-323828830203970553.8 at 0x00000001290a5000
R10=0x00000000000000ee is an unknown value
R11=0xffff80499f5d0149 is an unknown value
R12=0x00007fb78a054a50 is an unknown value
R13=0x000000012a0ecc00 is pointing into the stack for thread: 0x00007fb78b8e5000
R14=0x00007fb78a0549e9 is an unknown value
R15=0x00007fb78a12e3b8 is an unknown value


Stack: [0x0000000129fee000,0x000000012a0ee000],  sp=0x000000012a0ecb20,  free space=1018k
Native frames: (J=compiled Java code, j=interpreted, Vv=VM code, C=native code)
C  [libleveldbjni-64-1-323828830203970553.8+0x120c7]  _ZN7leveldb8MemTable3GetERKNS_9LookupKeyEPSsPNS_6StatusE+0xb7
C  [libleveldbjni-64-1-323828830203970553.8+0xa230]  _ZN7leveldb6DBImpl3GetERKNS_11ReadOptionsERKNS_5SliceEPSs+0x100
C  [libleveldbjni-64-1-323828830203970553.8+0x2d54]  Java_org_fusesource_leveldbjni_internal_NativeDB_00024DBJNI_Get+0x94
j  org.fusesource.leveldbjni.internal.NativeDB$DBJNI.Get(JLorg/fusesource/leveldbjni/internal/NativeReadOptions;Lorg/fusesource/leveldbjni/internal/NativeSlice;J)J+0
j  org.fusesource.leveldbjni.internal.NativeDB.get(Lorg/fusesource/leveldbjni/internal/NativeReadOptions;Lorg/fusesource/leveldbjni/internal/NativeSlice;)[B+22
j  org.fusesource.leveldbjni.internal.NativeDB.get(Lorg/fusesource/leveldbjni/internal/NativeReadOptions;Lorg/fusesource/leveldbjni/internal/NativeBuffer;)[B+10
j  org.fusesource.leveldbjni.internal.NativeDB.get(Lorg/fusesource/leveldbjni/internal/NativeReadOptions;[B)[B+20
j  org.fusesource.leveldbjni.internal.JniDB.get([BLorg/iq80/leveldb/ReadOptions;)[B+27
J 963 C1 org.fusesource.leveldbjni.internal.JniDB.get([B)[B (30 bytes) @ 0x000000010b2882cc [0x000000010b288120+0x1ac]
J 966 C1 org.kevoree.modeling.drivers.leveldb.LevelDbContentDeliveryDriver.get([Lorg/kevoree/modeling/api/data/cache/KContentKey;Lorg/kevoree/modeling/api/ThrowableCallback;)V (80 bytes) @ 0x000000010b28960c [0x000000010b2891e0+0x42c]
j  org.kevoree.modeling.databases.websocket.WebSocketWrapper.onFullTextMessage(Lio/undertow/websockets/core/WebSocketChannel;Lio/undertow/websockets/core/BufferedTextMessage;)V+91
j  io.undertow.websockets.core.AbstractReceiveListener$2.complete(Lio/undertow/websockets/core/WebSocketChannel;Lio/undertow/websockets/core/BufferedTextMessage;)V+9
j  io.undertow.websockets.core.AbstractReceiveListener$2.complete(Lio/undertow/websockets/core/WebSocketChannel;Ljava/lang/Object;)V+6
j  io.undertow.websockets.core.BufferedTextMessage.read(Lio/undertow/websockets/core/StreamSourceFrameChannel;Lio/undertow/websockets/core/WebSocketCallback;)V+71
j  io.undertow.websockets.core.AbstractReceiveListener.readBufferedText(Lio/undertow/websockets/core/StreamSourceFrameChannel;Lio/undertow/websockets/core/BufferedTextMessage;)V+11
j  io.undertow.websockets.core.AbstractReceiveListener.bufferFullMessage(Lio/undertow/websockets/core/StreamSourceFrameChannel;)V+24
j  io.undertow.websockets.core.AbstractReceiveListener.onText(Lio/undertow/websockets/core/WebSocketChannel;Lio/undertow/websockets/core/StreamSourceFrameChannel;)V+2
j  io.undertow.websockets.core.AbstractReceiveListener.handleEvent(Lio/undertow/websockets/core/WebSocketChannel;)V+45
j  io.undertow.websockets.core.AbstractReceiveListener.handleEvent(Ljava/nio/channels/Channel;)V+5
j  org.xnio.ChannelListeners.invokeChannelListener(Ljava/nio/channels/Channel;Lorg/xnio/ChannelListener;)Z+18
j  io.undertow.server.protocol.framed.AbstractFramedChannel$FrameReadListener.handleEvent(Lorg/xnio/channels/StreamSourceChannel;)V+70
j  io.undertow.server.protocol.framed.AbstractFramedChannel$FrameReadListener.handleEvent(Ljava/nio/channels/Channel;)V+5
j  org.xnio.ChannelListeners.invokeChannelListener(Ljava/nio/channels/Channel;Lorg/xnio/ChannelListener;)Z+18
j  org.xnio.conduits.ReadReadyHandler$ChannelListenerHandler.readReady()V+34
j  org.xnio.nio.NioSocketConduit.handleReady(I)V+51
j  org.xnio.nio.WorkerThread.run()V+762
v  ~StubRoutines::call_stub
V  [libjvm.dylib+0x2e036e]
V  [libjvm.dylib+0x2e0afc]
V  [libjvm.dylib+0x2e0ca8]
V  [libjvm.dylib+0x3331e9]
V  [libjvm.dylib+0x549acf]
V  [libjvm.dylib+0x54b1c0]
V  [libjvm.dylib+0x46ea8e]
C  [libsystem_pthread.dylib+0x3268]  _pthread_body+0x83
C  [libsystem_pthread.dylib+0x31e5]  _pthread_body+0x0
C  [libsystem_pthread.dylib+0x141d]  thread_start+0xd
C  0x0000000000000000

Java frames: (J=compiled Java code, j=interpreted, Vv=VM code)
j  org.fusesource.leveldbjni.internal.NativeDB$DBJNI.Get(JLorg/fusesource/leveldbjni/internal/NativeReadOptions;Lorg/fusesource/leveldbjni/internal/NativeSlice;J)J+0
j  org.fusesource.leveldbjni.internal.NativeDB.get(Lorg/fusesource/leveldbjni/internal/NativeReadOptions;Lorg/fusesource/leveldbjni/internal/NativeSlice;)[B+22
j  org.fusesource.leveldbjni.internal.NativeDB.get(Lorg/fusesource/leveldbjni/internal/NativeReadOptions;Lorg/fusesource/leveldbjni/internal/NativeBuffer;)[B+10
j  org.fusesource.leveldbjni.internal.NativeDB.get(Lorg/fusesource/leveldbjni/internal/NativeReadOptions;[B)[B+20
j  org.fusesource.leveldbjni.internal.JniDB.get([BLorg/iq80/leveldb/ReadOptions;)[B+27
J 963 C1 org.fusesource.leveldbjni.internal.JniDB.get([B)[B (30 bytes) @ 0x000000010b2882cc [0x000000010b288120+0x1ac]
J 966 C1 org.kevoree.modeling.drivers.leveldb.LevelDbContentDeliveryDriver.get([Lorg/kevoree/modeling/api/data/cache/KContentKey;Lorg/kevoree/modeling/api/ThrowableCallback;)V (80 bytes) @ 0x000000010b28960c [0x000000010b2891e0+0x42c]
j  org.kevoree.modeling.databases.websocket.WebSocketWrapper.onFullTextMessage(Lio/undertow/websockets/core/WebSocketChannel;Lio/undertow/websockets/core/BufferedTextMessage;)V+91
j  io.undertow.websockets.core.AbstractReceiveListener$2.complete(Lio/undertow/websockets/core/WebSocketChannel;Lio/undertow/websockets/core/BufferedTextMessage;)V+9
j  io.undertow.websockets.core.AbstractReceiveListener$2.complete(Lio/undertow/websockets/core/WebSocketChannel;Ljava/lang/Object;)V+6
j  io.undertow.websockets.core.BufferedTextMessage.read(Lio/undertow/websockets/core/StreamSourceFrameChannel;Lio/undertow/websockets/core/WebSocketCallback;)V+71
j  io.undertow.websockets.core.AbstractReceiveListener.readBufferedText(Lio/undertow/websockets/core/StreamSourceFrameChannel;Lio/undertow/websockets/core/BufferedTextMessage;)V+11
j  io.undertow.websockets.core.AbstractReceiveListener.bufferFullMessage(Lio/undertow/websockets/core/StreamSourceFrameChannel;)V+24
j  io.undertow.websockets.core.AbstractReceiveListener.onText(Lio/undertow/websockets/core/WebSocketChannel;Lio/undertow/websockets/core/StreamSourceFrameChannel;)V+2
j  io.undertow.websockets.core.AbstractReceiveListener.handleEvent(Lio/undertow/websockets/core/WebSocketChannel;)V+45
j  io.undertow.websockets.core.AbstractReceiveListener.handleEvent(Ljava/nio/channels/Channel;)V+5
j  org.xnio.ChannelListeners.invokeChannelListener(Ljava/nio/channels/Channel;Lorg/xnio/ChannelListener;)Z+18
j  io.undertow.server.protocol.framed.AbstractFramedChannel$FrameReadListener.handleEvent(Lorg/xnio/channels/StreamSourceChannel;)V+70
j  io.undertow.server.protocol.framed.AbstractFramedChannel$FrameReadListener.handleEvent(Ljava/nio/channels/Channel;)V+5
j  org.xnio.ChannelListeners.invokeChannelListener(Ljava/nio/channels/Channel;Lorg/xnio/ChannelListener;)Z+18
j  org.xnio.conduits.ReadReadyHandler$ChannelListenerHandler.readReady()V+34
j  org.xnio.nio.NioSocketConduit.handleReady(I)V+51
j  org.xnio.nio.WorkerThread.run()V+762
v  ~StubRoutines::call_stub

---------------  P R O C E S S  ---------------

Java Threads: ( => current thread )
  0x00007fb78a013000 JavaThread "SIGINT handler" daemon [_thread_blocked, id=14347, stack(0x0000000126b01000,0x0000000126c01000)]
=>0x00007fb78b8e5000 JavaThread "XNIO-1 I/O-1" [_thread_in_native, id=28931, stack(0x0000000129fee000,0x000000012a0ee000)]
  0x00007fb78893c800 JavaThread "pool-1-thread-8" [_thread_blocked, id=28419, stack(0x0000000129c3d000,0x0000000129d3d000)]
  0x00007fb78c850000 JavaThread "pool-1-thread-7" [_thread_blocked, id=27907, stack(0x0000000129b3a000,0x0000000129c3a000)]
  0x00007fb78c84f000 JavaThread "pool-1-thread-6" [_thread_blocked, id=27395, stack(0x0000000129a37000,0x0000000129b37000)]
  0x00007fb7888fd800 JavaThread "pool-1-thread-5" [_thread_blocked, id=26883, stack(0x0000000129934000,0x0000000129a34000)]
  0x00007fb78891b800 JavaThread "pool-1-thread-4" [_thread_blocked, id=26371, stack(0x0000000129831000,0x0000000129931000)]
  0x00007fb789860800 JavaThread "pool-1-thread-3" [_thread_blocked, id=25859, stack(0x000000012972e000,0x000000012982e000)]
  0x00007fb78b843800 JavaThread "DestroyJavaVM" [_thread_blocked, id=4867, stack(0x0000000108e1b000,0x0000000108f1b000)]
  0x00007fb78a110800 JavaThread "pool-1-thread-1" [_thread_blocked, id=25347, stack(0x000000012962b000,0x000000012972b000)]
  0x00007fb78c834800 JavaThread "pool-1-thread-2" [_thread_blocked, id=24835, stack(0x0000000129528000,0x0000000129628000)]
  0x00007fb78b065000 JavaThread "process reaper" daemon [_thread_blocked, id=22787, stack(0x000000012907b000,0x00000001290a3000)]
  0x00007fb78889e800 JavaThread "pool-2-thread-1" [_thread_blocked, id=22275, stack(0x0000000128e59000,0x0000000128f59000)]
  0x00007fb7888a2000 JavaThread "Monitor Ctrl-Break" daemon [_thread_in_native, id=21763, stack(0x0000000128ce7000,0x0000000128de7000)]
  0x00007fb78a012000 JavaThread "Service Thread" daemon [_thread_blocked, id=20739, stack(0x00000001288ec000,0x00000001289ec000)]
  0x00007fb78903e800 JavaThread "C1 CompilerThread3" daemon [_thread_blocked, id=20227, stack(0x00000001287e9000,0x00000001288e9000)]
  0x00007fb78b015800 JavaThread "C2 CompilerThread2" daemon [_thread_blocked, id=19715, stack(0x00000001286e6000,0x00000001287e6000)]
  0x00007fb789036000 JavaThread "C2 CompilerThread1" daemon [_thread_blocked, id=19203, stack(0x00000001285e3000,0x00000001286e3000)]
  0x00007fb789034800 JavaThread "C2 CompilerThread0" daemon [_thread_blocked, id=18691, stack(0x00000001284e0000,0x00000001285e0000)]
  0x00007fb78902e000 JavaThread "Signal Dispatcher" daemon [_thread_blocked, id=15379, stack(0x00000001283dd000,0x00000001284dd000)]
  0x00007fb789026800 JavaThread "Finalizer" daemon [_thread_blocked, id=13571, stack(0x00000001269c5000,0x0000000126ac5000)]
  0x00007fb78a00d800 JavaThread "Reference Handler" daemon [_thread_blocked, id=13059, stack(0x00000001268c2000,0x00000001269c2000)]

Other Threads:
  0x00007fb78b007000 VMThread [stack: 0x00000001267bf000,0x00000001268bf000] [id=12547]
  0x00007fb789030800 WatcherThread [stack: 0x00000001289ef000,0x0000000128aef000] [id=21251]

VM state:not at safepoint (normal execution)

VM Mutex/Monitor currently owned by a thread: None

Heap:
 PSYoungGen      total 141824K, used 125175K [0x000000076ab00000, 0x000000077b400000, 0x00000007c0000000)
  eden space 131072K, 93% used [0x000000076ab00000,0x000000077224cd40,0x0000000772b00000)
  from space 10752K, 28% used [0x0000000773580000,0x0000000773870f08,0x0000000774000000)
  to   space 10752K, 0% used [0x0000000772b00000,0x0000000772b00000,0x0000000773580000)
 ParOldGen       total 175104K, used 40K [0x00000006c0000000, 0x00000006cab00000, 0x000000076ab00000)
  object space 175104K, 0% used [0x00000006c0000000,0x00000006c000a000,0x00000006cab00000)
 Metaspace       used 11885K, capacity 12036K, committed 12288K, reserved 1060864K
  class space    used 1418K, capacity 1474K, committed 1536K, reserved 1048576K

Card table byte_map: [0x000000011a329000,0x000000011ab2a000] byte_map_base: 0x0000000116d29000

Marking Bits: (ParMarkBitMap*) 0x000000010a8c27a0
 Begin Bits: [0x000000011b898000, 0x000000011f898000)
 End Bits:   [0x000000011f898000, 0x0000000123898000)

Polling page: 0x0000000108f60000

CodeCache: size=245760Kb used=5300Kb max_used=5350Kb free=240459Kb
 bounds [0x000000010af69000, 0x000000010b4a9000, 0x0000000119f69000]
 total_blobs=1899 nmethods=1498 adapters=314
 compilation: enabled

Compilation events (10 events):
Event: 49.146 Thread 0x00007fb78903e800 1543       3       java.util.logging.LogManager::access$100 (4 bytes)
Event: 49.146 Thread 0x00007fb78903e800 nmethod 1543 0x000000010b498050 code [0x000000010b4981a0, 0x000000010b4982d0]
Event: 49.146 Thread 0x00007fb78903e800 1544       3       java.util.logging.LogManager$LoggerContext::requiresDefaultLoggers (29 bytes)
Event: 49.146 Thread 0x00007fb78903e800 nmethod 1544 0x000000010b49b810 code [0x000000010b49b9a0, 0x000000010b49bdc8]
Event: 49.147 Thread 0x00007fb78903e800 1545       3       java.lang.System$2::blockedOn (6 bytes)
Event: 49.148 Thread 0x00007fb78903e800 nmethod 1545 0x000000010b069bd0 code [0x000000010b069d40, 0x000000010b06a130]
Event: 49.148 Thread 0x00007fb78903e800 1546   !   3       java.lang.Thread::blockedOn (23 bytes)
Event: 49.148 Thread 0x00007fb78903e800 nmethod 1546 0x000000010b0878d0 code [0x000000010b087a40, 0x000000010b087d50]
Event: 49.148 Thread 0x00007fb78903e800 1547       3       java.nio.channels.spi.AbstractInterruptibleChannel::blockedOn (13 bytes)
Event: 49.148 Thread 0x00007fb78903e800 nmethod 1547 0x000000010b075110 code [0x000000010b0752a0, 0x000000010b0757b0]

GC Heap History (8 events):
Event: 0.691 GC heap before
{Heap before GC invocations=1 (full 0):
 PSYoungGen      total 76288K, used 65536K [0x000000076ab00000, 0x0000000770000000, 0x00000007c0000000)
  eden space 65536K, 100% used [0x000000076ab00000,0x000000076eb00000,0x000000076eb00000)
  from space 10752K, 0% used [0x000000076f580000,0x000000076f580000,0x0000000770000000)
  to   space 10752K, 0% used [0x000000076eb00000,0x000000076eb00000,0x000000076f580000)
 ParOldGen       total 175104K, used 0K [0x00000006c0000000, 0x00000006cab00000, 0x000000076ab00000)
  object space 175104K, 0% used [0x00000006c0000000,0x00000006c0000000,0x00000006cab00000)
 Metaspace       used 8764K, capacity 8994K, committed 9088K, reserved 1056768K
  class space    used 1036K, capacity 1121K, committed 1152K, reserved 1048576K
Event: 0.699 GC heap after
Heap after GC invocations=1 (full 0):
 PSYoungGen      total 76288K, used 5415K [0x000000076ab00000, 0x0000000774000000, 0x00000007c0000000)
  eden space 65536K, 0% used [0x000000076ab00000,0x000000076ab00000,0x000000076eb00000)
  from space 10752K, 50% used [0x000000076eb00000,0x000000076f049f88,0x000000076f580000)
  to   space 10752K, 0% used [0x0000000773580000,0x0000000773580000,0x0000000774000000)
 ParOldGen       total 175104K, used 16K [0x00000006c0000000, 0x00000006cab00000, 0x000000076ab00000)
  object space 175104K, 0% used [0x00000006c0000000,0x00000006c0004000,0x00000006cab00000)
 Metaspace       used 8764K, capacity 8994K, committed 9088K, reserved 1056768K
  class space    used 1036K, capacity 1121K, committed 1152K, reserved 1048576K
}
Event: 5.482 GC heap before
{Heap before GC invocations=2 (full 0):
 PSYoungGen      total 76288K, used 70951K [0x000000076ab00000, 0x0000000774000000, 0x00000007c0000000)
  eden space 65536K, 100% used [0x000000076ab00000,0x000000076eb00000,0x000000076eb00000)
  from space 10752K, 50% used [0x000000076eb00000,0x000000076f049f88,0x000000076f580000)
  to   space 10752K, 0% used [0x0000000773580000,0x0000000773580000,0x0000000774000000)
 ParOldGen       total 175104K, used 16K [0x00000006c0000000, 0x00000006cab00000, 0x000000076ab00000)
  object space 175104K, 0% used [0x00000006c0000000,0x00000006c0004000,0x00000006cab00000)
 Metaspace       used 11638K, capacity 11748K, committed 12032K, reserved 1060864K
  class space    used 1386K, capacity 1442K, committed 1536K, reserved 1048576K
Event: 5.487 GC heap after
Heap after GC invocations=2 (full 0):
 PSYoungGen      total 70144K, used 4186K [0x000000076ab00000, 0x0000000773a00000, 0x00000007c0000000)
  eden space 65536K, 0% used [0x000000076ab00000,0x000000076ab00000,0x000000076eb00000)
  from space 4608K, 90% used [0x0000000773580000,0x0000000773996868,0x0000000773a00000)
  to   space 10752K, 0% used [0x0000000772500000,0x0000000772500000,0x0000000772f80000)
 ParOldGen       total 175104K, used 24K [0x00000006c0000000, 0x00000006cab00000, 0x000000076ab00000)
  object space 175104K, 0% used [0x00000006c0000000,0x00000006c0006000,0x00000006cab00000)
 Metaspace       used 11638K, capacity 11748K, committed 12032K, reserved 1060864K
  class space    used 1386K, capacity 1442K, committed 1536K, reserved 1048576K
}
Event: 5.521 GC heap before
{Heap before GC invocations=3 (full 0):
 PSYoungGen      total 70144K, used 69713K [0x000000076ab00000, 0x0000000773a00000, 0x00000007c0000000)
  eden space 65536K, 99% used [0x000000076ab00000,0x000000076eafdbd8,0x000000076eb00000)
  from space 4608K, 90% used [0x0000000773580000,0x0000000773996868,0x0000000773a00000)
  to   space 10752K, 0% used [0x0000000772500000,0x0000000772500000,0x0000000772f80000)
 ParOldGen       total 175104K, used 24K [0x00000006c0000000, 0x00000006cab00000, 0x000000076ab00000)
  object space 175104K, 0% used [0x00000006c0000000,0x00000006c0006000,0x00000006cab00000)
 Metaspace       used 11703K, capacity 11876K, committed 12032K, reserved 1060864K
  class space    used 1396K, capacity 1442K, committed 1536K, reserved 1048576K
Event: 5.525 GC heap after
Heap after GC invocations=3 (full 0):
 PSYoungGen      total 135680K, used 3068K [0x000000076ab00000, 0x0000000774000000, 0x00000007c0000000)
  eden space 124928K, 0% used [0x000000076ab00000,0x000000076ab00000,0x0000000772500000)
  from space 10752K, 28% used [0x0000000772500000,0x00000007727ff350,0x0000000772f80000)
  to   space 10752K, 0% used [0x0000000773580000,0x0000000773580000,0x0000000774000000)
 ParOldGen       total 175104K, used 32K [0x00000006c0000000, 0x00000006cab00000, 0x000000076ab00000)
  object space 175104K, 0% used [0x00000006c0000000,0x00000006c0008000,0x00000006cab00000)
 Metaspace       used 11703K, capacity 11876K, committed 12032K, reserved 1060864K
  class space    used 1396K, capacity 1442K, committed 1536K, reserved 1048576K
}
Event: 5.607 GC heap before
{Heap before GC invocations=4 (full 0):
 PSYoungGen      total 135680K, used 127996K [0x000000076ab00000, 0x0000000774000000, 0x00000007c0000000)
  eden space 124928K, 100% used [0x000000076ab00000,0x0000000772500000,0x0000000772500000)
  from space 10752K, 28% used [0x0000000772500000,0x00000007727ff350,0x0000000772f80000)
  to   space 10752K, 0% used [0x0000000773580000,0x0000000773580000,0x0000000774000000)
 ParOldGen       total 175104K, used 32K [0x00000006c0000000, 0x00000006cab00000, 0x000000076ab00000)
  object space 175104K, 0% used [0x00000006c0000000,0x00000006c0008000,0x00000006cab00000)
 Metaspace       used 11824K, capacity 12036K, committed 12288K, reserved 1060864K
  class space    used 1414K, capacity 1474K, committed 1536K, reserved 1048576K
Event: 5.610 GC heap after
Heap after GC invocations=4 (full 0):
 PSYoungGen      total 141824K, used 3011K [0x000000076ab00000, 0x000000077b400000, 0x00000007c0000000)
  eden space 131072K, 0% used [0x000000076ab00000,0x000000076ab00000,0x0000000772b00000)
  from space 10752K, 28% used [0x0000000773580000,0x0000000773870f08,0x0000000774000000)
  to   space 10752K, 0% used [0x0000000772b00000,0x0000000772b00000,0x0000000773580000)
 ParOldGen       total 175104K, used 40K [0x00000006c0000000, 0x00000006cab00000, 0x000000076ab00000)
  object space 175104K, 0% used [0x00000006c0000000,0x00000006c000a000,0x00000006cab00000)
 Metaspace       used 11824K, capacity 12036K, committed 12288K, reserved 1060864K
  class space    used 1414K, capacity 1474K, committed 1536K, reserved 1048576K
}

Deoptimization events (10 events):
Event: 49.146 Thread 0x00007fb789117800 Uncommon trap: reason=unstable_if action=reinterpret pc=0x000000010b4900e4 method=java.util.concurrent.ThreadPoolExecutor.getTask()Ljava/lang/Runnable; @ 16
Event: 49.147 Thread 0x00007fb7888fd800 Uncommon trap: reason=class_check action=maybe_recompile pc=0x000000010b498874 method=org.kevoree.modeling.api.abs.AbstractMetaClass.metaByName(Ljava/lang/String;)Lorg/kevoree/modeling/api/meta/Meta; @ 8
Event: 49.147 Thread 0x00007fb78c850000 Uncommon trap: reason=class_check action=maybe_recompile pc=0x000000010b498874 method=org.kevoree.modeling.api.abs.AbstractMetaClass.metaByName(Ljava/lang/String;)Lorg/kevoree/modeling/api/meta/Meta; @ 8
Event: 49.147 Thread 0x00007fb7888fd800 Uncommon trap: reason=class_check action=maybe_recompile pc=0x000000010b498874 method=org.kevoree.modeling.api.abs.AbstractMetaClass.metaByName(Ljava/lang/String;)Lorg/kevoree/modeling/api/meta/Meta; @ 8
Event: 49.147 Thread 0x00007fb78a10e000 Uncommon trap: reason=class_check action=maybe_recompile pc=0x000000010b2aa290 method=org.kevoree.modeling.api.data.cache.HashMemoryCache.dirties()[Lorg/kevoree/modeling/api/data/cache/KCacheDirty; @ 277
Event: 49.147 Thread 0x00007fb78c850000 Uncommon trap: reason=class_check action=maybe_recompile pc=0x000000010b498874 method=org.kevoree.modeling.api.abs.AbstractMetaClass.metaByName(Ljava/lang/String;)Lorg/kevoree/modeling/api/meta/Meta; @ 8
Event: 49.147 Thread 0x00007fb78924a000 Uncommon trap: reason=unstable_if action=reinterpret pc=0x000000010b310f10 method=java.util.concurrent.ThreadPoolExecutor.runStateAtLeast(II)Z @ 2
Event: 49.147 Thread 0x00007fb78924a000 Uncommon trap: reason=unstable_if action=reinterpret pc=0x000000010b2cc350 method=java.util.concurrent.locks.ReentrantLock$Sync.nonfairTryAcquire(I)Z @ 34
Event: 49.147 Thread 0x00007fb78924a000 Uncommon trap: reason=unstable_if action=reinterpret pc=0x000000010b292364 method=java.util.concurrent.locks.ReentrantLock$Sync.tryRelease(I)Z @ 28
Event: 49.147 Thread 0x00007fb78924a000 Uncommon trap: reason=unstable_if action=reinterpret pc=0x000000010b2c7ba4 method=java.util.concurrent.locks.AbstractQueuedSynchronizer.release(I)Z @ 5

Internal exceptions (10 events):
Event: 0.746 Thread 0x00007fb78a10e000 Exception <a 'java/lang/ArrayIndexOutOfBoundsException': 71> (0x000000076ac7ded8) thrown at [/Users/java_re/workspace/8-2-build-macosx-x86_64/jdk8u40/3098/hotspot/src/share/vm/interpreter/interpreterRuntime.cpp, line 366]
Event: 0.747 Thread 0x00007fb78a10e000 Exception <a 'java/lang/ArrayIndexOutOfBoundsException'> (0x000000076ac7eba0) thrown at [/Users/java_re/workspace/8-2-build-macosx-x86_64/jdk8u40/3098/hotspot/src/share/vm/runtime/sharedRuntime.cpp, line 605]
Event: 0.748 Thread 0x00007fb78a10e000 Exception <a 'java/lang/ArrayIndexOutOfBoundsException'> (0x000000076ac7faa8) thrown at [/Users/java_re/workspace/8-2-build-macosx-x86_64/jdk8u40/3098/hotspot/src/share/vm/runtime/sharedRuntime.cpp, line 605]
Event: 0.749 Thread 0x00007fb78a10e000 Exception <a 'java/lang/ArrayIndexOutOfBoundsException'> (0x000000076ac81178) thrown at [/Users/java_re/workspace/8-2-build-macosx-x86_64/jdk8u40/3098/hotspot/src/share/vm/runtime/sharedRuntime.cpp, line 605]
Event: 0.761 Thread 0x00007fb78a10e000 Exception <a 'java/lang/ArrayIndexOutOfBoundsException'> (0x000000076aca8fd8) thrown at [/Users/java_re/workspace/8-2-build-macosx-x86_64/jdk8u40/3098/hotspot/src/share/vm/runtime/sharedRuntime.cpp, line 605]
Event: 0.761 Thread 0x00007fb78a10e000 Exception <a 'java/lang/ArrayIndexOutOfBoundsException'> (0x000000076acaa190) thrown at [/Users/java_re/workspace/8-2-build-macosx-x86_64/jdk8u40/3098/hotspot/src/share/vm/runtime/sharedRuntime.cpp, line 605]
Event: 0.762 Thread 0x00007fb78a10e000 Exception <a 'java/lang/ArrayIndexOutOfBoundsException'> (0x000000076acab678) thrown at [/Users/java_re/workspace/8-2-build-macosx-x86_64/jdk8u40/3098/hotspot/src/share/vm/runtime/sharedRuntime.cpp, line 605]
Event: 0.782 Thread 0x00007fb78a10e000 Exception <a 'java/lang/ArrayIndexOutOfBoundsException'> (0x000000076acd0ee8) thrown at [/Users/java_re/workspace/8-2-build-macosx-x86_64/jdk8u40/3098/hotspot/src/share/vm/runtime/sharedRuntime.cpp, line 605]
Event: 0.793 Thread 0x00007fb78a10e000 Exception <a 'java/lang/ArrayIndexOutOfBoundsException'> (0x000000076ace0568) thrown at [/Users/java_re/workspace/8-2-build-macosx-x86_64/jdk8u40/3098/hotspot/src/share/vm/runtime/sharedRuntime.cpp, line 605]
Event: 5.390 Thread 0x00007fb789117800 Implicit null exception at 0x000000010b221763 to 0x000000010b2217d9

Events (10 events):
Event: 49.147 Thread 0x00007fb78924a000 DEOPT PACKING pc=0x000000010b2c7ba4 sp=0x000000012b0696f0
Event: 49.147 Thread 0x00007fb78924a000 DEOPT UNPACKING pc=0x000000010af6e229 sp=0x000000012b0696b0 mode 2
Event: 49.147 loading class org/kevoree/modeling/databases/websocket/WebSocketWrapper$1
Event: 49.147 loading class org/kevoree/modeling/databases/websocket/WebSocketWrapper$1 done
Event: 49.148 Thread 0x00007fb78903e800 flushing nmethod 0x000000010b0a4210
Event: 49.148 Thread 0x00007fb78903e800 flushing nmethod 0x000000010b0a7750
Event: 49.148 Thread 0x00007fb78903e800 flushing nmethod 0x000000010b0a7d90
Event: 49.148 Thread 0x00007fb78903e800 flushing nmethod 0x000000010b0b3ed0
Event: 49.148 Thread 0x00007fb78903e800 flushing nmethod 0x000000010b0bfb50
Event: 49.148 Thread 0x00007fb78903e800 flushing nmethod 0x000000010b112f50


Dynamic libraries:
0x00000000047a3000 	/System/Library/Frameworks/Cocoa.framework/Versions/A/Cocoa
0x00000000047a3000 	/System/Library/Frameworks/Security.framework/Versions/A/Security
0x00000000047a3000 	/System/Library/Frameworks/ApplicationServices.framework/Versions/A/ApplicationServices
0x00000000047a3000 	/usr/lib/libz.1.dylib
0x00000000047a3000 	/usr/lib/libSystem.B.dylib
0x00000000047a3000 	/usr/lib/libobjc.A.dylib
0x00000000047a3000 	/System/Library/Frameworks/CoreFoundation.framework/Versions/A/CoreFoundation
0x00000000047a3000 	/System/Library/Frameworks/Foundation.framework/Versions/C/Foundation
0x00000000047a3000 	/System/Library/Frameworks/AppKit.framework/Versions/C/AppKit
0x00000000047a3000 	/System/Library/Frameworks/CoreData.framework/Versions/A/CoreData
0x00000000047a3000 	/System/Library/PrivateFrameworks/RemoteViewServices.framework/Versions/A/RemoteViewServices
0x00000000047a3000 	/System/Library/PrivateFrameworks/UIFoundation.framework/Versions/A/UIFoundation
0x00000000047a3000 	/System/Library/Frameworks/IOSurface.framework/Versions/A/IOSurface
0x00000000047a3000 	/System/Library/Frameworks/AudioToolbox.framework/Versions/A/AudioToolbox
0x00000000047a3000 	/System/Library/Frameworks/AudioUnit.framework/Versions/A/AudioUnit
0x00000000047a3000 	/System/Library/PrivateFrameworks/DataDetectorsCore.framework/Versions/A/DataDetectorsCore
0x00000000047a3000 	/System/Library/PrivateFrameworks/DesktopServicesPriv.framework/Versions/A/DesktopServicesPriv
0x00000000047a3000 	/System/Library/Frameworks/Carbon.framework/Versions/A/Frameworks/HIToolbox.framework/Versions/A/HIToolbox
0x00000000047a3000 	/System/Library/Frameworks/QuartzCore.framework/Versions/A/QuartzCore
0x00000000047a3000 	/System/Library/Frameworks/Carbon.framework/Versions/A/Frameworks/SpeechRecognition.framework/Versions/A/SpeechRecognition
0x00000000047a3000 	/usr/lib/libauto.dylib
0x00000000047a3000 	/usr/lib/libicucore.A.dylib
0x00000000047a3000 	/usr/lib/libxml2.2.dylib
0x00000000047a3000 	/System/Library/PrivateFrameworks/CoreUI.framework/Versions/A/CoreUI
0x00000000047a3000 	/System/Library/Frameworks/CoreAudio.framework/Versions/A/CoreAudio
0x00000000047a3000 	/System/Library/Frameworks/DiskArbitration.framework/Versions/A/DiskArbitration
0x00000000047a3000 	/usr/lib/liblangid.dylib
0x00000000047a3000 	/System/Library/PrivateFrameworks/MultitouchSupport.framework/Versions/A/MultitouchSupport
0x00000000047a3000 	/System/Library/Frameworks/IOKit.framework/Versions/A/IOKit
0x00000000047a3000 	/usr/lib/libDiagnosticMessagesClient.dylib
0x00000000047a3000 	/System/Library/Frameworks/CoreServices.framework/Versions/A/CoreServices
0x00000000047a3000 	/System/Library/PrivateFrameworks/PerformanceAnalysis.framework/Versions/A/PerformanceAnalysis
0x00000000047a3000 	/System/Library/PrivateFrameworks/GenerationalStorage.framework/Versions/A/GenerationalStorage
0x00000000047a3000 	/System/Library/Frameworks/OpenGL.framework/Versions/A/OpenGL
0x00000000047a3000 	/System/Library/PrivateFrameworks/Sharing.framework/Versions/A/Sharing
0x00000000047a3000 	/System/Library/Frameworks/CoreGraphics.framework/Versions/A/CoreGraphics
0x00000000047a3000 	/System/Library/Frameworks/CoreText.framework/Versions/A/CoreText
0x00000000047a3000 	/System/Library/Frameworks/ImageIO.framework/Versions/A/ImageIO
0x00000000047a3000 	/usr/lib/libextension.dylib
0x00000000047a3000 	/System/Library/PrivateFrameworks/Backup.framework/Versions/A/Backup
0x00000000047a3000 	/usr/lib/libarchive.2.dylib
0x00000000047a3000 	/System/Library/Frameworks/CFNetwork.framework/Versions/A/CFNetwork
0x00000000047a3000 	/System/Library/Frameworks/SystemConfiguration.framework/Versions/A/SystemConfiguration
0x00000000047a3000 	/usr/lib/libCRFSuite.dylib
0x00000000047a3000 	/usr/lib/libc++.1.dylib
0x00000000047a3000 	/usr/lib/libc++abi.dylib
0x00000000047a3000 	/usr/lib/system/libcache.dylib
0x00000000047a3000 	/usr/lib/system/libcommonCrypto.dylib
0x00000000047a3000 	/usr/lib/system/libcompiler_rt.dylib
0x00000000047a3000 	/usr/lib/system/libcopyfile.dylib
0x00000000047a3000 	/usr/lib/system/libcorecrypto.dylib
0x00000000047a3000 	/usr/lib/system/libdispatch.dylib
0x00000000047a3000 	/usr/lib/system/libdyld.dylib
0x00000000047a3000 	/usr/lib/system/libkeymgr.dylib
0x00000000047a3000 	/usr/lib/system/liblaunch.dylib
0x00000000047a3000 	/usr/lib/system/libmacho.dylib
0x00000000047a3000 	/usr/lib/system/libquarantine.dylib
0x00000000047a3000 	/usr/lib/system/libremovefile.dylib
0x00000000047a3000 	/usr/lib/system/libsystem_asl.dylib
0x00000000047a3000 	/usr/lib/system/libsystem_blocks.dylib
0x00000000047a3000 	/usr/lib/system/libsystem_c.dylib
0x00000000047a3000 	/usr/lib/system/libsystem_configuration.dylib
0x00000000047a3000 	/usr/lib/system/libsystem_coreservices.dylib
0x00000000047a3000 	/usr/lib/system/libsystem_coretls.dylib
0x00000000047a3000 	/usr/lib/system/libsystem_dnssd.dylib
0x00000000047a3000 	/usr/lib/system/libsystem_info.dylib
0x00000000047a3000 	/usr/lib/system/libsystem_kernel.dylib
0x00000000047a3000 	/usr/lib/system/libsystem_m.dylib
0x00000000047a3000 	/usr/lib/system/libsystem_malloc.dylib
0x00000000047a3000 	/usr/lib/system/libsystem_network.dylib
0x00000000047a3000 	/usr/lib/system/libsystem_networkextension.dylib
0x00000000047a3000 	/usr/lib/system/libsystem_notify.dylib
0x00000000047a3000 	/usr/lib/system/libsystem_platform.dylib
0x00000000047a3000 	/usr/lib/system/libsystem_pthread.dylib
0x00000000047a3000 	/usr/lib/system/libsystem_sandbox.dylib
0x00000000047a3000 	/usr/lib/system/libsystem_secinit.dylib
0x00000000047a3000 	/usr/lib/system/libsystem_stats.dylib
0x00000000047a3000 	/usr/lib/system/libsystem_trace.dylib
0x00000000047a3000 	/usr/lib/system/libunc.dylib
0x00000000047a3000 	/usr/lib/system/libunwind.dylib
0x00000000047a3000 	/usr/lib/system/libxpc.dylib
0x00000000047a3000 	/usr/lib/libbz2.1.0.dylib
0x00000000047a3000 	/usr/lib/liblzma.5.dylib
0x00000000047a3000 	/usr/lib/libbsm.0.dylib
0x00000000047a3000 	/usr/lib/libsqlite3.dylib
0x00000000047a3000 	/usr/lib/system/libkxld.dylib
0x00000000047a3000 	/usr/lib/libxar.1.dylib
0x00000000047a3000 	/usr/lib/libpam.2.dylib
0x00000000047a3000 	/usr/lib/libOpenScriptingUtil.dylib
0x00000000047a3000 	/System/Library/Frameworks/CoreServices.framework/Versions/A/Frameworks/FSEvents.framework/Versions/A/FSEvents
0x00000000047a3000 	/System/Library/Frameworks/CoreServices.framework/Versions/A/Frameworks/CarbonCore.framework/Versions/A/CarbonCore
0x00000000047a3000 	/System/Library/Frameworks/CoreServices.framework/Versions/A/Frameworks/Metadata.framework/Versions/A/Metadata
0x00000000047a3000 	/System/Library/Frameworks/CoreServices.framework/Versions/A/Frameworks/OSServices.framework/Versions/A/OSServices
0x00000000047a3000 	/System/Library/Frameworks/CoreServices.framework/Versions/A/Frameworks/SearchKit.framework/Versions/A/SearchKit
0x00000000047a3000 	/System/Library/Frameworks/CoreServices.framework/Versions/A/Frameworks/AE.framework/Versions/A/AE
0x00000000047a3000 	/System/Library/Frameworks/CoreServices.framework/Versions/A/Frameworks/LaunchServices.framework/Versions/A/LaunchServices
0x00000000047a3000 	/System/Library/Frameworks/CoreServices.framework/Versions/A/Frameworks/DictionaryServices.framework/Versions/A/DictionaryServices
0x00000000047a3000 	/System/Library/Frameworks/NetFS.framework/Versions/A/NetFS
0x00000000047a3000 	/System/Library/PrivateFrameworks/NetAuth.framework/Versions/A/NetAuth
0x00000000047a3000 	/System/Library/PrivateFrameworks/login.framework/Versions/A/Frameworks/loginsupport.framework/Versions/A/loginsupport
0x00000000047a3000 	/System/Library/PrivateFrameworks/TCC.framework/Versions/A/TCC
0x00000000047a3000 	/usr/lib/libmecabra.dylib
0x00000000047a3000 	/System/Library/Frameworks/ApplicationServices.framework/Versions/A/Frameworks/ATS.framework/Versions/A/ATS
0x00000000047a3000 	/System/Library/Frameworks/ApplicationServices.framework/Versions/A/Frameworks/ColorSync.framework/Versions/A/ColorSync
0x00000000047a3000 	/System/Library/Frameworks/ApplicationServices.framework/Versions/A/Frameworks/HIServices.framework/Versions/A/HIServices
0x00000000047a3000 	/System/Library/Frameworks/ApplicationServices.framework/Versions/A/Frameworks/LangAnalysis.framework/Versions/A/LangAnalysis
0x00000000047a3000 	/System/Library/Frameworks/ApplicationServices.framework/Versions/A/Frameworks/PrintCore.framework/Versions/A/PrintCore
0x00000000047a3000 	/System/Library/Frameworks/ApplicationServices.framework/Versions/A/Frameworks/QD.framework/Versions/A/QD
0x00000000047a3000 	/System/Library/Frameworks/ApplicationServices.framework/Versions/A/Frameworks/SpeechSynthesis.framework/Versions/A/SpeechSynthesis
0x00000000047a3000 	/System/Library/Frameworks/Accelerate.framework/Versions/A/Accelerate
0x00000000047a3000 	/System/Library/Frameworks/Accelerate.framework/Versions/A/Frameworks/vImage.framework/Versions/A/vImage
0x00000000047a3000 	/System/Library/Frameworks/Accelerate.framework/Versions/A/Frameworks/vecLib.framework/Versions/A/vecLib
0x00000000047a3000 	/System/Library/Frameworks/Accelerate.framework/Versions/A/Frameworks/vecLib.framework/Versions/A/libvDSP.dylib
0x00000000047a3000 	/System/Library/Frameworks/Accelerate.framework/Versions/A/Frameworks/vecLib.framework/Versions/A/libvMisc.dylib
0x00000000047a3000 	/System/Library/Frameworks/Accelerate.framework/Versions/A/Frameworks/vecLib.framework/Versions/A/libLAPACK.dylib
0x00000000047a3000 	/System/Library/Frameworks/Accelerate.framework/Versions/A/Frameworks/vecLib.framework/Versions/A/libBLAS.dylib
0x00000000047a3000 	/System/Library/Frameworks/Accelerate.framework/Versions/A/Frameworks/vecLib.framework/Versions/A/libLinearAlgebra.dylib
0x00000000047a3000 	/System/Library/Frameworks/ApplicationServices.framework/Versions/A/Frameworks/ATS.framework/Versions/A/Resources/libFontParser.dylib
0x00000000047a3000 	/System/Library/Frameworks/ApplicationServices.framework/Versions/A/Frameworks/ATS.framework/Versions/A/Resources/libFontRegistry.dylib
0x00000000047a3000 	/System/Library/PrivateFrameworks/AppleVPA.framework/Versions/A/AppleVPA
0x00000000047a3000 	/System/Library/PrivateFrameworks/AppleJPEG.framework/Versions/A/AppleJPEG
0x00000000047a3000 	/System/Library/Frameworks/ImageIO.framework/Versions/A/Resources/libJPEG.dylib
0x00000000047a3000 	/System/Library/Frameworks/ImageIO.framework/Versions/A/Resources/libTIFF.dylib
0x00000000047a3000 	/System/Library/Frameworks/ImageIO.framework/Versions/A/Resources/libPng.dylib
0x00000000047a3000 	/System/Library/Frameworks/ImageIO.framework/Versions/A/Resources/libGIF.dylib
0x00000000047a3000 	/System/Library/Frameworks/ImageIO.framework/Versions/A/Resources/libJP2.dylib
0x00000000047a3000 	/System/Library/Frameworks/ImageIO.framework/Versions/A/Resources/libRadiance.dylib
0x00000000047a3000 	/System/Library/Frameworks/CoreVideo.framework/Versions/A/CoreVideo
0x00000000047a3000 	/System/Library/Frameworks/OpenGL.framework/Versions/A/Libraries/libGLU.dylib
0x00000000047a3000 	/System/Library/Frameworks/OpenGL.framework/Versions/A/Libraries/libGFXShared.dylib
0x00000000047a3000 	/System/Library/Frameworks/OpenGL.framework/Versions/A/Libraries/libGL.dylib
0x00000000047a3000 	/System/Library/Frameworks/OpenGL.framework/Versions/A/Libraries/libGLImage.dylib
0x00000000047a3000 	/System/Library/Frameworks/OpenGL.framework/Versions/A/Libraries/libCVMSPluginSupport.dylib
0x00000000047a3000 	/System/Library/Frameworks/OpenGL.framework/Versions/A/Libraries/libCoreVMClient.dylib
0x00000000047a3000 	/usr/lib/libcups.2.dylib
0x00000000047a3000 	/System/Library/Frameworks/Kerberos.framework/Versions/A/Kerberos
0x00000000047a3000 	/System/Library/Frameworks/GSS.framework/Versions/A/GSS
0x00000000047a3000 	/usr/lib/libresolv.9.dylib
0x00000000047a3000 	/usr/lib/libiconv.2.dylib
0x00000000047a3000 	/System/Library/PrivateFrameworks/Heimdal.framework/Versions/A/Heimdal
0x00000000047a3000 	/usr/lib/libheimdal-asn1.dylib
0x00000000047a3000 	/System/Library/Frameworks/OpenDirectory.framework/Versions/A/OpenDirectory
0x00000000047a3000 	/System/Library/PrivateFrameworks/CommonAuth.framework/Versions/A/CommonAuth
0x00000000047a3000 	/System/Library/Frameworks/OpenDirectory.framework/Versions/A/Frameworks/CFOpenDirectory.framework/Versions/A/CFOpenDirectory
0x00000000047a3000 	/System/Library/Frameworks/SecurityFoundation.framework/Versions/A/SecurityFoundation
0x00000000047a3000 	/System/Library/PrivateFrameworks/LanguageModeling.framework/Versions/A/LanguageModeling
0x00000000047a3000 	/usr/lib/libcmph.dylib
0x00000000047a3000 	/System/Library/Frameworks/ServiceManagement.framework/Versions/A/ServiceManagement
0x00000000047a3000 	/usr/lib/libxslt.1.dylib
0x00000000047a3000 	/System/Library/Frameworks/Carbon.framework/Versions/A/Frameworks/Ink.framework/Versions/A/Ink
0x00000000047a3000 	/System/Library/Frameworks/QuartzCore.framework/Versions/A/Frameworks/CoreImage.framework/Versions/A/CoreImage
0x00000000047a3000 	/System/Library/PrivateFrameworks/CrashReporterSupport.framework/Versions/A/CrashReporterSupport
0x00000000047a3000 	/System/Library/Frameworks/OpenCL.framework/Versions/A/OpenCL
0x00000000047a3000 	/System/Library/PrivateFrameworks/FaceCore.framework/Versions/A/FaceCore
0x00000000047a3000 	/System/Library/PrivateFrameworks/Ubiquity.framework/Versions/A/Ubiquity
0x00000000047a3000 	/System/Library/PrivateFrameworks/IconServices.framework/Versions/A/IconServices
0x00000000047a3000 	/System/Library/PrivateFrameworks/ChunkingLibrary.framework/Versions/A/ChunkingLibrary
0x00000000047a3000 	/System/Library/PrivateFrameworks/Apple80211.framework/Versions/A/Apple80211
0x00000000047a3000 	/System/Library/Frameworks/CoreWLAN.framework/Versions/A/CoreWLAN
0x00000000047a3000 	/System/Library/Frameworks/IOBluetooth.framework/Versions/A/IOBluetooth
0x00000000047a3000 	/System/Library/PrivateFrameworks/CoreWiFi.framework/Versions/A/CoreWiFi
0x00000000047a3000 	/System/Library/Frameworks/CoreBluetooth.framework/Versions/A/CoreBluetooth
0x00000000047a3000 	/System/Library/PrivateFrameworks/DebugSymbols.framework/Versions/A/DebugSymbols
0x00000000047a3000 	/System/Library/PrivateFrameworks/CoreSymbolication.framework/Versions/A/CoreSymbolication
0x00000000047a3000 	/System/Library/PrivateFrameworks/Symbolication.framework/Versions/A/Symbolication
0x00000000047a3000 	/System/Library/PrivateFrameworks/SpeechRecognitionCore.framework/Versions/A/SpeechRecognitionCore
0x000000010a000000 	/Library/Java/JavaVirtualMachines/jdk1.8.0_40.jdk/Contents/Home/jre/lib/server/libjvm.dylib
0x00000000047a3000 	/usr/lib/libstdc++.6.dylib
0x0000000108f1d000 	/Library/Java/JavaVirtualMachines/jdk1.8.0_40.jdk/Contents/Home/jre/lib/libverify.dylib
0x0000000108f2b000 	/Library/Java/JavaVirtualMachines/jdk1.8.0_40.jdk/Contents/Home/jre/lib/libjava.dylib
0x0000000108f6a000 	/Library/Java/JavaVirtualMachines/jdk1.8.0_40.jdk/Contents/Home/jre/lib/libzip.dylib
0x0000000126ac7000 	/System/Library/Frameworks/JavaVM.framework/Frameworks/JavaRuntimeSupport.framework/JavaRuntimeSupport
0x0000000126adf000 	/System/Library/Frameworks/JavaVM.framework/Versions/A/Frameworks/JavaNativeFoundation.framework/Versions/A/JavaNativeFoundation
0x0000000108fec000 	/System/Library/Frameworks/JavaVM.framework/Versions/A/JavaVM
0x00000000047a3000 	/System/Library/Frameworks/Carbon.framework/Versions/A/Carbon
0x0000000126af4000 	/System/Library/PrivateFrameworks/JavaLaunching.framework/Versions/A/JavaLaunching
0x00000000047a3000 	/System/Library/Frameworks/Carbon.framework/Versions/A/Frameworks/CommonPanels.framework/Versions/A/CommonPanels
0x00000000047a3000 	/System/Library/Frameworks/Carbon.framework/Versions/A/Frameworks/Help.framework/Versions/A/Help
0x00000000047a3000 	/System/Library/Frameworks/Carbon.framework/Versions/A/Frameworks/ImageCapture.framework/Versions/A/ImageCapture
0x00000000047a3000 	/System/Library/Frameworks/Carbon.framework/Versions/A/Frameworks/OpenScripting.framework/Versions/A/OpenScripting
0x00000000047a3000 	/System/Library/Frameworks/Carbon.framework/Versions/A/Frameworks/Print.framework/Versions/A/Print
0x00000000047a3000 	/System/Library/Frameworks/Carbon.framework/Versions/A/Frameworks/SecurityHI.framework/Versions/A/SecurityHI
0x0000000128ce3000 	/Applications/IntelliJ IDEA 14.app/Contents/bin/libbreakgen64.jnilib
0x0000000128de9000 	/Library/Java/JavaVirtualMachines/jdk1.8.0_40.jdk/Contents/Home/jre/lib/libnet.dylib
0x0000000128e48000 	/Library/Java/JavaVirtualMachines/jdk1.8.0_40.jdk/Contents/Home/jre/lib/libnio.dylib
0x00000001290a5000 	/private/var/folders/fm/5c5lzyq932x281tnqhtw78300000gq/T/libleveldbjni-64-1-323828830203970553.8
0x000000012916a000 	/Library/Java/JavaVirtualMachines/jdk1.8.0_40.jdk/Contents/Home/jre/lib/libmanagement.dylib

VM Arguments:
jvm_args: -Didea.launcher.port=7539 -Didea.launcher.bin.path=/Applications/IntelliJ IDEA 14.app/Contents/bin -Dfile.encoding=UTF-8 
java_command: com.intellij.rt.execution.application.AppMain org.kubi.runner.KubiRunner
java_class_path (initial): /Library/Java/JavaVirtualMachines/jdk1.8.0_40.jdk/Contents/Home/lib/ant-javafx.jar:/Library/Java/JavaVirtualMachines/jdk1.8.0_40.jdk/Contents/Home/lib/dt.jar:/Library/Java/JavaVirtualMachines/jdk1.8.0_40.jdk/Contents/Home/lib/javafx-mx.jar:/Library/Java/JavaVirtualMachines/jdk1.8.0_40.jdk/Contents/Home/lib/jconsole.jar:/Library/Java/JavaVirtualMachines/jdk1.8.0_40.jdk/Contents/Home/lib/packager.jar:/Library/Java/JavaVirtualMachines/jdk1.8.0_40.jdk/Contents/Home/lib/sa-jdi.jar:/Library/Java/JavaVirtualMachines/jdk1.8.0_40.jdk/Contents/Home/lib/tools.jar:/Library/Java/JavaVirtualMachines/jdk1.8.0_40.jdk/Contents/Home/jre/lib/charsets.jar:/Library/Java/JavaVirtualMachines/jdk1.8.0_40.jdk/Contents/Home/jre/lib/deploy.jar:/Library/Java/JavaVirtualMachines/jdk1.8.0_40.jdk/Contents/Home/jre/lib/javaws.jar:/Library/Java/JavaVirtualMachines/jdk1.8.0_40.jdk/Contents/Home/jre/lib/jce.jar:/Library/Java/JavaVirtualMachines/jdk1.8.0_40.jdk/Contents/Home/jre/lib/jfr.jar:/Library/Java/JavaVirtualMachines/jdk1.8.0_40.jdk/Contents/Home/jre/lib/jfxswt.jar:/Library/Java/JavaVirtualMachines/jdk1.8.0_40.jdk/Contents/Home/jre/lib/jsse.jar:/Library/Java/JavaVirtualMachines/jdk1.8.0_40.jdk/Contents/Home/jre/lib/management-agent.jar:/Library/Java/JavaVirtualMachines/jdk1.8.0_40.jdk/Contents/Home/jre/lib/plugin.jar:/Library/Java/JavaVirtualMachines/jdk1.8.0_40.jdk/Contents/Home/jre/lib/resources.jar:/Library/Java/JavaVirtualMachines/jdk1.8.0_40.jdk/Contents/Home/jre/lib/rt.jar:/Library/Java/JavaVirtualMachines/jdk1.8.0_40.jdk/Contents/Home/jre/lib/ext/cldrdata.jar:/Library/Java/JavaVirtualMachines/jdk1.8.0_40.jdk/Contents/Home/jre/lib/ext/dnsns.jar:/Library/Java/JavaVirtualMachines/jdk1.8.0_40.jdk/Contents/Home/jre/lib/ext/jfxrt.jar:/Library/Java/JavaVirtualMachines/jdk1.8.0_40.jdk/Contents/Home/jre/lib/ext/localedata.jar:/Library/Java/JavaVirtualMachines/jdk1.8.0_40.jdk/Contents/Home/jre/lib/ext/nashorn.jar:/Library/Java/JavaVirtualMachines/jdk1.8.0_40.jdk/Conten
Launcher Type: SUN_STANDARD

Environment Variables:
PATH=/usr/local/bin:/usr/bin:/bin:/usr/sbin:/sbin:/usr/local/git/bin:/usr/texbin
SHELL=/bin/bash

Signal Handlers:
SIGSEGV: [libjvm.dylib+0x58ef95], sa_mask[0]=11111111011111110111111111111111, sa_flags=SA_ONSTACK|SA_RESTART|SA_SIGINFO
SIGBUS: [libjvm.dylib+0x58ef95], sa_mask[0]=11111111011111110111111111111111, sa_flags=SA_RESTART|SA_SIGINFO
SIGFPE: [libjvm.dylib+0x46c118], sa_mask[0]=11111111011111110111111111111111, sa_flags=SA_RESTART|SA_SIGINFO
SIGPIPE: [libjvm.dylib+0x46c118], sa_mask[0]=11111111011111110111111111111111, sa_flags=SA_RESTART|SA_SIGINFO
SIGXFSZ: [libjvm.dylib+0x46c118], sa_mask[0]=11111111011111110111111111111111, sa_flags=SA_RESTART|SA_SIGINFO
SIGILL: [libjvm.dylib+0x46c118], sa_mask[0]=11111111011111110111111111111111, sa_flags=SA_RESTART|SA_SIGINFO
SIGUSR1: SIG_DFL, sa_mask[0]=00000000000000000000000000000000, sa_flags=none
SIGUSR2: [libjvm.dylib+0x46bc36], sa_mask[0]=00100000000000000000000000000000, sa_flags=SA_RESTART|SA_SIGINFO
SIGHUP: [libjvm.dylib+0x46a209], sa_mask[0]=11111111011111110111111111111111, sa_flags=SA_RESTART|SA_SIGINFO
SIGINT: [libjvm.dylib+0x46a209], sa_mask[0]=11111111011111110111111111111111, sa_flags=SA_RESTART|SA_SIGINFO
SIGTERM: [libjvm.dylib+0x46a209], sa_mask[0]=11111111011111110111111111111111, sa_flags=SA_RESTART|SA_SIGINFO
SIGQUIT: [libjvm.dylib+0x46a209], sa_mask[0]=11111111011111110111111111111111, sa_flags=SA_RESTART|SA_SIGINFO


---------------  S Y S T E M  ---------------

OS:Bsduname:Darwin 14.3.0 Darwin Kernel Version 14.3.0: Mon Mar 23 11:59:05 PDT 2015; root:xnu-2782.20.48~5/RELEASE_X86_64 x86_64
rlimit: STACK 8192k, CORE 0k, NPROC 709, NOFILE 10240, AS infinity
load average:3.32 2.98 2.52

CPU:total 8 (4 cores per cpu, 2 threads per core) family 6 model 58 stepping 9, cmov, cx8, fxsr, mmx, sse, sse2, sse3, ssse3, sse4.1, sse4.2, popcnt, avx, aes, clmul, erms, ht, tsc, tscinvbit, tscinv

Memory: 4k page, physical 16777216k(1420548k free)

/proc/meminfo:


vm_info: Java HotSpot(TM) 64-Bit Server VM (25.40-b25) for bsd-amd64 JRE (1.8.0_40-b26), built on Mar  7 2015 13:53:55 by "java_re" with gcc 4.2.1 (Based on Apple Inc. build 5658) (LLVM build 2336.11.00)

time: Wed Jun 24 16:01:56 2015
elapsed time: 49 seconds (0d 0h 0m 49s)

