#
# A fatal error has been detected by the Java Runtime Environment:
#
#  SIGSEGV (0xb) at pc=0x000000012b9e50c7, pid=55004, tid=28931
#
# JRE version: Java(TM) SE Runtime Environment (8.0_40-b26) (build 1.8.0_40-b26)
# Java VM: Java HotSpot(TM) 64-Bit Server VM (25.40-b25 mixed mode bsd-amd64 compressed oops)
# Problematic frame:
# C  [libleveldbjni-64-1-459525653601741007.8+0x120c7]  leveldb::MemTable::Get(leveldb::LookupKey const&, std::string*, leveldb::Status*)+0xb7
#
# Failed to write core dump. Core dumps have been disabled. To enable core dumping, try "ulimit -c unlimited" before starting Java again
#
# If you would like to submit a bug report, please visit:
#   http://bugreport.java.com/bugreport/crash.jsp
# The crash happened outside the Java Virtual Machine in native code.
# See problematic frame for where to report the bug.
#

---------------  T H R E A D  ---------------

Current thread (0x00007fba7e92f800):  JavaThread "XNIO-1 I/O-1" [_thread_in_native, id=28931, stack(0x000000012cf50000,0x000000012d050000)]

siginfo: si_signo: 11 (SIGSEGV), si_code: 0 (unknown), si_addr: 0x0000000000000000

Registers:
RAX=0x000000000000001d, RBX=0x0000000000000001, RCX=0x00007fba7a458b70, RDX=0x00007fba7a8c8e71
RSP=0x000000012d04ebc0, RBP=0x000000012d04ec60, RSI=0x000000000000001d, RDI=0xc000000000000000
R8 =0x0000000000000031, R9 =0x0000000000000020, R10=0x00000000000000f2, R11=0xffff8046b2924899
R12=0x00007fba7a8c8ed8, R13=0x000000012d04ec00, R14=0x00007fba7a8c8e71, R15=0x00007fba7a9c93b8
RIP=0x000000012b9e50c7, EFLAGS=0x0000000000010206, ERR=0x0000000000000000
  TRAPNO=0x000000000000000d

Top of Stack: (sp=0x000000012d04ebc0)
0x000000012d04ebc0:   ffffffffffffffff 00007fba7a458b70
0x000000012d04ebd0:   000000012d04ecb0 00007fba7a70a860
0x000000012d04ebe0:   000000012d04ede0 0000000000000000
0x000000012d04ebf0:   00007fba7a458b70 00007fba7a4585f0
0x000000012d04ec00:   000000012d04ec40 00007fff878e0b4e
0x000000012d04ec10:   00007fba7a458728 000020602d04edf8
0x000000012d04ec20:   000000012d04ec60 000000012b9e32ad
0x000000012d04ec30:   000000000000001d 00007fba7a70a860
0x000000012d04ec40:   00000000000007e0 0000000000000000
0x000000012d04ec50:   00007fba7a458b70 00007fba7a4585f0
0x000000012d04ec60:   000000012d04edd0 000000012b9dd230
0x000000012d04ec70:   000000010b64fa00 000000012d04ede8
0x000000012d04ec80:   00007fba7a70a860 000000012d04edf8
0x000000012d04ec90:   00007fba7c125310 00007fba7a458710
0x000000012d04eca0:   000000012d04ede0 00007fff859eb289
0x000000012d04ecb0:   000000012d04ecc8 000000012d04ecc9
0x000000012d04ecc0:   000000012d04ece6 373030392d2f301d
0x000000012d04ecd0:   3437343532393931 e001312f30393930
0x000000012d04ece0:   0000000000000007 000000012d04ed78
0x000000012d04ecf0:   000000010d873c4d 0000000000004600
0x000000012d04ed00:   0000000000000006 0000000000004600
0x000000012d04ed10:   0000000000001007 000000010b654000
0x000000012d04ed20:   0000000000001007 0000000000000008
0x000000012d04ed30:   00000000735839f0 000000010b64c000
0x000000012d04ed40:   0000000000000001 000000010b64c000
0x000000012d04ed50:   ff80000000001007 0000000126beffff
0x000000012d04ed60:   ff80000000001007 0000000000000000
0x000000012d04ed70:   0000000000000000 0000000126e9ac20
0x000000012d04ed80:   000000010b64c000 0000000000000008
0x000000012d04ed90:   000000012d04edc0 00007fff859ea877
0x000000012d04eda0:   f700f2b2a102aec2 00007fba7a70a860
0x000000012d04edb0:   00007fba7e92f9f8 000000012d04edf8 

Instructions: (pc=0x000000012b9e50c7)
0x000000012b9e50a7:   76 05 e8 82 4e 01 00 49 89 c6 8b 45 d0 eb 06 89
0x000000012b9e50b7:   45 d0 49 ff c6 48 8b 8d 68 ff ff ff 48 8b 79 08
0x000000012b9e50c7:   48 8b 0f 4c 8b 41 10 4c 89 75 c0 83 c0 f8 48 89
0x000000012b9e50d7:   45 c8 48 8b 85 70 ff ff ff 48 8b 58 08 48 8b 40 

Register to memory mapping:

RAX=0x000000000000001d is an unknown value
RBX=0x0000000000000001 is an unknown value
RCX=0x00007fba7a458b70 is an unknown value
RDX=0x00007fba7a8c8e71 is an unknown value
RSP=0x000000012d04ebc0 is pointing into the stack for thread: 0x00007fba7e92f800
RBP=0x000000012d04ec60 is pointing into the stack for thread: 0x00007fba7e92f800
RSI=0x000000000000001d is an unknown value
RDI=0xc000000000000000 is an unknown value
R8 =0x0000000000000031 is an unknown value
R9 =0x0000000000000020 is an unknown value
R10=0x00000000000000f2 is an unknown value
R11=0xffff8046b2924899 is an unknown value
R12=0x00007fba7a8c8ed8 is an unknown value
R13=0x000000012d04ec00 is pointing into the stack for thread: 0x00007fba7e92f800
R14=0x00007fba7a8c8e71 is an unknown value
R15=0x00007fba7a9c93b8 is an unknown value


Stack: [0x000000012cf50000,0x000000012d050000],  sp=0x000000012d04ebc0,  free space=1018k
Native frames: (J=compiled Java code, j=interpreted, Vv=VM code, C=native code)
C  [libleveldbjni-64-1-459525653601741007.8+0x120c7]  leveldb::MemTable::Get(leveldb::LookupKey const&, std::string*, leveldb::Status*)+0xb7
C  [libleveldbjni-64-1-459525653601741007.8+0xa230]  leveldb::DBImpl::Get(leveldb::ReadOptions const&, leveldb::Slice const&, std::string*)+0x100
C  [libleveldbjni-64-1-459525653601741007.8+0x2d54]  Java_org_fusesource_leveldbjni_internal_NativeDB_00024DBJNI_Get+0x94
j  org.fusesource.leveldbjni.internal.NativeDB$DBJNI.Get(JLorg/fusesource/leveldbjni/internal/NativeReadOptions;Lorg/fusesource/leveldbjni/internal/NativeSlice;J)J+0
j  org.fusesource.leveldbjni.internal.NativeDB.get(Lorg/fusesource/leveldbjni/internal/NativeReadOptions;Lorg/fusesource/leveldbjni/internal/NativeSlice;)[B+22
j  org.fusesource.leveldbjni.internal.NativeDB.get(Lorg/fusesource/leveldbjni/internal/NativeReadOptions;Lorg/fusesource/leveldbjni/internal/NativeBuffer;)[B+10
j  org.fusesource.leveldbjni.internal.NativeDB.get(Lorg/fusesource/leveldbjni/internal/NativeReadOptions;[B)[B+20
j  org.fusesource.leveldbjni.internal.JniDB.get([BLorg/iq80/leveldb/ReadOptions;)[B+27
j  org.fusesource.leveldbjni.internal.JniDB.get([B)[B+26
j  org.kevoree.modeling.drivers.leveldb.LevelDbContentDeliveryDriver.get([Lorg/kevoree/modeling/api/data/cache/KContentKey;Lorg/kevoree/modeling/api/ThrowableCallback;)V+52
j  org.kevoree.modeling.databases.websocket.WebSocketWrapper.onFullTextMessage(Lio/undertow/websockets/core/WebSocketChannel;Lio/undertow/websockets/core/BufferedTextMessage;)V+91
j  io.undertow.websockets.core.AbstractReceiveListener$2.complete(Lio/undertow/websockets/core/WebSocketChannel;Lio/undertow/websockets/core/BufferedTextMessage;)V+9
j  io.undertow.websockets.core.AbstractReceiveListener$2.complete(Lio/undertow/websockets/core/WebSocketChannel;Ljava/lang/Object;)V+6
j  io.undertow.websockets.core.BufferedTextMessage.read(Lio/undertow/websockets/core/StreamSourceFrameChannel;Lio/undertow/websockets/core/WebSocketCallback;)V+71
j  io.undertow.websockets.core.AbstractReceiveListener.readBufferedText(Lio/undertow/websockets/core/StreamSourceFrameChannel;Lio/undertow/websockets/core/BufferedTextMessage;)V+11
j  io.undertow.websockets.core.AbstractReceiveListener.bufferFullMessage(Lio/undertow/websockets/core/StreamSourceFrameChannel;)V+24
j  io.undertow.websockets.core.AbstractReceiveListener.onText(Lio/undertow/websockets/core/WebSocketChannel;Lio/undertow/websockets/core/StreamSourceFrameChannel;)V+2
j  io.undertow.websockets.core.AbstractReceiveListener.handleEvent(Lio/undertow/websockets/core/WebSocketChannel;)V+45
j  io.undertow.websockets.core.AbstractReceiveListener.handleEvent(Ljava/nio/channels/Channel;)V+5
j  org.xnio.ChannelListeners.invokeChannelListener(Ljava/nio/channels/Channel;Lorg/xnio/ChannelListener;)Z+18
j  io.undertow.server.protocol.framed.AbstractFramedChannel$FrameReadListener.handleEvent(Lorg/xnio/channels/StreamSourceChannel;)V+70
j  io.undertow.server.protocol.framed.AbstractFramedChannel$FrameReadListener.handleEvent(Ljava/nio/channels/Channel;)V+5
j  org.xnio.ChannelListeners.invokeChannelListener(Ljava/nio/channels/Channel;Lorg/xnio/ChannelListener;)Z+18
j  org.xnio.conduits.ReadReadyHandler$ChannelListenerHandler.readReady()V+34
j  org.xnio.nio.NioSocketConduit.handleReady(I)V+51
j  org.xnio.nio.WorkerThread.run()V+762
v  ~StubRoutines::call_stub
V  [libjvm.dylib+0x2e036e]  JavaCalls::call_helper(JavaValue*, methodHandle*, JavaCallArguments*, Thread*)+0x6ae
V  [libjvm.dylib+0x2e0afc]  JavaCalls::call_virtual(JavaValue*, KlassHandle, Symbol*, Symbol*, JavaCallArguments*, Thread*)+0x164
V  [libjvm.dylib+0x2e0ca8]  JavaCalls::call_virtual(JavaValue*, Handle, KlassHandle, Symbol*, Symbol*, Thread*)+0x4a
V  [libjvm.dylib+0x3331e9]  thread_entry(JavaThread*, Thread*)+0x7c
V  [libjvm.dylib+0x549acf]  JavaThread::thread_main_inner()+0x9b
V  [libjvm.dylib+0x54b1c0]  JavaThread::run()+0x1c2
V  [libjvm.dylib+0x46ea8e]  java_start(Thread*)+0xf6
C  [libsystem_pthread.dylib+0x3268]  _pthread_body+0x83
C  [libsystem_pthread.dylib+0x31e5]  _pthread_body+0x0
C  [libsystem_pthread.dylib+0x141d]  thread_start+0xd
C  0x0000000000000000

Java frames: (J=compiled Java code, j=interpreted, Vv=VM code)
j  org.fusesource.leveldbjni.internal.NativeDB$DBJNI.Get(JLorg/fusesource/leveldbjni/internal/NativeReadOptions;Lorg/fusesource/leveldbjni/internal/NativeSlice;J)J+0
j  org.fusesource.leveldbjni.internal.NativeDB.get(Lorg/fusesource/leveldbjni/internal/NativeReadOptions;Lorg/fusesource/leveldbjni/internal/NativeSlice;)[B+22
j  org.fusesource.leveldbjni.internal.NativeDB.get(Lorg/fusesource/leveldbjni/internal/NativeReadOptions;Lorg/fusesource/leveldbjni/internal/NativeBuffer;)[B+10
j  org.fusesource.leveldbjni.internal.NativeDB.get(Lorg/fusesource/leveldbjni/internal/NativeReadOptions;[B)[B+20
j  org.fusesource.leveldbjni.internal.JniDB.get([BLorg/iq80/leveldb/ReadOptions;)[B+27
j  org.fusesource.leveldbjni.internal.JniDB.get([B)[B+26
j  org.kevoree.modeling.drivers.leveldb.LevelDbContentDeliveryDriver.get([Lorg/kevoree/modeling/api/data/cache/KContentKey;Lorg/kevoree/modeling/api/ThrowableCallback;)V+52
j  org.kevoree.modeling.databases.websocket.WebSocketWrapper.onFullTextMessage(Lio/undertow/websockets/core/WebSocketChannel;Lio/undertow/websockets/core/BufferedTextMessage;)V+91
j  io.undertow.websockets.core.AbstractReceiveListener$2.complete(Lio/undertow/websockets/core/WebSocketChannel;Lio/undertow/websockets/core/BufferedTextMessage;)V+9
j  io.undertow.websockets.core.AbstractReceiveListener$2.complete(Lio/undertow/websockets/core/WebSocketChannel;Ljava/lang/Object;)V+6
j  io.undertow.websockets.core.BufferedTextMessage.read(Lio/undertow/websockets/core/StreamSourceFrameChannel;Lio/undertow/websockets/core/WebSocketCallback;)V+71
j  io.undertow.websockets.core.AbstractReceiveListener.readBufferedText(Lio/undertow/websockets/core/StreamSourceFrameChannel;Lio/undertow/websockets/core/BufferedTextMessage;)V+11
j  io.undertow.websockets.core.AbstractReceiveListener.bufferFullMessage(Lio/undertow/websockets/core/StreamSourceFrameChannel;)V+24
j  io.undertow.websockets.core.AbstractReceiveListener.onText(Lio/undertow/websockets/core/WebSocketChannel;Lio/undertow/websockets/core/StreamSourceFrameChannel;)V+2
j  io.undertow.websockets.core.AbstractReceiveListener.handleEvent(Lio/undertow/websockets/core/WebSocketChannel;)V+45
j  io.undertow.websockets.core.AbstractReceiveListener.handleEvent(Ljava/nio/channels/Channel;)V+5
j  org.xnio.ChannelListeners.invokeChannelListener(Ljava/nio/channels/Channel;Lorg/xnio/ChannelListener;)Z+18
j  io.undertow.server.protocol.framed.AbstractFramedChannel$FrameReadListener.handleEvent(Lorg/xnio/channels/StreamSourceChannel;)V+70
j  io.undertow.server.protocol.framed.AbstractFramedChannel$FrameReadListener.handleEvent(Ljava/nio/channels/Channel;)V+5
j  org.xnio.ChannelListeners.invokeChannelListener(Ljava/nio/channels/Channel;Lorg/xnio/ChannelListener;)Z+18
j  org.xnio.conduits.ReadReadyHandler$ChannelListenerHandler.readReady()V+34
j  org.xnio.nio.NioSocketConduit.handleReady(I)V+51
j  org.xnio.nio.WorkerThread.run()V+762
v  ~StubRoutines::call_stub

---------------  P R O C E S S  ---------------

Java Threads: ( => current thread )
  0x00007fba7b973800 JavaThread "SIGINT handler" daemon [_thread_blocked, id=24327, stack(0x000000012bb4a000,0x000000012bc4a000)]
=>0x00007fba7e92f800 JavaThread "XNIO-1 I/O-1" [_thread_in_native, id=28931, stack(0x000000012cf50000,0x000000012d050000)]
  0x00007fba7d823800 JavaThread "pool-1-thread-8" [_thread_blocked, id=28419, stack(0x000000012c56b000,0x000000012c66b000)]
  0x00007fba7d801000 JavaThread "pool-1-thread-7" [_thread_blocked, id=27907, stack(0x000000012c468000,0x000000012c568000)]
  0x00007fba7b973000 JavaThread "pool-1-thread-6" [_thread_blocked, id=27395, stack(0x000000012c365000,0x000000012c465000)]
  0x00007fba7b034000 JavaThread "pool-1-thread-5" [_thread_blocked, id=26883, stack(0x000000012c262000,0x000000012c362000)]
  0x00007fba7b809000 JavaThread "pool-1-thread-4" [_thread_blocked, id=26371, stack(0x000000012c15f000,0x000000012c25f000)]
  0x00007fba7c8b2000 JavaThread "pool-1-thread-3" [_thread_blocked, id=25859, stack(0x000000012c05c000,0x000000012c15c000)]
  0x00007fba7d0d9800 JavaThread "DestroyJavaVM" [_thread_blocked, id=4867, stack(0x000000010d76a000,0x000000010d86a000)]
  0x00007fba7a98b000 JavaThread "pool-1-thread-2" [_thread_blocked, id=25347, stack(0x000000012bf59000,0x000000012c059000)]
  0x00007fba7d821000 JavaThread "pool-1-thread-1" [_thread_blocked, id=24835, stack(0x000000012be56000,0x000000012bf56000)]
  0x00007fba7a8e8800 JavaThread "pool-2-thread-1" [_thread_blocked, id=22275, stack(0x000000012b786000,0x000000012b886000)]
  0x00007fba7a8bd800 JavaThread "Monitor Ctrl-Break" daemon [_thread_in_native, id=21763, stack(0x000000012b614000,0x000000012b714000)]
  0x00007fba7b81d800 JavaThread "Service Thread" daemon [_thread_blocked, id=20739, stack(0x000000012b21a000,0x000000012b31a000)]
  0x00007fba7d812000 JavaThread "C1 CompilerThread3" daemon [_thread_blocked, id=20227, stack(0x000000012b117000,0x000000012b217000)]
  0x00007fba7c83d000 JavaThread "C2 CompilerThread2" daemon [_thread_blocked, id=19715, stack(0x000000012b014000,0x000000012b114000)]
  0x00007fba7e003800 JavaThread "C2 CompilerThread1" daemon [_thread_blocked, id=19203, stack(0x000000012af11000,0x000000012b011000)]
  0x00007fba7d015800 JavaThread "C2 CompilerThread0" daemon [_thread_in_native, id=18691, stack(0x000000012ae0e000,0x000000012af0e000)]
  0x00007fba7a840000 JavaThread "Signal Dispatcher" daemon [_thread_blocked, id=15383, stack(0x000000012ad0b000,0x000000012ae0b000)]
  0x00007fba7d00e000 JavaThread "Finalizer" daemon [_thread_blocked, id=13571, stack(0x00000001292f0000,0x00000001293f0000)]
  0x00007fba7a837800 JavaThread "Reference Handler" daemon [_thread_blocked, id=13059, stack(0x00000001291ed000,0x00000001292ed000)]

Other Threads:
  0x00007fba7d00d800 VMThread [stack: 0x00000001290ea000,0x00000001291ea000] [id=12547]
  0x00007fba7e000000 WatcherThread [stack: 0x000000012b31d000,0x000000012b41d000] [id=21251]

VM state:not at safepoint (normal execution)

VM Mutex/Monitor currently owned by a thread: None

Heap:
 PSYoungGen      total 141824K, used 118856K [0x000000076ab00000, 0x000000077b400000, 0x00000007c0000000)
  eden space 131072K, 88% used [0x000000076ab00000,0x0000000771c26000,0x0000000772b00000)
  from space 10752K, 27% used [0x0000000773580000,0x000000077386c350,0x0000000774000000)
  to   space 10752K, 0% used [0x0000000772b00000,0x0000000772b00000,0x0000000773580000)
 ParOldGen       total 175104K, used 40K [0x00000006c0000000, 0x00000006cab00000, 0x000000076ab00000)
  object space 175104K, 0% used [0x00000006c0000000,0x00000006c000a000,0x00000006cab00000)
 Metaspace       used 11843K, capacity 12032K, committed 12288K, reserved 1060864K
  class space    used 1424K, capacity 1474K, committed 1536K, reserved 1048576K

Card table byte_map: [0x000000011cc2c000,0x000000011d42d000] byte_map_base: 0x000000011962c000

Marking Bits: (ParMarkBitMap*) 0x000000010d0c27a0
 Begin Bits: [0x000000011e19b000, 0x000000012219b000)
 End Bits:   [0x000000012219b000, 0x000000012619b000)

Polling page: 0x000000010b78a000

CodeCache: size=245760Kb used=5104Kb max_used=5117Kb free=240655Kb
 bounds [0x000000010d86c000, 0x000000010dd7c000, 0x000000011c86c000]
 total_blobs=1810 nmethods=1409 adapters=314
 compilation: enabled

Compilation events (10 events):
Event: 114.866 Thread 0x00007fba7d812000 nmethod 1459 0x000000010dd67110 code [0x000000010dd672e0, 0x000000010dd67b18]
Event: 114.866 Thread 0x00007fba7d812000 1460       3       java.util.HashMap$HashIterator::<init> (79 bytes)
Event: 114.866 Thread 0x00007fba7d812000 nmethod 1460 0x000000010dd63810 code [0x000000010dd63980, 0x000000010dd63d10]
Event: 114.866 Thread 0x00007fba7d812000 1458       3       java.nio.ByteBuffer::<init> (12 bytes)
Event: 114.866 Thread 0x00007fba7d812000 nmethod 1458 0x000000010dd4fe50 code [0x000000010dd4ffc0, 0x000000010dd50168]
Event: 114.866 Thread 0x00007fba7d812000 1461       3       java.util.concurrent.locks.AbstractQueuedSynchronizer::shouldParkAfterFailedAcquire (50 bytes)
Event: 114.867 Thread 0x00007fba7d812000 nmethod 1461 0x000000010dd66a90 code [0x000000010dd66c20, 0x000000010dd66f70]
Event: 114.867 Thread 0x00007fba7d812000 1462       3       io.undertow.server.protocol.framed.AbstractFramedStreamSinkChannel::getIoThread (8 bytes)
Event: 114.867 Thread 0x00007fba7d812000 nmethod 1462 0x000000010dd66510 code [0x000000010dd66680, 0x000000010dd66970]
Event: 114.867 Thread 0x00007fba7d812000 1463       3       java.nio.DirectByteBuffer::<init> (35 bytes)

GC Heap History (8 events):
Event: 0.662 GC heap before
{Heap before GC invocations=1 (full 0):
 PSYoungGen      total 76288K, used 65536K [0x000000076ab00000, 0x0000000770000000, 0x00000007c0000000)
  eden space 65536K, 100% used [0x000000076ab00000,0x000000076eb00000,0x000000076eb00000)
  from space 10752K, 0% used [0x000000076f580000,0x000000076f580000,0x0000000770000000)
  to   space 10752K, 0% used [0x000000076eb00000,0x000000076eb00000,0x000000076f580000)
 ParOldGen       total 175104K, used 0K [0x00000006c0000000, 0x00000006cab00000, 0x000000076ab00000)
  object space 175104K, 0% used [0x00000006c0000000,0x00000006c0000000,0x00000006cab00000)
 Metaspace       used 9241K, capacity 9374K, committed 9472K, reserved 1056768K
  class space    used 1123K, capacity 1185K, committed 1280K, reserved 1048576K
Event: 0.670 GC heap after
Heap after GC invocations=1 (full 0):
 PSYoungGen      total 76288K, used 5539K [0x000000076ab00000, 0x0000000774000000, 0x00000007c0000000)
  eden space 65536K, 0% used [0x000000076ab00000,0x000000076ab00000,0x000000076eb00000)
  from space 10752K, 51% used [0x000000076eb00000,0x000000076f068c88,0x000000076f580000)
  to   space 10752K, 0% used [0x0000000773580000,0x0000000773580000,0x0000000774000000)
 ParOldGen       total 175104K, used 16K [0x00000006c0000000, 0x00000006cab00000, 0x000000076ab00000)
  object space 175104K, 0% used [0x00000006c0000000,0x00000006c0004000,0x00000006cab00000)
 Metaspace       used 9241K, capacity 9374K, committed 9472K, reserved 1056768K
  class space    used 1123K, capacity 1185K, committed 1280K, reserved 1048576K
}
Event: 5.489 GC heap before
{Heap before GC invocations=2 (full 0):
 PSYoungGen      total 76288K, used 71075K [0x000000076ab00000, 0x0000000774000000, 0x00000007c0000000)
  eden space 65536K, 100% used [0x000000076ab00000,0x000000076eb00000,0x000000076eb00000)
  from space 10752K, 51% used [0x000000076eb00000,0x000000076f068c88,0x000000076f580000)
  to   space 10752K, 0% used [0x0000000773580000,0x0000000773580000,0x0000000774000000)
 ParOldGen       total 175104K, used 16K [0x00000006c0000000, 0x00000006cab00000, 0x000000076ab00000)
  object space 175104K, 0% used [0x00000006c0000000,0x00000006c0004000,0x00000006cab00000)
 Metaspace       used 11636K, capacity 11808K, committed 12032K, reserved 1060864K
  class space    used 1394K, capacity 1442K, committed 1536K, reserved 1048576K
Event: 5.494 GC heap after
Heap after GC invocations=2 (full 0):
 PSYoungGen      total 70144K, used 4098K [0x000000076ab00000, 0x0000000773a00000, 0x00000007c0000000)
  eden space 65536K, 0% used [0x000000076ab00000,0x000000076ab00000,0x000000076eb00000)
  from space 4608K, 88% used [0x0000000773580000,0x0000000773980a98,0x0000000773a00000)
  to   space 10752K, 0% used [0x0000000772500000,0x0000000772500000,0x0000000772f80000)
 ParOldGen       total 175104K, used 24K [0x00000006c0000000, 0x00000006cab00000, 0x000000076ab00000)
  object space 175104K, 0% used [0x00000006c0000000,0x00000006c0006000,0x00000006cab00000)
 Metaspace       used 11636K, capacity 11808K, committed 12032K, reserved 1060864K
  class space    used 1394K, capacity 1442K, committed 1536K, reserved 1048576K
}
Event: 5.526 GC heap before
{Heap before GC invocations=3 (full 0):
 PSYoungGen      total 70144K, used 69634K [0x000000076ab00000, 0x0000000773a00000, 0x00000007c0000000)
  eden space 65536K, 100% used [0x000000076ab00000,0x000000076eb00000,0x000000076eb00000)
  from space 4608K, 88% used [0x0000000773580000,0x0000000773980a98,0x0000000773a00000)
  to   space 10752K, 0% used [0x0000000772500000,0x0000000772500000,0x0000000772f80000)
 ParOldGen       total 175104K, used 24K [0x00000006c0000000, 0x00000006cab00000, 0x000000076ab00000)
  object space 175104K, 0% used [0x00000006c0000000,0x00000006c0006000,0x00000006cab00000)
 Metaspace       used 11760K, capacity 11904K, committed 12032K, reserved 1060864K
  class space    used 1419K, capacity 1474K, committed 1536K, reserved 1048576K
Event: 5.530 GC heap after
Heap after GC invocations=3 (full 0):
 PSYoungGen      total 135680K, used 3207K [0x000000076ab00000, 0x0000000774000000, 0x00000007c0000000)
  eden space 124928K, 0% used [0x000000076ab00000,0x000000076ab00000,0x0000000772500000)
  from space 10752K, 29% used [0x0000000772500000,0x0000000772821e38,0x0000000772f80000)
  to   space 10752K, 0% used [0x0000000773580000,0x0000000773580000,0x0000000774000000)
 ParOldGen       total 175104K, used 32K [0x00000006c0000000, 0x00000006cab00000, 0x000000076ab00000)
  object space 175104K, 0% used [0x00000006c0000000,0x00000006c0008000,0x00000006cab00000)
 Metaspace       used 11760K, capacity 11904K, committed 12032K, reserved 1060864K
  class space    used 1419K, capacity 1474K, committed 1536K, reserved 1048576K
}
Event: 5.606 GC heap before
{Heap before GC invocations=4 (full 0):
 PSYoungGen      total 135680K, used 128135K [0x000000076ab00000, 0x0000000774000000, 0x00000007c0000000)
  eden space 124928K, 100% used [0x000000076ab00000,0x0000000772500000,0x0000000772500000)
  from space 10752K, 29% used [0x0000000772500000,0x0000000772821e38,0x0000000772f80000)
  to   space 10752K, 0% used [0x0000000773580000,0x0000000773580000,0x0000000774000000)
 ParOldGen       total 175104K, used 32K [0x00000006c0000000, 0x00000006cab00000, 0x000000076ab00000)
  object space 175104K, 0% used [0x00000006c0000000,0x00000006c0008000,0x00000006cab00000)
 Metaspace       used 11781K, capacity 11904K, committed 12032K, reserved 1060864K
  class space    used 1420K, capacity 1474K, committed 1536K, reserved 1048576K
Event: 5.614 GC heap after
Heap after GC invocations=4 (full 0):
 PSYoungGen      total 141824K, used 2992K [0x000000076ab00000, 0x000000077b400000, 0x00000007c0000000)
  eden space 131072K, 0% used [0x000000076ab00000,0x000000076ab00000,0x0000000772b00000)
  from space 10752K, 27% used [0x0000000773580000,0x000000077386c350,0x0000000774000000)
  to   space 10752K, 0% used [0x0000000772b00000,0x0000000772b00000,0x0000000773580000)
 ParOldGen       total 175104K, used 40K [0x00000006c0000000, 0x00000006cab00000, 0x000000076ab00000)
  object space 175104K, 0% used [0x00000006c0000000,0x00000006c000a000,0x00000006cab00000)
 Metaspace       used 11781K, capacity 11904K, committed 12032K, reserved 1060864K
  class space    used 1420K, capacity 1474K, committed 1536K, reserved 1048576K
}

Deoptimization events (10 events):
Event: 114.864 Thread 0x00007fba7d0da800 Uncommon trap: reason=unstable_if action=reinterpret pc=0x000000010dad46d0 method=java.util.concurrent.ThreadPoolExecutor.isRunning(I)Z @ 1
Event: 114.865 Thread 0x00007fba7b809000 Uncommon trap: reason=class_check action=maybe_recompile pc=0x000000010dd58bf4 method=org.kevoree.modeling.api.abs.AbstractMetaClass.metaByName(Ljava/lang/String;)Lorg/kevoree/modeling/api/meta/Meta; @ 8
Event: 114.865 Thread 0x00007fba7b034000 Uncommon trap: reason=class_check action=maybe_recompile pc=0x000000010dd58bf4 method=org.kevoree.modeling.api.abs.AbstractMetaClass.metaByName(Ljava/lang/String;)Lorg/kevoree/modeling/api/meta/Meta; @ 8
Event: 114.865 Thread 0x00007fba7b809000 Uncommon trap: reason=class_check action=maybe_recompile pc=0x000000010dd58bf4 method=org.kevoree.modeling.api.abs.AbstractMetaClass.metaByName(Ljava/lang/String;)Lorg/kevoree/modeling/api/meta/Meta; @ 8
Event: 114.865 Thread 0x00007fba7b836000 Uncommon trap: reason=unstable_if action=reinterpret pc=0x000000010dd65550 method=org.kevoree.modeling.api.data.cache.HashMemoryCache.dirties()[Lorg/kevoree/modeling/api/data/cache/KCacheDirty; @ 228
Event: 114.865 Thread 0x00007fba7b034000 Uncommon trap: reason=class_check action=maybe_recompile pc=0x000000010dd58bf4 method=org.kevoree.modeling.api.abs.AbstractMetaClass.metaByName(Ljava/lang/String;)Lorg/kevoree/modeling/api/meta/Meta; @ 8
Event: 114.866 Thread 0x00007fba7d0da800 Uncommon trap: reason=unstable_if action=reinterpret pc=0x000000010dc5e050 method=java.util.concurrent.ThreadPoolExecutor.runStateAtLeast(II)Z @ 2
Event: 114.866 Thread 0x00007fba7d0da800 Uncommon trap: reason=unstable_if action=reinterpret pc=0x000000010dc3ef90 method=java.util.concurrent.locks.ReentrantLock$Sync.nonfairTryAcquire(I)Z @ 34
Event: 114.866 Thread 0x00007fba7d0da800 Uncommon trap: reason=unstable_if action=reinterpret pc=0x000000010dbbcf24 method=java.util.concurrent.locks.ReentrantLock$Sync.tryRelease(I)Z @ 28
Event: 114.866 Thread 0x00007fba7d0da800 Uncommon trap: reason=unstable_if action=reinterpret pc=0x000000010db44ba4 method=java.util.concurrent.locks.AbstractQueuedSynchronizer.release(I)Z @ 5

Internal exceptions (10 events):
Event: 0.609 Thread 0x00007fba7b973800 Exception <a 'java/lang/ArrayIndexOutOfBoundsException': 71> (0x000000076d9d1c58) thrown at [/Users/java_re/workspace/8-2-build-macosx-x86_64/jdk8u40/3098/hotspot/src/share/vm/interpreter/interpreterRuntime.cpp, line 366]
Event: 0.609 Thread 0x00007fba7b973800 Exception <a 'java/lang/ArrayIndexOutOfBoundsException': 18> (0x000000076d9d2920) thrown at [/Users/java_re/workspace/8-2-build-macosx-x86_64/jdk8u40/3098/hotspot/src/share/vm/interpreter/interpreterRuntime.cpp, line 366]
Event: 0.610 Thread 0x00007fba7b973800 Exception <a 'java/lang/ArrayIndexOutOfBoundsException': 60> (0x000000076d9d3828) thrown at [/Users/java_re/workspace/8-2-build-macosx-x86_64/jdk8u40/3098/hotspot/src/share/vm/interpreter/interpreterRuntime.cpp, line 366]
Event: 0.611 Thread 0x00007fba7b973800 Exception <a 'java/lang/ArrayIndexOutOfBoundsException': 71> (0x000000076d9d4ef8) thrown at [/Users/java_re/workspace/8-2-build-macosx-x86_64/jdk8u40/3098/hotspot/src/share/vm/interpreter/interpreterRuntime.cpp, line 366]
Event: 0.624 Thread 0x00007fba7b973800 Exception <a 'java/lang/ArrayIndexOutOfBoundsException': 38> (0x000000076d9fc738) thrown at [/Users/java_re/workspace/8-2-build-macosx-x86_64/jdk8u40/3098/hotspot/src/share/vm/interpreter/interpreterRuntime.cpp, line 366]
Event: 0.625 Thread 0x00007fba7b973800 Exception <a 'java/lang/ArrayIndexOutOfBoundsException': 67> (0x000000076d9fd8f0) thrown at [/Users/java_re/workspace/8-2-build-macosx-x86_64/jdk8u40/3098/hotspot/src/share/vm/interpreter/interpreterRuntime.cpp, line 366]
Event: 0.625 Thread 0x00007fba7b973800 Exception <a 'java/lang/ArrayIndexOutOfBoundsException': 55> (0x000000076d9fedd8) thrown at [/Users/java_re/workspace/8-2-build-macosx-x86_64/jdk8u40/3098/hotspot/src/share/vm/interpreter/interpreterRuntime.cpp, line 366]
Event: 0.638 Thread 0x00007fba7b973800 Exception <a 'java/lang/ArrayIndexOutOfBoundsException': 38> (0x000000076da25060) thrown at [/Users/java_re/workspace/8-2-build-macosx-x86_64/jdk8u40/3098/hotspot/src/share/vm/interpreter/interpreterRuntime.cpp, line 366]
Event: 0.647 Thread 0x00007fba7b973800 Exception <a 'java/lang/ArrayIndexOutOfBoundsException': 49> (0x000000076da34368) thrown at [/Users/java_re/workspace/8-2-build-macosx-x86_64/jdk8u40/3098/hotspot/src/share/vm/interpreter/interpreterRuntime.cpp, line 366]
Event: 0.794 Thread 0x00007fba7d801000 Exception <a 'java/io/IOException'> (0x000000076ba94f00) thrown at [/Users/java_re/workspace/8-2-build-macosx-x86_64/jdk8u40/3098/hotspot/src/share/vm/prims/jni.cpp, line 709]

Events (10 events):
Event: 114.866 Thread 0x00007fba7d0da800 DEOPT PACKING pc=0x000000010dc3ef90 sp=0x000000012be4f680
Event: 114.866 Thread 0x00007fba7d0da800 DEOPT UNPACKING pc=0x000000010d871229 sp=0x000000012be4f628 mode 2
Event: 114.866 Thread 0x00007fba7d0da800 Uncommon trap: trap_request=0xffffff65 fr.pc=0x000000010dbbcf24
Event: 114.866 Thread 0x00007fba7d0da800 DEOPT PACKING pc=0x000000010dbbcf24 sp=0x000000012be4f6c0
Event: 114.866 Thread 0x00007fba7d0da800 DEOPT UNPACKING pc=0x000000010d871229 sp=0x000000012be4f668 mode 2
Event: 114.866 Thread 0x00007fba7d0da800 Uncommon trap: trap_request=0xffffff65 fr.pc=0x000000010db44ba4
Event: 114.866 Thread 0x00007fba7d0da800 DEOPT PACKING pc=0x000000010db44ba4 sp=0x000000012be4f6f0
Event: 114.866 Thread 0x00007fba7d0da800 DEOPT UNPACKING pc=0x000000010d871229 sp=0x000000012be4f6b0 mode 2
Event: 114.866 loading class org/kevoree/modeling/databases/websocket/WebSocketWrapper$1
Event: 114.866 loading class org/kevoree/modeling/databases/websocket/WebSocketWrapper$1 done


Dynamic libraries:
0x00000000047a3000 	/System/Library/Frameworks/Cocoa.framework/Versions/A/Cocoa
0x00000000047a3000 	/System/Library/Frameworks/Security.framework/Versions/A/Security
0x00000000047a3000 	/System/Library/Frameworks/ApplicationServices.framework/Versions/A/ApplicationServices
0x00000000047a3000 	/usr/lib/libz.1.dylib
0x00000000047a3000 	/usr/lib/libSystem.B.dylib
0x00000000047a3000 	/usr/lib/libobjc.A.dylib
0x00000000047a3000 	/System/Library/Frameworks/CoreFoundation.framework/Versions/A/CoreFoundation
0x00000000047a3000 	/System/Library/Frameworks/Foundation.framework/Versions/C/Foundation
0x00000000047a3000 	/System/Library/Frameworks/AppKit.framework/Versions/C/AppKit
0x00000000047a3000 	/System/Library/Frameworks/CoreData.framework/Versions/A/CoreData
0x00000000047a3000 	/System/Library/PrivateFrameworks/RemoteViewServices.framework/Versions/A/RemoteViewServices
0x00000000047a3000 	/System/Library/PrivateFrameworks/UIFoundation.framework/Versions/A/UIFoundation
0x00000000047a3000 	/System/Library/Frameworks/IOSurface.framework/Versions/A/IOSurface
0x00000000047a3000 	/System/Library/Frameworks/AudioToolbox.framework/Versions/A/AudioToolbox
0x00000000047a3000 	/System/Library/Frameworks/AudioUnit.framework/Versions/A/AudioUnit
0x00000000047a3000 	/System/Library/PrivateFrameworks/DataDetectorsCore.framework/Versions/A/DataDetectorsCore
0x00000000047a3000 	/System/Library/PrivateFrameworks/DesktopServicesPriv.framework/Versions/A/DesktopServicesPriv
0x00000000047a3000 	/System/Library/Frameworks/Carbon.framework/Versions/A/Frameworks/HIToolbox.framework/Versions/A/HIToolbox
0x00000000047a3000 	/System/Library/Frameworks/QuartzCore.framework/Versions/A/QuartzCore
0x00000000047a3000 	/System/Library/Frameworks/Carbon.framework/Versions/A/Frameworks/SpeechRecognition.framework/Versions/A/SpeechRecognition
0x00000000047a3000 	/usr/lib/libauto.dylib
0x00000000047a3000 	/usr/lib/libicucore.A.dylib
0x00000000047a3000 	/usr/lib/libxml2.2.dylib
0x00000000047a3000 	/System/Library/PrivateFrameworks/CoreUI.framework/Versions/A/CoreUI
0x00000000047a3000 	/System/Library/Frameworks/CoreAudio.framework/Versions/A/CoreAudio
0x00000000047a3000 	/System/Library/Frameworks/DiskArbitration.framework/Versions/A/DiskArbitration
0x00000000047a3000 	/usr/lib/liblangid.dylib
0x00000000047a3000 	/System/Library/PrivateFrameworks/MultitouchSupport.framework/Versions/A/MultitouchSupport
0x00000000047a3000 	/System/Library/Frameworks/IOKit.framework/Versions/A/IOKit
0x00000000047a3000 	/usr/lib/libDiagnosticMessagesClient.dylib
0x00000000047a3000 	/System/Library/Frameworks/CoreServices.framework/Versions/A/CoreServices
0x00000000047a3000 	/System/Library/PrivateFrameworks/PerformanceAnalysis.framework/Versions/A/PerformanceAnalysis
0x00000000047a3000 	/System/Library/PrivateFrameworks/GenerationalStorage.framework/Versions/A/GenerationalStorage
0x00000000047a3000 	/System/Library/Frameworks/OpenGL.framework/Versions/A/OpenGL
0x00000000047a3000 	/System/Library/PrivateFrameworks/Sharing.framework/Versions/A/Sharing
0x00000000047a3000 	/System/Library/Frameworks/CoreGraphics.framework/Versions/A/CoreGraphics
0x00000000047a3000 	/System/Library/Frameworks/CoreText.framework/Versions/A/CoreText
0x00000000047a3000 	/System/Library/Frameworks/ImageIO.framework/Versions/A/ImageIO
0x00000000047a3000 	/usr/lib/libextension.dylib
0x00000000047a3000 	/System/Library/PrivateFrameworks/Backup.framework/Versions/A/Backup
0x00000000047a3000 	/usr/lib/libarchive.2.dylib
0x00000000047a3000 	/System/Library/Frameworks/CFNetwork.framework/Versions/A/CFNetwork
0x00000000047a3000 	/System/Library/Frameworks/SystemConfiguration.framework/Versions/A/SystemConfiguration
0x00000000047a3000 	/usr/lib/libCRFSuite.dylib
0x00000000047a3000 	/usr/lib/libc++.1.dylib
0x00000000047a3000 	/usr/lib/libc++abi.dylib
0x00000000047a3000 	/usr/lib/system/libcache.dylib
0x00000000047a3000 	/usr/lib/system/libcommonCrypto.dylib
0x00000000047a3000 	/usr/lib/system/libcompiler_rt.dylib
0x00000000047a3000 	/usr/lib/system/libcopyfile.dylib
0x00000000047a3000 	/usr/lib/system/libcorecrypto.dylib
0x00000000047a3000 	/usr/lib/system/libdispatch.dylib
0x00000000047a3000 	/usr/lib/system/libdyld.dylib
0x00000000047a3000 	/usr/lib/system/libkeymgr.dylib
0x00000000047a3000 	/usr/lib/system/liblaunch.dylib
0x00000000047a3000 	/usr/lib/system/libmacho.dylib
0x00000000047a3000 	/usr/lib/system/libquarantine.dylib
0x00000000047a3000 	/usr/lib/system/libremovefile.dylib
0x00000000047a3000 	/usr/lib/system/libsystem_asl.dylib
0x00000000047a3000 	/usr/lib/system/libsystem_blocks.dylib
0x00000000047a3000 	/usr/lib/system/libsystem_c.dylib
0x00000000047a3000 	/usr/lib/system/libsystem_configuration.dylib
0x00000000047a3000 	/usr/lib/system/libsystem_coreservices.dylib
0x00000000047a3000 	/usr/lib/system/libsystem_coretls.dylib
0x00000000047a3000 	/usr/lib/system/libsystem_dnssd.dylib
0x00000000047a3000 	/usr/lib/system/libsystem_info.dylib
0x00000000047a3000 	/usr/lib/system/libsystem_kernel.dylib
0x00000000047a3000 	/usr/lib/system/libsystem_m.dylib
0x00000000047a3000 	/usr/lib/system/libsystem_malloc.dylib
0x00000000047a3000 	/usr/lib/system/libsystem_network.dylib
0x00000000047a3000 	/usr/lib/system/libsystem_networkextension.dylib
0x00000000047a3000 	/usr/lib/system/libsystem_notify.dylib
0x00000000047a3000 	/usr/lib/system/libsystem_platform.dylib
0x00000000047a3000 	/usr/lib/system/libsystem_pthread.dylib
0x00000000047a3000 	/usr/lib/system/libsystem_sandbox.dylib
0x00000000047a3000 	/usr/lib/system/libsystem_secinit.dylib
0x00000000047a3000 	/usr/lib/system/libsystem_stats.dylib
0x00000000047a3000 	/usr/lib/system/libsystem_trace.dylib
0x00000000047a3000 	/usr/lib/system/libunc.dylib
0x00000000047a3000 	/usr/lib/system/libunwind.dylib
0x00000000047a3000 	/usr/lib/system/libxpc.dylib
0x00000000047a3000 	/usr/lib/libbz2.1.0.dylib
0x00000000047a3000 	/usr/lib/liblzma.5.dylib
0x00000000047a3000 	/usr/lib/libbsm.0.dylib
0x00000000047a3000 	/usr/lib/libsqlite3.dylib
0x00000000047a3000 	/usr/lib/system/libkxld.dylib
0x00000000047a3000 	/usr/lib/libxar.1.dylib
0x00000000047a3000 	/usr/lib/libpam.2.dylib
0x00000000047a3000 	/usr/lib/libOpenScriptingUtil.dylib
0x00000000047a3000 	/System/Library/Frameworks/CoreServices.framework/Versions/A/Frameworks/FSEvents.framework/Versions/A/FSEvents
0x00000000047a3000 	/System/Library/Frameworks/CoreServices.framework/Versions/A/Frameworks/CarbonCore.framework/Versions/A/CarbonCore
0x00000000047a3000 	/System/Library/Frameworks/CoreServices.framework/Versions/A/Frameworks/Metadata.framework/Versions/A/Metadata
0x00000000047a3000 	/System/Library/Frameworks/CoreServices.framework/Versions/A/Frameworks/OSServices.framework/Versions/A/OSServices
0x00000000047a3000 	/System/Library/Frameworks/CoreServices.framework/Versions/A/Frameworks/SearchKit.framework/Versions/A/SearchKit
0x00000000047a3000 	/System/Library/Frameworks/CoreServices.framework/Versions/A/Frameworks/AE.framework/Versions/A/AE
0x00000000047a3000 	/System/Library/Frameworks/CoreServices.framework/Versions/A/Frameworks/LaunchServices.framework/Versions/A/LaunchServices
0x00000000047a3000 	/System/Library/Frameworks/CoreServices.framework/Versions/A/Frameworks/DictionaryServices.framework/Versions/A/DictionaryServices
0x00000000047a3000 	/System/Library/Frameworks/NetFS.framework/Versions/A/NetFS
0x00000000047a3000 	/System/Library/PrivateFrameworks/NetAuth.framework/Versions/A/NetAuth
0x00000000047a3000 	/System/Library/PrivateFrameworks/login.framework/Versions/A/Frameworks/loginsupport.framework/Versions/A/loginsupport
0x00000000047a3000 	/System/Library/PrivateFrameworks/TCC.framework/Versions/A/TCC
0x00000000047a3000 	/usr/lib/libmecabra.dylib
0x00000000047a3000 	/System/Library/Frameworks/ApplicationServices.framework/Versions/A/Frameworks/ATS.framework/Versions/A/ATS
0x00000000047a3000 	/System/Library/Frameworks/ApplicationServices.framework/Versions/A/Frameworks/ColorSync.framework/Versions/A/ColorSync
0x00000000047a3000 	/System/Library/Frameworks/ApplicationServices.framework/Versions/A/Frameworks/HIServices.framework/Versions/A/HIServices
0x00000000047a3000 	/System/Library/Frameworks/ApplicationServices.framework/Versions/A/Frameworks/LangAnalysis.framework/Versions/A/LangAnalysis
0x00000000047a3000 	/System/Library/Frameworks/ApplicationServices.framework/Versions/A/Frameworks/PrintCore.framework/Versions/A/PrintCore
0x00000000047a3000 	/System/Library/Frameworks/ApplicationServices.framework/Versions/A/Frameworks/QD.framework/Versions/A/QD
0x00000000047a3000 	/System/Library/Frameworks/ApplicationServices.framework/Versions/A/Frameworks/SpeechSynthesis.framework/Versions/A/SpeechSynthesis
0x00000000047a3000 	/System/Library/Frameworks/Accelerate.framework/Versions/A/Accelerate
0x00000000047a3000 	/System/Library/Frameworks/Accelerate.framework/Versions/A/Frameworks/vImage.framework/Versions/A/vImage
0x00000000047a3000 	/System/Library/Frameworks/Accelerate.framework/Versions/A/Frameworks/vecLib.framework/Versions/A/vecLib
0x00000000047a3000 	/System/Library/Frameworks/Accelerate.framework/Versions/A/Frameworks/vecLib.framework/Versions/A/libvDSP.dylib
0x00000000047a3000 	/System/Library/Frameworks/Accelerate.framework/Versions/A/Frameworks/vecLib.framework/Versions/A/libvMisc.dylib
0x00000000047a3000 	/System/Library/Frameworks/Accelerate.framework/Versions/A/Frameworks/vecLib.framework/Versions/A/libLAPACK.dylib
0x00000000047a3000 	/System/Library/Frameworks/Accelerate.framework/Versions/A/Frameworks/vecLib.framework/Versions/A/libBLAS.dylib
0x00000000047a3000 	/System/Library/Frameworks/Accelerate.framework/Versions/A/Frameworks/vecLib.framework/Versions/A/libLinearAlgebra.dylib
0x00000000047a3000 	/System/Library/Frameworks/ApplicationServices.framework/Versions/A/Frameworks/ATS.framework/Versions/A/Resources/libFontParser.dylib
0x00000000047a3000 	/System/Library/Frameworks/ApplicationServices.framework/Versions/A/Frameworks/ATS.framework/Versions/A/Resources/libFontRegistry.dylib
0x00000000047a3000 	/System/Library/PrivateFrameworks/AppleVPA.framework/Versions/A/AppleVPA
0x00000000047a3000 	/System/Library/PrivateFrameworks/AppleJPEG.framework/Versions/A/AppleJPEG
0x00000000047a3000 	/System/Library/Frameworks/ImageIO.framework/Versions/A/Resources/libJPEG.dylib
0x00000000047a3000 	/System/Library/Frameworks/ImageIO.framework/Versions/A/Resources/libTIFF.dylib
0x00000000047a3000 	/System/Library/Frameworks/ImageIO.framework/Versions/A/Resources/libPng.dylib
0x00000000047a3000 	/System/Library/Frameworks/ImageIO.framework/Versions/A/Resources/libGIF.dylib
0x00000000047a3000 	/System/Library/Frameworks/ImageIO.framework/Versions/A/Resources/libJP2.dylib
0x00000000047a3000 	/System/Library/Frameworks/ImageIO.framework/Versions/A/Resources/libRadiance.dylib
0x00000000047a3000 	/System/Library/Frameworks/CoreVideo.framework/Versions/A/CoreVideo
0x00000000047a3000 	/System/Library/Frameworks/OpenGL.framework/Versions/A/Libraries/libGLU.dylib
0x00000000047a3000 	/System/Library/Frameworks/OpenGL.framework/Versions/A/Libraries/libGFXShared.dylib
0x00000000047a3000 	/System/Library/Frameworks/OpenGL.framework/Versions/A/Libraries/libGL.dylib
0x00000000047a3000 	/System/Library/Frameworks/OpenGL.framework/Versions/A/Libraries/libGLImage.dylib
0x00000000047a3000 	/System/Library/Frameworks/OpenGL.framework/Versions/A/Libraries/libCVMSPluginSupport.dylib
0x00000000047a3000 	/System/Library/Frameworks/OpenGL.framework/Versions/A/Libraries/libCoreVMClient.dylib
0x00000000047a3000 	/usr/lib/libcups.2.dylib
0x00000000047a3000 	/System/Library/Frameworks/Kerberos.framework/Versions/A/Kerberos
0x00000000047a3000 	/System/Library/Frameworks/GSS.framework/Versions/A/GSS
0x00000000047a3000 	/usr/lib/libresolv.9.dylib
0x00000000047a3000 	/usr/lib/libiconv.2.dylib
0x00000000047a3000 	/System/Library/PrivateFrameworks/Heimdal.framework/Versions/A/Heimdal
0x00000000047a3000 	/usr/lib/libheimdal-asn1.dylib
0x00000000047a3000 	/System/Library/Frameworks/OpenDirectory.framework/Versions/A/OpenDirectory
0x00000000047a3000 	/System/Library/PrivateFrameworks/CommonAuth.framework/Versions/A/CommonAuth
0x00000000047a3000 	/System/Library/Frameworks/OpenDirectory.framework/Versions/A/Frameworks/CFOpenDirectory.framework/Versions/A/CFOpenDirectory
0x00000000047a3000 	/System/Library/Frameworks/SecurityFoundation.framework/Versions/A/SecurityFoundation
0x00000000047a3000 	/System/Library/PrivateFrameworks/LanguageModeling.framework/Versions/A/LanguageModeling
0x00000000047a3000 	/usr/lib/libcmph.dylib
0x00000000047a3000 	/System/Library/Frameworks/ServiceManagement.framework/Versions/A/ServiceManagement
0x00000000047a3000 	/usr/lib/libxslt.1.dylib
0x00000000047a3000 	/System/Library/Frameworks/Carbon.framework/Versions/A/Frameworks/Ink.framework/Versions/A/Ink
0x00000000047a3000 	/System/Library/Frameworks/QuartzCore.framework/Versions/A/Frameworks/CoreImage.framework/Versions/A/CoreImage
0x00000000047a3000 	/System/Library/PrivateFrameworks/CrashReporterSupport.framework/Versions/A/CrashReporterSupport
0x00000000047a3000 	/System/Library/Frameworks/OpenCL.framework/Versions/A/OpenCL
0x00000000047a3000 	/System/Library/PrivateFrameworks/FaceCore.framework/Versions/A/FaceCore
0x00000000047a3000 	/System/Library/PrivateFrameworks/Ubiquity.framework/Versions/A/Ubiquity
0x00000000047a3000 	/System/Library/PrivateFrameworks/IconServices.framework/Versions/A/IconServices
0x00000000047a3000 	/System/Library/PrivateFrameworks/ChunkingLibrary.framework/Versions/A/ChunkingLibrary
0x00000000047a3000 	/System/Library/PrivateFrameworks/Apple80211.framework/Versions/A/Apple80211
0x00000000047a3000 	/System/Library/Frameworks/CoreWLAN.framework/Versions/A/CoreWLAN
0x00000000047a3000 	/System/Library/Frameworks/IOBluetooth.framework/Versions/A/IOBluetooth
0x00000000047a3000 	/System/Library/PrivateFrameworks/CoreWiFi.framework/Versions/A/CoreWiFi
0x00000000047a3000 	/System/Library/Frameworks/CoreBluetooth.framework/Versions/A/CoreBluetooth
0x00000000047a3000 	/System/Library/PrivateFrameworks/DebugSymbols.framework/Versions/A/DebugSymbols
0x00000000047a3000 	/System/Library/PrivateFrameworks/CoreSymbolication.framework/Versions/A/CoreSymbolication
0x00000000047a3000 	/System/Library/PrivateFrameworks/Symbolication.framework/Versions/A/Symbolication
0x00000000047a3000 	/System/Library/PrivateFrameworks/SpeechRecognitionCore.framework/Versions/A/SpeechRecognitionCore
0x000000010c800000 	/Library/Java/JavaVirtualMachines/jdk1.8.0_40.jdk/Contents/Home/jre/lib/server/libjvm.dylib
0x00000000047a3000 	/usr/lib/libstdc++.6.dylib
0x000000010b747000 	/Library/Java/JavaVirtualMachines/jdk1.8.0_40.jdk/Contents/Home/jre/lib/libverify.dylib
0x000000010b755000 	/Library/Java/JavaVirtualMachines/jdk1.8.0_40.jdk/Contents/Home/jre/lib/libjava.dylib
0x000000010b794000 	/Library/Java/JavaVirtualMachines/jdk1.8.0_40.jdk/Contents/Home/jre/lib/libzip.dylib
0x00000001293f2000 	/System/Library/Frameworks/JavaVM.framework/Frameworks/JavaRuntimeSupport.framework/JavaRuntimeSupport
0x000000012940a000 	/System/Library/Frameworks/JavaVM.framework/Versions/A/Frameworks/JavaNativeFoundation.framework/Versions/A/JavaNativeFoundation
0x000000010b7ee000 	/System/Library/Frameworks/JavaVM.framework/Versions/A/JavaVM
0x00000000047a3000 	/System/Library/Frameworks/Carbon.framework/Versions/A/Carbon
0x000000012941f000 	/System/Library/PrivateFrameworks/JavaLaunching.framework/Versions/A/JavaLaunching
0x00000000047a3000 	/System/Library/Frameworks/Carbon.framework/Versions/A/Frameworks/CommonPanels.framework/Versions/A/CommonPanels
0x00000000047a3000 	/System/Library/Frameworks/Carbon.framework/Versions/A/Frameworks/Help.framework/Versions/A/Help
0x00000000047a3000 	/System/Library/Frameworks/Carbon.framework/Versions/A/Frameworks/ImageCapture.framework/Versions/A/ImageCapture
0x00000000047a3000 	/System/Library/Frameworks/Carbon.framework/Versions/A/Frameworks/OpenScripting.framework/Versions/A/OpenScripting
0x00000000047a3000 	/System/Library/Frameworks/Carbon.framework/Versions/A/Frameworks/Print.framework/Versions/A/Print
0x00000000047a3000 	/System/Library/Frameworks/Carbon.framework/Versions/A/Frameworks/SecurityHI.framework/Versions/A/SecurityHI
0x000000012b610000 	/Applications/IntelliJ IDEA 14.app/Contents/bin/libbreakgen64.jnilib
0x000000012b716000 	/Library/Java/JavaVirtualMachines/jdk1.8.0_40.jdk/Contents/Home/jre/lib/libnet.dylib
0x000000012b775000 	/Library/Java/JavaVirtualMachines/jdk1.8.0_40.jdk/Contents/Home/jre/lib/libnio.dylib
0x000000012b9d3000 	/private/var/folders/fm/5c5lzyq932x281tnqhtw78300000gq/T/libleveldbjni-64-1-459525653601741007.8
0x000000012bb3c000 	/Library/Java/JavaVirtualMachines/jdk1.8.0_40.jdk/Contents/Home/jre/lib/libmanagement.dylib

VM Arguments:
jvm_args: -Didea.launcher.port=7541 -Didea.launcher.bin.path=/Applications/IntelliJ IDEA 14.app/Contents/bin -Dfile.encoding=UTF-8 
java_command: com.intellij.rt.execution.application.AppMain org.kubi.runner.KubiRunner
java_class_path (initial): /Library/Java/JavaVirtualMachines/jdk1.8.0_40.jdk/Contents/Home/lib/ant-javafx.jar:/Library/Java/JavaVirtualMachines/jdk1.8.0_40.jdk/Contents/Home/lib/dt.jar:/Library/Java/JavaVirtualMachines/jdk1.8.0_40.jdk/Contents/Home/lib/javafx-mx.jar:/Library/Java/JavaVirtualMachines/jdk1.8.0_40.jdk/Contents/Home/lib/jconsole.jar:/Library/Java/JavaVirtualMachines/jdk1.8.0_40.jdk/Contents/Home/lib/packager.jar:/Library/Java/JavaVirtualMachines/jdk1.8.0_40.jdk/Contents/Home/lib/sa-jdi.jar:/Library/Java/JavaVirtualMachines/jdk1.8.0_40.jdk/Contents/Home/lib/tools.jar:/Library/Java/JavaVirtualMachines/jdk1.8.0_40.jdk/Contents/Home/jre/lib/charsets.jar:/Library/Java/JavaVirtualMachines/jdk1.8.0_40.jdk/Contents/Home/jre/lib/deploy.jar:/Library/Java/JavaVirtualMachines/jdk1.8.0_40.jdk/Contents/Home/jre/lib/javaws.jar:/Library/Java/JavaVirtualMachines/jdk1.8.0_40.jdk/Contents/Home/jre/lib/jce.jar:/Library/Java/JavaVirtualMachines/jdk1.8.0_40.jdk/Contents/Home/jre/lib/jfr.jar:/Library/Java/JavaVirtualMachines/jdk1.8.0_40.jdk/Contents/Home/jre/lib/jfxswt.jar:/Library/Java/JavaVirtualMachines/jdk1.8.0_40.jdk/Contents/Home/jre/lib/jsse.jar:/Library/Java/JavaVirtualMachines/jdk1.8.0_40.jdk/Contents/Home/jre/lib/management-agent.jar:/Library/Java/JavaVirtualMachines/jdk1.8.0_40.jdk/Contents/Home/jre/lib/plugin.jar:/Library/Java/JavaVirtualMachines/jdk1.8.0_40.jdk/Contents/Home/jre/lib/resources.jar:/Library/Java/JavaVirtualMachines/jdk1.8.0_40.jdk/Contents/Home/jre/lib/rt.jar:/Library/Java/JavaVirtualMachines/jdk1.8.0_40.jdk/Contents/Home/jre/lib/ext/cldrdata.jar:/Library/Java/JavaVirtualMachines/jdk1.8.0_40.jdk/Contents/Home/jre/lib/ext/dnsns.jar:/Library/Java/JavaVirtualMachines/jdk1.8.0_40.jdk/Contents/Home/jre/lib/ext/jfxrt.jar:/Library/Java/JavaVirtualMachines/jdk1.8.0_40.jdk/Contents/Home/jre/lib/ext/localedata.jar:/Library/Java/JavaVirtualMachines/jdk1.8.0_40.jdk/Contents/Home/jre/lib/ext/nashorn.jar:/Library/Java/JavaVirtualMachines/jdk1.8.0_40.jdk/Conten
Launcher Type: SUN_STANDARD

Environment Variables:
PATH=/usr/local/bin:/usr/bin:/bin:/usr/sbin:/sbin:/usr/local/git/bin:/usr/texbin
SHELL=/bin/bash

Signal Handlers:
SIGSEGV: [libjvm.dylib+0x58ef95], sa_mask[0]=11111111011111110111111111111111, sa_flags=SA_ONSTACK|SA_RESTART|SA_SIGINFO
SIGBUS: [libjvm.dylib+0x58ef95], sa_mask[0]=11111111011111110111111111111111, sa_flags=SA_RESTART|SA_SIGINFO
SIGFPE: [libjvm.dylib+0x46c118], sa_mask[0]=11111111011111110111111111111111, sa_flags=SA_RESTART|SA_SIGINFO
SIGPIPE: [libjvm.dylib+0x46c118], sa_mask[0]=11111111011111110111111111111111, sa_flags=SA_RESTART|SA_SIGINFO
SIGXFSZ: [libjvm.dylib+0x46c118], sa_mask[0]=11111111011111110111111111111111, sa_flags=SA_RESTART|SA_SIGINFO
SIGILL: [libjvm.dylib+0x46c118], sa_mask[0]=11111111011111110111111111111111, sa_flags=SA_RESTART|SA_SIGINFO
SIGUSR1: SIG_DFL, sa_mask[0]=00000000000000000000000000000000, sa_flags=none
SIGUSR2: [libjvm.dylib+0x46bc36], sa_mask[0]=00100000000000000000000000000000, sa_flags=SA_RESTART|SA_SIGINFO
SIGHUP: [libjvm.dylib+0x46a209], sa_mask[0]=11111111011111110111111111111111, sa_flags=SA_RESTART|SA_SIGINFO
SIGINT: [libjvm.dylib+0x46a209], sa_mask[0]=11111111011111110111111111111111, sa_flags=SA_RESTART|SA_SIGINFO
SIGTERM: [libjvm.dylib+0x46a209], sa_mask[0]=11111111011111110111111111111111, sa_flags=SA_RESTART|SA_SIGINFO
SIGQUIT: [libjvm.dylib+0x46a209], sa_mask[0]=11111111011111110111111111111111, sa_flags=SA_RESTART|SA_SIGINFO


---------------  S Y S T E M  ---------------

OS:Bsduname:Darwin 14.3.0 Darwin Kernel Version 14.3.0: Mon Mar 23 11:59:05 PDT 2015; root:xnu-2782.20.48~5/RELEASE_X86_64 x86_64
rlimit: STACK 8192k, CORE 0k, NPROC 709, NOFILE 10240, AS infinity
load average:3.00 3.27 3.29

CPU:total 8 (4 cores per cpu, 2 threads per core) family 6 model 58 stepping 9, cmov, cx8, fxsr, mmx, sse, sse2, sse3, ssse3, sse4.1, sse4.2, popcnt, avx, aes, clmul, erms, ht, tsc, tscinvbit, tscinv

Memory: 4k page, physical 16777216k(1015640k free)

/proc/meminfo:


vm_info: Java HotSpot(TM) 64-Bit Server VM (25.40-b25) for bsd-amd64 JRE (1.8.0_40-b26), built on Mar  7 2015 13:53:55 by "java_re" with gcc 4.2.1 (Based on Apple Inc. build 5658) (LLVM build 2336.11.00)

time: Wed Jun 24 16:52:07 2015
elapsed time: 114 seconds (0d 0h 1m 54s)

