#
# A fatal error has been detected by the Java Runtime Environment:
#
#  SIGSEGV (0xb) at pc=0x000000012a40df79, pid=54271, tid=28931
#
# JRE version: Java(TM) SE Runtime Environment (8.0_40-b26) (build 1.8.0_40-b26)
# Java VM: Java HotSpot(TM) 64-Bit Server VM (25.40-b25 mixed mode bsd-amd64 compressed oops)
# Problematic frame:
# C  [libleveldbjni-64-1-8253129984948529394.8+0x16f79]  leveldb::Version::~Version()+0x29
#
# Failed to write core dump. Core dumps have been disabled. To enable core dumping, try "ulimit -c unlimited" before starting Java again
#
# If you would like to submit a bug report, please visit:
#   http://bugreport.java.com/bugreport/crash.jsp
# The crash happened outside the Java Virtual Machine in native code.
# See problematic frame for where to report the bug.
#

---------------  T H R E A D  ---------------

Current thread (0x00007fac051f5000):  JavaThread "XNIO-1 I/O-1" [_thread_in_native, id=28931, stack(0x000000012be77000,0x000000012bf77000)]

siginfo: si_signo: 11 (SIGSEGV), si_code: 0 (unknown), si_addr: 0x0000000000000000

Registers:
RAX=0x6000000000000000, RBX=0x00007fac02e49960, RCX=0x00007fac0593000f, RDX=0x0000000000000000
RSP=0x000000012bf75af0, RBP=0x000000012bf75b40, RSI=0x0000000000000000, RDI=0x00007fac02e49960
R8 =0x0000000000000009, R9 =0x00000000fff00000, R10=0x0000000000000004, R11=0xfffffffff8baf9b0
R12=0x0000000000000800, R13=0x0000000000000000, R14=0x00007fac05939ba0, R15=0x00007fac05939660
RIP=0x000000012a40df79, EFLAGS=0x0000000000010206, ERR=0x0000000000000000
  TRAPNO=0x000000000000000d

Top of Stack: (sp=0x000000012bf75af0)
0x000000012bf75af0:   00007fac05939798 00007fac05939780
0x000000012bf75b00:   00007fac02e49960 0000000000000000
0x000000012bf75b10:   00007fac05939798 00007fac02e49960
0x000000012bf75b20:   0000000000000800 0000000000000000
0x000000012bf75b30:   00007fac05939ba0 00007fac05939660
0x000000012bf75b40:   000000012bf75b60 000000012a40f851
0x000000012bf75b50:   00007fac02e483d0 00007fac05939ba0
0x000000012bf75b60:   000000012bf75cd0 000000012a4013ef
0x000000012bf75b70:   000000012bf75be8 000000012bf75ce8
0x000000012bf75b80:   00007fac02e483d0 000000012bf75cf8
0x000000012bf75b90:   00007fac02e49960 00007fac05939780
0x000000012bf75ba0:   000000012bf75ce0 000000010a074a00
0x000000012bf75bb0:   000000012bf75bc8 000000012bf75bc9
0x000000012bf75bc0:   000000012bf75be6 373030392d2f301d
0x000000012bf75bd0:   3437343532393931 0b01342f30393930
0x000000012bf75be0:   0000000000000008 000000012bf75c58
0x000000012bf75bf0:   000000010c273c4d 342f30393f800000
0x000000012bf75c00:   393930343f800000 0000000000000000
0x000000012bf75c10:   000000076b486128 000000012bf75c18
0x000000012bf75c20:   0000000000001000 000000010a074a00
0x000000012bf75c30:   0000000000001000 0000000000000008
0x000000012bf75c40:   000000002bf75f58 000000010a071000
0x000000012bf75c50:   0000000000000001 000000010a071000
0x000000012bf75c60:   ff80000000001000 00007fac051fffff
0x000000012bf75c70:   ff80000000001000 0000000000000000
0x000000012bf75c80:   0000000000000000 00000001258eac20
0x000000012bf75c90:   000000010a071000 0000000000000008
0x000000012bf75ca0:   38002e02472dcd47 00007fac02e483d0
0x000000012bf75cb0:   00007fac051f51f8 000000012bf75cf8
0x000000012bf75cc0:   000000012bf75de8 00007fac05939660
0x000000012bf75cd0:   000000012bf75d30 000000012a3f9d54
0x000000012bf75ce0:   0000000000000000 00007fac02e49430 

Instructions: (pc=0x000000012a40df79)
0x000000012a40df59:   55 41 54 53 48 83 ec 28 48 89 7d c0 48 8b 47 08
0x000000012a40df69:   48 8b 4f 10 48 89 41 08 48 8b 47 08 48 8b 4f 10
0x000000012a40df79:   48 89 48 10 31 c0 4c 8b 2d 82 a0 02 00 66 2e 0f
0x000000012a40df89:   1f 84 00 00 00 00 00 48 89 45 b8 48 8d 14 40 48 

Register to memory mapping:

RAX=0x6000000000000000 is an unknown value
RBX=0x00007fac02e49960 is an unknown value
RCX=0x00007fac0593000f is an unknown value
RDX=0x0000000000000000 is an unknown value
RSP=0x000000012bf75af0 is pointing into the stack for thread: 0x00007fac051f5000
RBP=0x000000012bf75b40 is pointing into the stack for thread: 0x00007fac051f5000
RSI=0x0000000000000000 is an unknown value
RDI=0x00007fac02e49960 is an unknown value
R8 =0x0000000000000009 is an unknown value
R9 =0x00000000fff00000 is an unknown value
R10=0x0000000000000004 is an unknown value
R11=0xfffffffff8baf9b0 is an unknown value
R12=0x0000000000000800 is an unknown value
R13=0x0000000000000000 is an unknown value
R14=0x00007fac05939ba0 is an unknown value
R15=0x00007fac05939660 is an unknown value


Stack: [0x000000012be77000,0x000000012bf77000],  sp=0x000000012bf75af0,  free space=1018k
Native frames: (J=compiled Java code, j=interpreted, Vv=VM code, C=native code)
C  [libleveldbjni-64-1-8253129984948529394.8+0x16f79]  leveldb::Version::~Version()+0x29
C  [libleveldbjni-64-1-8253129984948529394.8+0x18851]  leveldb::Version::Unref()+0x21
C  [libleveldbjni-64-1-8253129984948529394.8+0xa3ef]  leveldb::DBImpl::Get(leveldb::ReadOptions const&, leveldb::Slice const&, std::string*)+0x2bf
C  [libleveldbjni-64-1-8253129984948529394.8+0x2d54]  Java_org_fusesource_leveldbjni_internal_NativeDB_00024DBJNI_Get+0x94
j  org.fusesource.leveldbjni.internal.NativeDB$DBJNI.Get(JLorg/fusesource/leveldbjni/internal/NativeReadOptions;Lorg/fusesource/leveldbjni/internal/NativeSlice;J)J+0
j  org.fusesource.leveldbjni.internal.NativeDB.get(Lorg/fusesource/leveldbjni/internal/NativeReadOptions;Lorg/fusesource/leveldbjni/internal/NativeSlice;)[B+22
j  org.fusesource.leveldbjni.internal.NativeDB.get(Lorg/fusesource/leveldbjni/internal/NativeReadOptions;Lorg/fusesource/leveldbjni/internal/NativeBuffer;)[B+10
j  org.fusesource.leveldbjni.internal.NativeDB.get(Lorg/fusesource/leveldbjni/internal/NativeReadOptions;[B)[B+20
j  org.fusesource.leveldbjni.internal.JniDB.get([BLorg/iq80/leveldb/ReadOptions;)[B+27
j  org.fusesource.leveldbjni.internal.JniDB.get([B)[B+26
j  org.kevoree.modeling.drivers.leveldb.LevelDbContentDeliveryDriver.get([Lorg/kevoree/modeling/api/data/cache/KContentKey;Lorg/kevoree/modeling/api/ThrowableCallback;)V+52
j  org.kevoree.modeling.databases.websocket.WebSocketWrapper.onFullTextMessage(Lio/undertow/websockets/core/WebSocketChannel;Lio/undertow/websockets/core/BufferedTextMessage;)V+91
j  io.undertow.websockets.core.AbstractReceiveListener$2.complete(Lio/undertow/websockets/core/WebSocketChannel;Lio/undertow/websockets/core/BufferedTextMessage;)V+9
j  io.undertow.websockets.core.AbstractReceiveListener$2.complete(Lio/undertow/websockets/core/WebSocketChannel;Ljava/lang/Object;)V+6
j  io.undertow.websockets.core.BufferedTextMessage.read(Lio/undertow/websockets/core/StreamSourceFrameChannel;Lio/undertow/websockets/core/WebSocketCallback;)V+71
j  io.undertow.websockets.core.AbstractReceiveListener.readBufferedText(Lio/undertow/websockets/core/StreamSourceFrameChannel;Lio/undertow/websockets/core/BufferedTextMessage;)V+11
j  io.undertow.websockets.core.AbstractReceiveListener.bufferFullMessage(Lio/undertow/websockets/core/StreamSourceFrameChannel;)V+24
j  io.undertow.websockets.core.AbstractReceiveListener.onText(Lio/undertow/websockets/core/WebSocketChannel;Lio/undertow/websockets/core/StreamSourceFrameChannel;)V+2
j  io.undertow.websockets.core.AbstractReceiveListener.handleEvent(Lio/undertow/websockets/core/WebSocketChannel;)V+45
j  io.undertow.websockets.core.AbstractReceiveListener.handleEvent(Ljava/nio/channels/Channel;)V+5
J 1522 C1 org.xnio.ChannelListeners.invokeChannelListener(Ljava/nio/channels/Channel;Lorg/xnio/ChannelListener;)Z (40 bytes) @ 0x000000010c72ed4c [0x000000010c72ec80+0xcc]
j  io.undertow.server.protocol.framed.AbstractFramedChannel$FrameReadListener.handleEvent(Lorg/xnio/channels/StreamSourceChannel;)V+70
j  io.undertow.server.protocol.framed.AbstractFramedChannel$FrameReadListener.handleEvent(Ljava/nio/channels/Channel;)V+5
J 1522 C1 org.xnio.ChannelListeners.invokeChannelListener(Ljava/nio/channels/Channel;Lorg/xnio/ChannelListener;)Z (40 bytes) @ 0x000000010c72ed4c [0x000000010c72ec80+0xcc]
j  org.xnio.conduits.ReadReadyHandler$ChannelListenerHandler.readReady()V+34
j  org.xnio.nio.NioSocketConduit.handleReady(I)V+51
j  org.xnio.nio.WorkerThread.run()V+762
v  ~StubRoutines::call_stub
V  [libjvm.dylib+0x2e036e]  JavaCalls::call_helper(JavaValue*, methodHandle*, JavaCallArguments*, Thread*)+0x6ae
V  [libjvm.dylib+0x2e0afc]  JavaCalls::call_virtual(JavaValue*, KlassHandle, Symbol*, Symbol*, JavaCallArguments*, Thread*)+0x164
V  [libjvm.dylib+0x2e0ca8]  JavaCalls::call_virtual(JavaValue*, Handle, KlassHandle, Symbol*, Symbol*, Thread*)+0x4a
V  [libjvm.dylib+0x3331e9]  thread_entry(JavaThread*, Thread*)+0x7c
V  [libjvm.dylib+0x549acf]  JavaThread::thread_main_inner()+0x9b
V  [libjvm.dylib+0x54b1c0]  JavaThread::run()+0x1c2
V  [libjvm.dylib+0x46ea8e]  java_start(Thread*)+0xf6
C  [libsystem_pthread.dylib+0x3268]  _pthread_body+0x83
C  [libsystem_pthread.dylib+0x31e5]  _pthread_body+0x0
C  [libsystem_pthread.dylib+0x141d]  thread_start+0xd
C  0x0000000000000000

Java frames: (J=compiled Java code, j=interpreted, Vv=VM code)
j  org.fusesource.leveldbjni.internal.NativeDB$DBJNI.Get(JLorg/fusesource/leveldbjni/internal/NativeReadOptions;Lorg/fusesource/leveldbjni/internal/NativeSlice;J)J+0
j  org.fusesource.leveldbjni.internal.NativeDB.get(Lorg/fusesource/leveldbjni/internal/NativeReadOptions;Lorg/fusesource/leveldbjni/internal/NativeSlice;)[B+22
j  org.fusesource.leveldbjni.internal.NativeDB.get(Lorg/fusesource/leveldbjni/internal/NativeReadOptions;Lorg/fusesource/leveldbjni/internal/NativeBuffer;)[B+10
j  org.fusesource.leveldbjni.internal.NativeDB.get(Lorg/fusesource/leveldbjni/internal/NativeReadOptions;[B)[B+20
j  org.fusesource.leveldbjni.internal.JniDB.get([BLorg/iq80/leveldb/ReadOptions;)[B+27
j  org.fusesource.leveldbjni.internal.JniDB.get([B)[B+26
j  org.kevoree.modeling.drivers.leveldb.LevelDbContentDeliveryDriver.get([Lorg/kevoree/modeling/api/data/cache/KContentKey;Lorg/kevoree/modeling/api/ThrowableCallback;)V+52
j  org.kevoree.modeling.databases.websocket.WebSocketWrapper.onFullTextMessage(Lio/undertow/websockets/core/WebSocketChannel;Lio/undertow/websockets/core/BufferedTextMessage;)V+91
j  io.undertow.websockets.core.AbstractReceiveListener$2.complete(Lio/undertow/websockets/core/WebSocketChannel;Lio/undertow/websockets/core/BufferedTextMessage;)V+9
j  io.undertow.websockets.core.AbstractReceiveListener$2.complete(Lio/undertow/websockets/core/WebSocketChannel;Ljava/lang/Object;)V+6
j  io.undertow.websockets.core.BufferedTextMessage.read(Lio/undertow/websockets/core/StreamSourceFrameChannel;Lio/undertow/websockets/core/WebSocketCallback;)V+71
j  io.undertow.websockets.core.AbstractReceiveListener.readBufferedText(Lio/undertow/websockets/core/StreamSourceFrameChannel;Lio/undertow/websockets/core/BufferedTextMessage;)V+11
j  io.undertow.websockets.core.AbstractReceiveListener.bufferFullMessage(Lio/undertow/websockets/core/StreamSourceFrameChannel;)V+24
j  io.undertow.websockets.core.AbstractReceiveListener.onText(Lio/undertow/websockets/core/WebSocketChannel;Lio/undertow/websockets/core/StreamSourceFrameChannel;)V+2
j  io.undertow.websockets.core.AbstractReceiveListener.handleEvent(Lio/undertow/websockets/core/WebSocketChannel;)V+45
j  io.undertow.websockets.core.AbstractReceiveListener.handleEvent(Ljava/nio/channels/Channel;)V+5
J 1522 C1 org.xnio.ChannelListeners.invokeChannelListener(Ljava/nio/channels/Channel;Lorg/xnio/ChannelListener;)Z (40 bytes) @ 0x000000010c72ed4c [0x000000010c72ec80+0xcc]
j  io.undertow.server.protocol.framed.AbstractFramedChannel$FrameReadListener.handleEvent(Lorg/xnio/channels/StreamSourceChannel;)V+70
j  io.undertow.server.protocol.framed.AbstractFramedChannel$FrameReadListener.handleEvent(Ljava/nio/channels/Channel;)V+5
J 1522 C1 org.xnio.ChannelListeners.invokeChannelListener(Ljava/nio/channels/Channel;Lorg/xnio/ChannelListener;)Z (40 bytes) @ 0x000000010c72ed4c [0x000000010c72ec80+0xcc]
j  org.xnio.conduits.ReadReadyHandler$ChannelListenerHandler.readReady()V+34
j  org.xnio.nio.NioSocketConduit.handleReady(I)V+51
j  org.xnio.nio.WorkerThread.run()V+762
v  ~StubRoutines::call_stub

---------------  P R O C E S S  ---------------

Java Threads: ( => current thread )
  0x00007fac0a801000 JavaThread "Thread-0" [_thread_in_native, id=23303, stack(0x000000012a570000,0x000000012a670000)]
  0x00007fac0a800000 JavaThread "SIGINT handler" daemon [