#
# A fatal error has been detected by the Java Runtime Environment:
#
#  SIGSEGV (0xb) at pc=0x00000001287a30c7, pid=53949, tid=28931
#
# JRE version: Java(TM) SE Runtime Environment (8.0_40-b26) (build 1.8.0_40-b26)
# Java VM: Java HotSpot(TM) 64-Bit Server VM (25.40-b25 mixed mode bsd-amd64 compressed oops)
# Problematic frame:
# C  [libleveldbjni-64-1-1862494747834908863.8+0x120c7]  leveldb::MemTable::Get(leveldb::LookupKey const&, std::string*, leveldb::Status*)+0xb7
#
# Failed to write core dump. Core dumps have been disabled. To enable core dumping, try "ulimit -c unlimited" before starting Java again
#
# If you would like to submit a bug report, please visit:
#   http://bugreport.java.com/bugreport/crash.jsp
# The crash happened outside the Java Virtual Machine in native code.
# See problematic frame for where to report the bug.
#

---------------  T H R E A D  ---------------

Current thread (0x00007ffc41a87800):  JavaThread "XNIO-1 I/O-1" [_thread_in_native, id=28931, stack(0x000000012a480000,0x000000012a580000)]

siginfo: si_signo: 11 (SIGSEGV), si_code: 0 (unknown), si_addr: 0x0000000000000000

Registers:
RAX=0x0000000000000019, RBX=0x0000000000000001, RCX=0x00007ffc41575b80, RDX=0x00007ffc4530cc19
RSP=0x000000012a57ed20, RBP=0x000000012a57edc0, RSI=0x0000000000000019, RDI=0x100007ffc4157937
R8 =0x0000000000000034, R9 =0x00000001287d2950, R10=0xffffffffffffffff, R11=0xffff8004e6cc11e9
R12=0x00007ffc4530cce0, R13=0x000000012a57ee00, R14=0x00007ffc4530cc19, R15=0x00007ffc41b5dbe0
RIP=0x00000001287a30c7, EFLAGS=0x0000000000010202, ERR=0x0000000000000000
  TRAPNO=0x000000000000000d

Top of Stack: (sp=0x000000012a57ed20)
0x000000012a57ed20:   ffffffffffffffff 00007ffc41575b80
0x000000012a57ed30:   000000012a57ee10 00007ffc43806160
0x000000012a57ed40:   000000012a57ef40 0000000000000000
0x000000012a57ed50:   00007ffc41575b80 00007ffc41641150
0x000000012a57ed60:   000000012a57eda0 00007fff878e0b4e
0x000000012a57ed70:   00007ffc41641288 000020602a57ef58
0x000000012a57ed80:   000000012a57edc0 00000001287a12ad
0x000000012a57ed90:   0000000000000019 00007ffc43806160
0x000000012a57eda0:   00000000000095cc 0000000000000000
0x000000012a57edb0:   00007ffc41575b80 00007ffc41641150
0x000000012a57edc0:   000000012a57ef30 000000012879b230
0x000000012a57edd0:   000000076c626300 000000012a57ef48
0x000000012a57ede0:   00007ffc43806160 000000012a57ef58
0x000000012a57edf0:   00007ffc43852320 00007ffc41641270
0x000000012a57ee00:   000000012a57ef40 00007ffc41a87800
0x000000012a57ee10:   000000012a57ee28 000000012a57ee29
0x000000012a57ee20:   000000012a57ee42 39393234312f3019
0x000000012a57ee30:   3635333034323334 00000095cc01342f
0x000000012a57ee40:   000000012a570000 00007fff859eb289
0x000000012a57ee50:   0000000100000000 f333333333333334
0x000000012a57ee60:   0000000000000000 000000076c626830
0x000000012a57ee70:   000000010840ea00 000000076c626790
0x000000012a57ee80:   0000000000001007 000000076c6266c0
0x000000012a57ee90:   0000000000000019 0000000000000008
0x000000012a57eea0:   000000006c626800 000000010840b000
0x000000012a57eeb0:   0000000000001007 0000000108413000
0x000000012a57eec0:   ff80000000001007 000000000000ffff
0x000000012a57eed0:   000000076c626a00 0000000000000000
0x000000012a57eee0:   0000000000000000 00000006d7e4dc18
0x000000012a57eef0:   000000010840b000 0000000000000008
0x000000012a57ef00:   130085b042a4d5c1 00007ffc43806160
0x000000012a57ef10:   00007ffc41a879f8 000000012a57ef58 

Instructions: (pc=0x00000001287a30c7)
0x00000001287a30a7:   76 05 e8 82 4e 01 00 49 89 c6 8b 45 d0 eb 06 89
0x00000001287a30b7:   45 d0 49 ff c6 48 8b 8d 68 ff ff ff 48 8b 79 08
0x00000001287a30c7:   48 8b 0f 4c 8b 41 10 4c 89 75 c0 83 c0 f8 48 89
0x00000001287a30d7:   45 c8 48 8b 85 70 ff ff ff 48 8b 58 08 48 8b 40 

Register to memory mapping:

RAX=0x0000000000000019 is an unknown value
RBX=0x0000000000000001 is an unknown value
RCX=0x00007ffc41575b80 is an unknown value
RDX=0x00007ffc4530cc19 is an unknown value
RSP=0x000000012a57ed20 is pointing into the stack for thread: 0x00007ffc41a87800
RBP=0x000000012a57edc0 is pointing into the stack for thread: 0x00007ffc41a87800
RSI=0x0000000000000019 is an unknown value
RDI=0x100007ffc4157937 is an unknown value
R8 =0x0000000000000034 is an unknown value
R9 =0x00000001287d2950: _ZTVN7leveldb6DBImplE+0x10 in /private/var/folders/fm/5c5lzyq932x281tnqhtw78300000gq/T/libleveldbjni-64-1-1862494747834908863.8 at 0x0000000128791000
R10=0xffffffffffffffff is an unknown value
R11=0xffff8004e6cc11e9 is an unknown value
R12=0x00007ffc4530cce0 is an unknown value
R13=0x000000012a57ee00 is pointing into the stack for thread: 0x00007ffc41a87800
R14=0x00007ffc4530cc19 is an unknown value
R15=0x00007ffc41b5dbe0 is an unknown value


Stack: [0x000000012a480000,0x000000012a580000],  sp=0x000000012a57ed20,  free space=1019k
Native frames: (J=compiled Java code, j=interpreted, Vv=VM code, C=native code)
C  [libleveldbjni-64-1-1862494747834908863.8+0x120c7]  leveldb::MemTable::Get(leveldb::LookupKey const&, std::string*, leveldb::Status*)+0xb7
C  [libleveldbjni-64-1-1862494747834908863.8+0xa230]  leveldb::DBImpl::Get(leveldb::ReadOptions const&, leveldb::Slice const&, std::string*)+0x100
C  [libleveldbjni-64-1-1862494747834908863.8+0x2d54]  Java_org_fusesource_leveldbjni_internal_NativeDB_00024DBJNI_Get+0x94
J 875  org.fusesource.leveldbjni.internal.NativeDB$DBJNI.Get(JLorg/fusesource/leveldbjni/internal/NativeReadOptions;Lorg/fusesource/leveldbjni/internal/NativeSlice;J)J (0 bytes) @ 0x000000010a95cd26 [0x000000010a95cc40+0xe6]
J 2081 C2 org.kevoree.modeling.drivers.leveldb.LevelDbContentDeliveryDriver.get([Lorg/kevoree/modeling/api/data/cache/KContentKey;Lorg/kevoree/modeling/api/ThrowableCallback;)V (80 bytes) @ 0x000000010ad1241c [0x000000010ad11e20+0x5fc]

Java frames: (J=compiled Java code, j=interpreted, Vv=VM code)
J 875  org.fusesource.leveldbjni.internal.NativeDB$DBJNI.Get(JLorg/fusesource/leveldbjni/internal/NativeReadOptions;Lorg/fusesource/leveldbjni/internal/NativeSlice;J)J (0 bytes) @ 0x000000010a95ccac [0x000000010a95cc40+0x6c]
J 2081 C2 org.kevoree.modeling.drivers.leveldb.LevelDbContentDeliveryDriver.get([Lorg/kevoree/modeling/api/data/cache/KContentKey;Lorg/kevoree/modeling/api/ThrowableCallback;)V (80 bytes) @ 0x000000010ad1241c [0x000000010ad11e20+0x5fc]
J 1797 C1 org.kevoree.modeling.databases.websocket.WebSocketWrapper.onFullTextMessage(Lio/undertow/websockets/core/WebSocketChannel;Lio/undertow/websockets/core/BufferedTextMessage;)V (325 bytes) @ 0x000000010ab89a24 [0x000000010ab89000+0xa24]
J 1778 C1 io.undertow.websockets.core.BufferedTextMessage.read(Lio/undertow/websockets/core/StreamSourceFrameChannel;Lio/undertow/websockets/core/WebSocketCallback;)V (265 bytes) @ 0x000000010ab72184 [0x000000010ab716c0+0xac4]
J 2014 C1 io.undertow.websockets.core.AbstractReceiveListener.bufferFullMessage(Lio/undertow/websockets/core/StreamSourceFrameChannel;)V (152 bytes) @ 0x000000010acb908c [0x000000010acb7bc0+0x14cc]
J 1690 C1 io.undertow.websockets.core.AbstractReceiveListener.handleEvent(Lio/undertow/websockets/core/WebSocketChannel;)V (116 bytes) @ 0x000000010ab1ece4 [0x000000010ab1ebe0+0x104]
J 2114 C1 io.undertow.websockets.core.AbstractReceiveListener.handleEvent(Ljava/nio/channels/Channel;)V (9 bytes) @ 0x000000010ad27d94 [0x000000010ad27bc0+0x1d4]
J 2178 C2 org.xnio.ChannelListeners.invokeChannelListener(Ljava/nio/channels/Channel;Lorg/xnio/ChannelListener;)Z (40 bytes) @ 0x000000010ad6a3b0 [0x000000010ad6a2c0+0xf0]
J 2122 C1 io.undertow.server.protocol.framed.AbstractFramedChannel$FrameReadListener.handleEvent(Lorg/xnio/channels/StreamSourceChannel;)V (145 bytes) @ 0x000000010ad29344 [0x000000010ad28b40+0x804]
J 2113 C1 io.undertow.server.protocol.framed.AbstractFramedChannel$FrameReadListener.handleEvent(Ljava/nio/channels/Channel;)V (9 bytes) @ 0x000000010ad0e774 [0x000000010ad0e580+0x1f4]
J 2178 C2 org.xnio.ChannelListeners.invokeChannelListener(Ljava/nio/channels/Channel;Lorg/xnio/ChannelListener;)Z (40 bytes) @ 0x000000010ad6a3b0 [0x000000010ad6a2c0+0xf0]
J 2249 C1 io.undertow.server.protocol.framed.AbstractFramedChannel$FrameReadListener$1.run()V (13 bytes) @ 0x000000010adb244c [0x000000010adb23c0+0x8c]
J 2165 C2 org.xnio.nio.WorkerThread.safeRun(Ljava/lang/Runnable;)V (36 bytes) @ 0x000000010ad5b6ac [0x000000010ad5b5c0+0xec]
j  org.xnio.nio.WorkerThread.run()V+212
v  ~StubRoutines::call_stub

---------------  P R O C E S S  ---------------

Java Threads: ( => current thread )
  0x00007ffc4809a000 JavaThread "Thread-0" [_thread_in_Java, id=14855, stack(0x0000000136b40000,0x0000000136c40000)]
  0x00007ffc48083800 JavaThread "SIGINT handler" daemon [_thread_blocked, id=14347, stack(0x000000013693a000,0x0000000136a3a000)]
=>0x00007ffc41a87800 JavaThread "XNIO-1 I/O-1" [_thread_in_native, id=28931, stack(0x000000012a480000,0x000000012a580000)]
  0x00007ffc42134800 JavaThread "pool-1-thread-8" [_thread_blocked, id=28419, stack(0x0000000129329000,0x0000000129429000)]
  0x00007ffc41955800 JavaThread "pool-1-thread-7" [_thread_blocked, id=27907, stack(0x0000000129226000,0x0000000129326000)]
  0x00007ffc41940000 JavaThread "pool-1-thread-6" [_thread_in_vm, id=27395, stack(0x0000000129123000,0x0000000129223000)]
  0x00007ffc42134000 JavaThread "pool-1-thread-5" [_thread_blocked, id=26883, stack(0x0000000129020000,0x0000000129120000)]
  0x00007ffc42133000 JavaThread "pool-1-thread-4" [_thread_in_vm, id=26371, stack(0x0000000128f1d000,0x000000012901d000)]
  0x00007ffc42924800 JavaThread "pool-1-thread-3" [_thread_blocked, id=25859, stack(0x0000000128e1a000,0x0000000128f1a000)]
  0x00007ffc45807000 JavaThread "pool-1-thread-2" [_thread_blocked, id=25347, stack(0x0000000128d17000,0x0000000128e17000)]
  0x00007ffc428d9800 JavaThread "pool-1-thread-1" [_thread_blocked, id=24835, stack(0x0000000128c14000,0x0000000128d14000)]
  0x00007ffc45809000 JavaThread "DestroyJavaVM" [_thread_blocked, id=4867, stack(0x000000010a56a000,0x000000010a66a000)]
  0x00007ffc4195b000 JavaThread "process reaper" daemon [_thread_blocked, id=22787, stack(0x0000000128767000,0x000000012878f000)]
  0x00007ffc420e0800 JavaThread "pool-2-thread-1" [_thread_blocked, id=22275, stack(0x0000000128545000,0x0000000128645000)]
  0x00007ffc4409d000 JavaThread "Monitor Ctrl-Break" daemon [_thread_in_native, id=21763, stack(0x00000001283d3000,0x00000001284d3000)]
  0x00007ffc4401a000 JavaThread "Service Thread" daemon [_thread_blocked, id=20739, stack(0x0000000127fd8000,0x00000001280d8000)]
  0x00007ffc42863000 JavaThread "C1 CompilerThread3" daemon [_thread_in_native, id=20227, stack(0x0000000127ed5000,0x0000000127fd5000)]
  0x00007ffc42862000 JavaThread "C2 CompilerThread2" daemon [_thread_in_native, id=19715, stack(0x0000000127dd2000,0x0000000127ed2000)]
  0x00007ffc42861800 JavaThread "C2 CompilerThread1" daemon [_thread_in_native, id=19203, stack(0x0000000127ccf000,0x0000000127dcf000)]
  0x00007ffc42860000 JavaThread "C2 CompilerThread0" daemon [_thread_in_native, id=18691, stack(0x0000000127bcc000,0x0000000127ccc000)]
  0x00007ffc44019000 JavaThread "Signal Dispatcher" daemon [_thread_blocked, id=15383, stack(0x0000000127ac9000,0x0000000127bc9000)]
  0x00007ffc4182c800 JavaThread "Finalizer" daemon [_thread_blocked, id=13571, stack(0x00000001260a8000,0x00000001261a8000)]
  0x00007ffc4182b800 JavaThread "Reference Handler" daemon [_thread_blocked, id=13059, stack(0x0000000125fa5000,0x00000001260a5000)]

Other Threads:
  0x00007ffc41829000 VMThread [stack: 0x0000000125ea2000,0x0000000125fa2000] [id=12547]
  0x00007ffc44018000 WatcherThread [stack: 0x00000001280db000,0x00000001281db000] [id=21251]

VM state:not at safepoint (normal execution)

VM Mutex/Monitor currently owned by a thread: None

Heap:
 PSYoungGen      total 928256K, used 273574K [0x000000076ab00000, 0x00000007c0000000, 0x00000007c0000000)
  eden space 462336K, 9% used [0x000000076ab00000,0x000000076d3e0348,0x0000000786e80000)
  from space 465920K, 49% used [0x00000007a3580000,0x00000007b17c97e8,0x00000007bfc80000)
  to   space 465920K, 0% used [0x0000000786e80000,0x0000000786e80000,0x00000007a3580000)
 ParOldGen       total 2629120K, used 1816869K [0x00000006c0000000, 0x0000000760780000, 0x000000076ab00000)
  object space 2629120K, 69% used [0x00000006c0000000,0x000000072ee49510,0x0000000760780000)
 Metaspace       used 11943K, capacity 12100K, committed 12288K, reserved 1060864K
  class space    used 1407K, capacity 1474K, committed 1536K, reserved 1048576K

Card table byte_map: [0x0000000119a2c000,0x000000011a22d000] byte_map_base: 0x000000011642c000

Marking Bits: (ParMarkBitMap*) 0x0000000109ec27a0
 Begin Bits: [0x000000011af9b000, 0x000000011ef9b000)
 End Bits:   [0x000000011ef9b000, 0x0000000122f9b000)

Polling page: 0x0000000108549000

CodeCache: size=245760Kb used=7503Kb max_used=7572Kb free=238256Kb
 bounds [0x000000010a66c000, 0x000000010addc000, 0x000000011966c000]
 total_blobs=2628 nmethods=2241 adapters=301
 compilation: enabled

Compilation events (10 events):
Event: 23.457 Thread 0x00007ffc42862000 2277       4       java.util.concurrent.ConcurrentLinkedDeque::updateHead (68 bytes)
Event: 23.458 Thread 0x00007ffc42862000 nmethod 2277 0x000000010add1450 code [0x000000010add15a0, 0x000000010add1658]
Event: 23.461 Thread 0x00007ffc42861800 2278       4       io.undertow.websockets.core.WebSockets$2::handleEvent (9 bytes)
Event: 23.462 Thread 0x00007ffc42861800 nmethod 2278 0x000000010add1110 code [0x000000010add1260, 0x000000010add1338]
Event: 33.198 Thread 0x00007ffc42861800 2279       4       io.undertow.websockets.core.StreamSourceFrameChannel::read (145 bytes)
Event: 33.199 Thread 0x00007ffc42862000 2280   !   4       io.undertow.server.protocol.framed.AbstractFramedStreamSourceChannel::read (261 bytes)
Event: 33.202 Thread 0x00007ffc42863000 2281       3       sun.nio.ch.SelectionKeyImpl::interestOps (9 bytes)
Event: 33.203 Thread 0x00007ffc42863000 nmethod 2281 0x000000010add4b90 code [0x000000010add4d20, 0x000000010add5068]
Event: 33.204 Thread 0x00007ffc42863000 2282       3       java.util.LinkedList::poll (19 bytes)
Event: 33.205 Thread 0x00007ffc42863000 nmethod 2282 0x000000010add4790 code [0x000000010add4900, 0x000000010add4ae8]

GC Heap History (10 events):
Event: 15.074 GC heap before
{Heap before GC invocations=17 (full 3):
 PSYoungGen      total 729088K, used 576181K [0x000000076ab00000, 0x00000007b9380000, 0x00000007c0000000)
  eden space 263168K, 100% used [0x000000076ab00000,0x000000077ac00000,0x000000077ac00000)
  from space 465920K, 67% used [0x000000077ac00000,0x000000078ddad7c8,0x0000000797300000)
  to   space 465920K, 0% used [0x000000079cc80000,0x000000079cc80000,0x00000007b9380000)
 ParOldGen       total 1224192K, used 943909K [0x00000006c0000000, 0x000000070ab80000, 0x000000076ab00000)
  object space 1224192K, 77% used [0x00000006c0000000,0x00000006f99c96b8,0x000000070ab80000)
 Metaspace       used 11908K, capacity 12100K, committed 12288K, reserved 1060864K
  class space    used 1401K, capacity 1474K, committed 1536K, reserved 1048576K
Event: 15.762 GC heap after
Heap after GC invocations=17 (full 3):
 PSYoungGen      total 820736K, used 404661K [0x000000076ab00000, 0x00000007b9c00000, 0x00000007c0000000)
  eden space 354816K, 0% used [0x000000076ab00000,0x000000076ab00000,0x0000000780580000)
  from space 465920K, 86% used [0x000000079cc80000,0x00000007b57ad770,0x00000007b9380000)
  to   space 465920K, 0% used [0x0000000780580000,0x0000000780580000,0x000000079cc80000)
 ParOldGen       total 1224192K, used 1076127K [0x00000006c0000000, 0x000000070ab80000, 0x000000076ab00000)
  object space 1224192K, 87% used [0x00000006c0000000,0x0000000701ae7e10,0x000000070ab80000)
 Metaspace       used 11908K, capacity 12100K, committed 12288K, reserved 1060864K
  class space    used 1401K, capacity 1474K, committed 1536K, reserved 1048576K
}
Event: 15.762 GC heap before
{Heap before GC invocations=18 (full 4):
 PSYoungGen      total 820736K, used 404661K [0x000000076ab00000, 0x00000007b9c00000, 0x00000007c0000000)
  eden space 354816K, 0% used [0x000000076ab00000,0x000000076ab00000,0x0000000780580000)
  from space 465920K, 86% used [0x000000079cc80000,0x00000007b57ad770,0x00000007b9380000)
  to   space 465920K, 0% used [0x0000000780580000,0x0000000780580000,0x000000079cc80000)
 ParOldGen       total 1224192K, used 1076127K [0x00000006c0000000, 0x000000070ab80000, 0x000000076ab00000)
  object space 1224192K, 87% used [0x00000006c0000000,0x0000000701ae7e10,0x000000070ab80000)
 Metaspace       used 11908K, capacity 12100K, committed 12288K, reserved 1060864K
  class space    used 1401K, capacity 1474K, committed 1536K, reserved 1048576K
Event: 21.925 GC heap after
Heap after GC invocations=18 (full 4):
 PSYoungGen      total 820736K, used 250175K [0x000000076ab00000, 0x00000007b9c00000, 0x00000007c0000000)
  eden space 354816K, 0% used [0x000000076ab00000,0x000000076ab00000,0x0000000780580000)
  from space 465920K, 53% used [0x000000079cc80000,0x00000007ac0cfc00,0x00000007b9380000)
  to   space 465920K, 0% used [0x0000000780580000,0x0000000780580000,0x000000079cc80000)
 ParOldGen       total 1817088K, used 1223794K [0x00000006c0000000, 0x000000072ee80000, 0x000000076ab00000)
  object space 1817088K, 67% used [0x00000006c0000000,0x000000070ab1ca30,0x000000072ee80000)
 Metaspace       used 11908K, capacity 12100K, committed 12288K, reserved 1060864K
  class space    used 1401K, capacity 1474K, committed 1536K, reserved 1048576K
}
Event: 22.173 GC heap before
{Heap before GC invocations=19 (full 4):
 PSYoungGen      total 820736K, used 604991K [0x000000076ab00000, 0x00000007b9c00000, 0x00000007c0000000)
  eden space 354816K, 100% used [0x000000076ab00000,0x0000000780580000,0x0000000780580000)
  from space 465920K, 53% used [0x000000079cc80000,0x00000007ac0cfc00,0x00000007b9380000)
  to   space 465920K, 0% used [0x0000000780580000,0x0000000780580000,0x000000079cc80000)
 ParOldGen       total 1817088K, used 1223794K [0x00000006c0000000, 0x000000072ee80000, 0x000000076ab00000)
  object space 1817088K, 67% used [0x00000006c0000000,0x000000070ab1ca30,0x000000072ee80000)
 Metaspace       used 11913K, capacity 12100K, committed 12288K, reserved 1060864K
  class space    used 1401K, capacity 1474K, committed 1536K, reserved 1048576K
Event: 22.987 GC heap after
Heap after GC invocations=19 (full 4):
 PSYoungGen      total 820736K, used 301568K [0x000000076ab00000, 0x00000007bfc80000, 0x00000007c0000000)
  eden space 354816K, 0% used [0x000000076ab00000,0x000000076ab00000,0x0000000780580000)
  from space 465920K, 64% used [0x0000000780580000,0x0000000792c00000,0x000000079cc80000)
  to   space 465920K, 0% used [0x00000007a3580000,0x00000007a3580000,0x00000007bfc80000)
 ParOldGen       total 1817088K, used 1474938K [0x00000006c0000000, 0x000000072ee80000, 0x000000076ab00000)
  object space 1817088K, 81% used [0x00000006c0000000,0x000000071a05ea30,0x000000072ee80000)
 Metaspace       used 11913K, capacity 12100K, committed 12288K, reserved 1060864K
  class space    used 1401K, capacity 1474K, committed 1536K, reserved 1048576K
}
Event: 23.472 GC heap before
{Heap before GC invocations=20 (full 4):
 PSYoungGen      total 820736K, used 656384K [0x000000076ab00000, 0x00000007bfc80000, 0x00000007c0000000)
  eden space 354816K, 100% used [0x000000076ab00000,0x0000000780580000,0x0000000780580000)
  from space 465920K, 64% used [0x0000000780580000,0x0000000792c00000,0x000000079cc80000)
  to   space 465920K, 0% used [0x00000007a3580000,0x00000007a3580000,0x00000007bfc80000)
 ParOldGen       total 1817088K, used 1474938K [0x00000006c0000000, 0x000000072ee80000, 0x000000076ab00000)
  object space 1817088K, 81% used [0x00000006c0000000,0x000000071a05ea30,0x000000072ee80000)
 Metaspace       used 11915K, capacity 12100K, committed 12288K, reserved 1060864K
  class space    used 1401K, capacity 1474K, committed 1536K, reserved 1048576K
Event: 24.402 GC heap after
Heap after GC invocations=20 (full 4):
 PSYoungGen      total 928256K, used 280687K [0x000000076ab00000, 0x00000007c0000000, 0x00000007c0000000)
  eden space 462336K, 0% used [0x000000076ab00000,0x000000076ab00000,0x0000000786e80000)
  from space 465920K, 60% used [0x00000007a3580000,0x00000007b479be40,0x00000007bfc80000)
  to   space 465920K, 0% used [0x0000000786e80000,0x0000000786e80000,0x00000007a3580000)
 ParOldGen       total 1817088K, used 1776338K [0x00000006c0000000, 0x000000072ee80000, 0x000000076ab00000)
  object space 1817088K, 97% used [0x00000006c0000000,0x000000072c6b4a30,0x000000072ee80000)
 Metaspace       used 11915K, capacity 12100K, committed 12288K, reserved 1060864K
  class space    used 1401K, capacity 1474K, committed 1536K, reserved 1048576K
}
Event: 24.402 GC heap before
{Heap before GC invocations=21 (full 5):
 PSYoungGen      total 928256K, used 280687K [0x000000076ab00000, 0x00000007c0000000, 0x00000007c0000000)
  eden space 462336K, 0% used [0x000000076ab00000,0x000000076ab00000,0x0000000786e80000)
  from space 465920K, 60% used [0x00000007a3580000,0x00000007b479be40,0x00000007bfc80000)
  to   space 465920K, 0% used [0x0000000786e80000,0x0000000786e80000,0x00000007a3580000)
 ParOldGen       total 1817088K, used 1776338K [0x00000006c0000000, 0x000000072ee80000, 0x000000076ab00000)
  object space 1817088K, 97% used [0x00000006c0000000,0x000000072c6b4a30,0x000000072ee80000)
 Metaspace       used 11915K, capacity 12100K, committed 12288K, reserved 1060864K
  class space    used 1401K, capacity 1474K, committed 1536K, reserved 1048576K
Event: 33.197 GC heap after
Heap after GC invocations=21 (full 5):
 PSYoungGen      total 928256K, used 231717K [0x000000076ab00000, 0x00000007c0000000, 0x00000007c0000000)
  eden space 462336K, 0% used [0x000000076ab00000,0x000000076ab00000,0x0000000786e80000)
  from space 465920K, 49% used [0x00000007a3580000,0x00000007b17c97e8,0x00000007bfc80000)
  to   space 465920K, 0% used [0x0000000786e80000,0x0000000786e80000,0x00000007a3580000)
 ParOldGen       total 2629120K, used 1816869K [0x00000006c0000000, 0x0000000760780000, 0x000000076ab00000)
  object space 2629120K, 69% used [0x00000006c0000000,0x000000072ee49510,0x0000000760780000)
 Metaspace       used 11915K, capacity 12100K, committed 12288K, reserved 1060864K
  class space    used 1401K, capacity 1474K, committed 1536K, reserved 1048576K
}

Deoptimization events (10 events):
Event: 33.203 Thread 0x00007ffc45808800 Uncommon trap: reason=unstable_if action=reinterpret pc=0x000000010acf2c74 method=java.util.concurrent.ThreadPoolExecutor.getTask()Ljava/lang/Runnable; @ 16
Event: 33.203 Thread 0x00007ffc4809a000 Uncommon trap: reason=unstable_if action=reinterpret pc=0x000000010a9835b8 method=java.util.concurrent.locks.ReentrantLock$Sync.tryRelease(I)Z @ 28
Event: 33.203 Thread 0x00007ffc45808800 Uncommon trap: reason=unstable_if action=reinterpret pc=0x000000010abe74cc method=java.util.concurrent.locks.AbstractQueuedSynchronizer.addWaiter(Ljava/util/concurrent/locks/AbstractQueuedSynchronizer$Node;)Ljava/util/concurrent/locks/AbstractQueuedSynchr
Event: 33.203 Thread 0x00007ffc4809a000 Uncommon trap: reason=unstable_if action=reinterpret pc=0x000000010a91af50 method=java.util.concurrent.ThreadPoolExecutor.isRunning(I)Z @ 1
Event: 33.203 Thread 0x00007ffc42912000 Uncommon trap: reason=class_check action=maybe_recompile pc=0x000000010acd147c method=org.kevoree.modeling.api.data.manager.DefaultKDataManager.entry(Lorg/kevoree/modeling/api/KObject;Lorg/kevoree/modeling/api/data/manager/AccessMode;)Lorg/kevoree/modelin
Event: 33.205 Thread 0x00007ffc4809a000 Uncommon trap: reason=unstable_if action=reinterpret pc=0x000000010ace3bd0 method=java.util.concurrent.ThreadPoolExecutor.runStateAtLeast(II)Z @ 2
Event: 33.205 Thread 0x00007ffc4809a000 Uncommon trap: reason=unstable_if action=reinterpret pc=0x000000010aa60190 method=java.util.concurrent.locks.ReentrantLock$Sync.nonfairTryAcquire(I)Z @ 34
Event: 33.206 Thread 0x00007ffc4809a000 Uncommon trap: reason=unstable_if action=reinterpret pc=0x000000010aa0bca4 method=java.util.concurrent.locks.ReentrantLock$Sync.tryRelease(I)Z @ 28
Event: 33.206 Thread 0x00007ffc4809a000 Uncommon trap: reason=unstable_if action=reinterpret pc=0x000000010a9d5410 method=java.util.concurrent.locks.AbstractQueuedSynchronizer.release(I)Z @ 5
Event: 33.209 Thread 0x00007ffc41940000 Uncommon trap: reason=unstable_if action=reinterpret pc=0x000000010ab36fd0 method=org.kevoree.modeling.drivers.leveldb.LevelDbContentDeliveryDriver.get([Lorg/kevoree/modeling/api/data/cache/KContentKey;Lorg/kevoree/modeling/api/ThrowableCallback;)V @ 4

Internal exceptions (10 events):
Event: 0.289 Thread 0x00007ffc44001800 Exception <a 'java/lang/NoSuchFieldError': method resolution failed> (0x000000076b6e3218) thrown at [/Users/java_re/workspace/8-2-build-macosx-x86_64/jdk8u40/3098/hotspot/src/share/vm/prims/methodHandles.cpp, line 1125]
Event: 0.644 Thread 0x00007ffc42912000 Exception <a 'java/lang/ArrayIndexOutOfBoundsException'> (0x000000076d872c18) thrown at [/Users/java_re/workspace/8-2-build-macosx-x86_64/jdk8u40/3098/hotspot/src/share/vm/runtime/sharedRuntime.cpp, line 605]
Event: 0.644 Thread 0x00007ffc42912000 Exception <a 'java/lang/ArrayIndexOutOfBoundsException'> (0x000000076d8738e0) thrown at [/Users/java_re/workspace/8-2-build-macosx-x86_64/jdk8u40/3098/hotspot/src/share/vm/runtime/sharedRuntime.cpp, line 605]
Event: 0.644 Thread 0x00007ffc42912000 Exception <a 'java/lang/ArrayIndexOutOfBoundsException'> (0x000000076d8747e8) thrown at [/Users/java_re/workspace/8-2-build-macosx-x86_64/jdk8u40/3098/hotspot/src/share/vm/runtime/sharedRuntime.cpp, line 605]
Event: 0.645 Thread 0x00007ffc42912000 Exception <a 'java/lang/ArrayIndexOutOfBoundsException'> (0x000000076d875eb8) thrown at [/Users/java_re/workspace/8-2-build-macosx-x86_64/jdk8u40/3098/hotspot/src/share/vm/runtime/sharedRuntime.cpp, line 605]
Event: 0.658 Thread 0x00007ffc42912000 Exception <a 'java/lang/ArrayIndexOutOfBoundsException'> (0x000000076d89dcf0) thrown at [/Users/java_re/workspace/8-2-build-macosx-x86_64/jdk8u40/3098/hotspot/src/share/vm/runtime/sharedRuntime.cpp, line 605]
Event: 0.658 Thread 0x00007ffc42912000 Exception <a 'java/lang/ArrayIndexOutOfBoundsException'> (0x000000076d89eea8) thrown at [/Users/java_re/workspace/8-2-build-macosx-x86_64/jdk8u40/3098/hotspot/src/share/vm/runtime/sharedRuntime.cpp, line 605]
Event: 0.659 Thread 0x00007ffc42912000 Exception <a 'java/lang/ArrayIndexOutOfBoundsException'> (0x000000076d8a0390) thrown at [/Users/java_re/workspace/8-2-build-macosx-x86_64/jdk8u40/3098/hotspot/src/share/vm/runtime/sharedRuntime.cpp, line 605]
Event: 0.690 Thread 0x00007ffc42912000 Exception <a 'java/lang/ArrayIndexOutOfBoundsException'> (0x000000076b086368) thrown at [/Users/java_re/workspace/8-2-build-macosx-x86_64/jdk8u40/3098/hotspot/src/share/vm/runtime/sharedRuntime.cpp, line 605]
Event: 0.702 Thread 0x00007ffc42912000 Exception <a 'java/lang/ArrayIndexOutOfBoundsException'> (0x000000076b0959e8) thrown at [/Users/java_re/workspace/8-2-build-macosx-x86_64/jdk8u40/3098/hotspot/src/share/vm/runtime/sharedRuntime.cpp, line 605]

Events (10 events):
Event: 33.206 loading class org/kevoree/modeling/databases/websocket/WebSocketWrapper$1
Event: 33.206 loading class org/kevoree/modeling/databases/websocket/WebSocketWrapper$1 done
Event: 33.206 Thread 0x00007ffc42863000 flushing nmethod 0x000000010a798510
Event: 33.206 Thread 0x00007ffc42863000 flushing nmethod 0x000000010a79cc50
Event: 33.206 Thread 0x00007ffc42863000 flushing nmethod 0x000000010a7acf10
Event: 33.206 Thread 0x00007ffc42863000 flushing nmethod 0x000000010a7ad990
Event: 33.206 Thread 0x00007ffc42863000 flushing nmethod 0x000000010a7b9dd0
Event: 33.206 Thread 0x00007ffc42863000 flushing nmethod 0x000000010a7bc1d0
Event: 33.209 Thread 0x00007ffc41940000 Uncommon trap: trap_request=0xffffff65 fr.pc=0x000000010ab36fd0
Event: 33.209 Thread 0x00007ffc42924800 Uncommon trap: trap_request=0xffffff65 fr.pc=0x000000010ada1bcc


Dynamic libraries:
0x00000000047a3000 	/System/Library/Frameworks/Cocoa.framework/Versions/A/Cocoa
0x00000000047a3000 	/System/Library/Frameworks/Security.framework/Versions/A/Security
0x00000000047a3000 	/System/Library/Frameworks/ApplicationServices.framework/Versions/A/ApplicationServices
0x00000000047a3000 	/usr/lib/libz.1.dylib
0x00000000047a3000 	/usr/lib/libSystem.B.dylib
0x00000000047a3000 	/usr/lib/libobjc.A.dylib
0x00000000047a3000 	/System/Library/Frameworks/CoreFoundation.framework/Versions/A/CoreFoundation
0x00000000047a3000 	/System/Library/Frameworks/Foundation.framework/Versions/C/Foundation
0x00000000047a3000 	/System/Library/Frameworks/AppKit.framework/Versions/C/AppKit
0x00000000047a3000 	/System/Library/Frameworks/CoreData.framework/Versions/A/CoreData
0x00000000047a3000 	/System/Library/PrivateFrameworks/RemoteViewServices.framework/Versions/A/RemoteViewServices
0x00000000047a3000 	/System/Library/PrivateFrameworks/UIFoundation.framework/Versions/A/UIFoundation
0x00000000047a3000 	/System/Library/Frameworks/IOSurface.framework/Versions/A/IOSurface
0x00000000047a3000 	/System/Library/Frameworks/AudioToolbox.framework/Versions/A/AudioToolbox
0x00000000047a3000 	/System/Library/Frameworks/AudioUnit.framework/Versions/A/AudioUnit
0x00000000047a3000 	/System/Library/PrivateFrameworks/DataDetectorsCore.framework/Versions/A/DataDetectorsCore
0x00000000047a3000 	/System/Library/PrivateFrameworks/DesktopServicesPriv.framework/Versions/A/DesktopServicesPriv
0x00000000047a3000 	/System/Library/Frameworks/Carbon.framework/Versions/A/Frameworks/HIToolbox.framework/Versions/A/HIToolbox
0x00000000047a3000 	/System/Library/Frameworks/QuartzCore.framework/Versions/A/QuartzCore
0x00000000047a3000 	/System/Library/Frameworks/Carbon.framework/Versions/A/Frameworks/SpeechRecognition.framework/Versions/A/SpeechRecognition
0x00000000047a3000 	/usr/lib/libauto.dylib
0x00000000047a3000 	/usr/lib/libicucore.A.dylib
0x00000000047a3000 	/usr/lib/libxml2.2.dylib
0x00000000047a3000 	/System/Library/PrivateFrameworks/CoreUI.framework/Versions/A/CoreUI
0x00000000047a3000 	/System/Library/Frameworks/CoreAudio.framework/Versions/A/CoreAudio
0x00000000047a3000 	/System/Library/Frameworks/DiskArbitration.framework/Versions/A/DiskArbitration
0x00000000047a3000 	/usr/lib/liblangid.dylib
0x00000000047a3000 	/System/Library/PrivateFrameworks/MultitouchSupport.framework/Versions/A/MultitouchSupport
0x00000000047a3000 	/System/Library/Frameworks/IOKit.framework/Versions/A/IOKit
0x00000000047a3000 	/usr/lib/libDiagnosticMessagesClient.dylib
0x00000000047a3000 	/System/Library/Frameworks/CoreServices.framework/Versions/A/CoreServices
0x00000000047a3000 	/System/Library/PrivateFrameworks/PerformanceAnalysis.framework/Versions/A/PerformanceAnalysis
0x00000000047a3000 	/System/Library/PrivateFrameworks/GenerationalStorage.framework/Versions/A/GenerationalStorage
0x00000000047a3000 	/System/Library/Frameworks/OpenGL.framework/Versions/A/OpenGL
0x00000000047a3000 	/System/Library/PrivateFrameworks/Sharing.framework/Versions/A/Sharing
0x00000000047a3000 	/System/Library/Frameworks/CoreGraphics.framework/Versions/A/CoreGraphics
0x00000000047a3000 	/System/Library/Frameworks/CoreText.framework/Versions/A/CoreText
0x00000000047a3000 	/System/Library/Frameworks/ImageIO.framework/Versions/A/ImageIO
0x00000000047a3000 	/usr/lib/libextension.dylib
0x00000000047a3000 	/System/Library/PrivateFrameworks/Backup.framework/Versions/A/Backup
0x00000000047a3000 	/usr/lib/libarchive.2.dylib
0x00000000047a3000 	/System/Library/Frameworks/CFNetwork.framework/Versions/A/CFNetwork
0x00000000047a3000 	/System/Library/Frameworks/SystemConfiguration.framework/Versions/A/SystemConfiguration
0x00000000047a3000 	/usr/lib/libCRFSuite.dylib
0x00000000047a3000 	/usr/lib/libc++.1.dylib
0x00000000047a3000 	/usr/lib/libc++abi.dylib
0x00000000047a3000 	/usr/lib/system/libcache.dylib
0x00000000047a3000 	/usr/lib/system/libcommonCrypto.dylib
0x00000000047a3000 	/usr/lib/system/libcompiler_rt.dylib
0x00000000047a3000 	/usr/lib/system/libcopyfile.dylib
0x00000000047a3000 	/usr/lib/system/libcorecrypto.dylib
0x00000000047a3000 	/usr/lib/system/libdispatch.dylib
0x00000000047a3000 	/usr/lib/system/libdyld.dylib
0x00000000047a3000 	/usr/lib/system/libkeymgr.dylib
0x00000000047a3000 	/usr/lib/system/liblaunch.dylib
0x00000000047a3000 	/usr/lib/system/libmacho.dylib
0x00000000047a3000 	/usr/lib/system/libquarantine.dylib
0x00000000047a3000 	/usr/lib/system/libremovefile.dylib
0x00000000047a3000 	/usr/lib/system/libsystem_asl.dylib
0x00000000047a3000 	/usr/lib/system/libsystem_blocks.dylib
0x00000000047a3000 	/usr/lib/system/libsystem_c.dylib
0x00000000047a3000 	/usr/lib/system/libsystem_configuration.dylib
0x00000000047a3000 	/usr/lib/system/libsystem_coreservices.dylib
0x00000000047a3000 	/usr/lib/system/libsystem_coretls.dylib
0x00000000047a3000 	/usr/lib/system/libsystem_dnssd.dylib
0x00000000047a3000 	/usr/lib/system/libsystem_info.dylib
0x00000000047a3000 	/usr/lib/system/libsystem_kernel.dylib
0x00000000047a3000 	/usr/lib/system/libsystem_m.dylib
0x00000000047a3000 	/usr/lib/system/libsystem_malloc.dylib
0x00000000047a3000 	/usr/lib/system/libsystem_network.dylib
0x00000000047a3000 	/usr/lib/system/libsystem_networkextension.dylib
0x00000000047a3000 	/usr/lib/system/libsystem_notify.dylib
0x00000000047a3000 	/usr/lib/system/libsystem_platform.dylib
0x00000000047a3000 	/usr/lib/system/libsystem_pthread.dylib
0x00000000047a3000 	/usr/lib/system/libsystem_sandbox.dylib
0x00000000047a3000 	/usr/lib/system/libsystem_secinit.dylib
0x00000000047a3000 	/usr/lib/system/libsystem_stats.dylib
0x00000000047a3000 	/usr/lib/system/libsystem_trace.dylib
0x00000000047a3000 	/usr/lib/system/libunc.dylib
0x00000000047a3000 	/usr/lib/system/libunwind.dylib
0x00000000047a3000 	/usr/lib/system/libxpc.dylib
0x00000000047a3000 	/usr/lib/libbz2.1.0.dylib
0x00000000047a3000 	/usr/lib/liblzma.5.dylib
0x00000000047a3000 	/usr/lib/libbsm.0.dylib
0x00000000047a3000 	/usr/lib/libsqlite3.dylib
0x00000000047a3000 	/usr/lib/system/libkxld.dylib
0x00000000047a3000 	/usr/lib/libxar.1.dylib
0x00000000047a3000 	/usr/lib/libpam.2.dylib
0x00000000047a3000 	/usr/lib/libOpenScriptingUtil.dylib
0x00000000047a3000 	/System/Library/Frameworks/CoreServices.framework/Versions/A/Frameworks/FSEvents.framework/Versions/A/FSEvents
0x00000000047a3000 	/System/Library/Frameworks/CoreServices.framework/Versions/A/Frameworks/CarbonCore.framework/Versions/A/CarbonCore
0x00000000047a3000 	/System/Library/Frameworks/CoreServices.framework/Versions/A/Frameworks/Metadata.framework/Versions/A/Metadata
0x00000000047a3000 	/System/Library/Frameworks/CoreServices.framework/Versions/A/Frameworks/OSServices.framework/Versions/A/OSServices
0x00000000047a3000 	/System/Library/Frameworks/CoreServices.framework/Versions/A/Frameworks/SearchKit.framework/Versions/A/SearchKit
0x00000000047a3000 	/System/Library/Frameworks/CoreServices.framework/Versions/A/Frameworks/AE.framework/Versions/A/AE
0x00000000047a3000 	/System/Library/Frameworks/CoreServices.framework/Versions/A/Frameworks/LaunchServices.framework/Versions/A/LaunchServices
0x00000000047a3000 	/System/Library/Frameworks/CoreServices.framework/Versions/A/Frameworks/DictionaryServices.framework/Versions/A/DictionaryServices
0x00000000047a3000 	/System/Library/Frameworks/NetFS.framework/Versions/A/NetFS
0x00000000047a3000 	/System/Library/PrivateFrameworks/NetAuth.framework/Versions/A/NetAuth
0x00000000047a3000 	/System/Library/PrivateFrameworks/login.framework/Versions/A/Frameworks/loginsupport.framework/Versions/A/loginsupport
0x00000000047a3000 	/System/Library/PrivateFrameworks/TCC.framework/Versions/A/TCC
0x00000000047a3000 	/usr/lib/libmecabra.dylib
0x00000000047a3000 	/System/Library/Frameworks/ApplicationServices.framework/Versions/A/Frameworks/ATS.framework/Versions/A/ATS
0x00000000047a3000 	/System/Library/Frameworks/ApplicationServices.framework/Versions/A/Frameworks/ColorSync.framework/Versions/A/ColorSync
0x00000000047a3000 	/System/Library/Frameworks/ApplicationServices.framework/Versions/A/Frameworks/HIServices.framework/Versions/A/HIServices
0x00000000047a3000 	/System/Library/Frameworks/ApplicationServices.framework/Versions/A/Frameworks/LangAnalysis.framework/Versions/A/LangAnalysis
0x00000000047a3000 	/System/Library/Frameworks/ApplicationServices.framework/Versions/A/Frameworks/PrintCore.framework/Versions/A/PrintCore
0x00000000047a3000 	/System/Library/Frameworks/ApplicationServices.framework/Versions/A/Frameworks/QD.framework/Versions/A/QD
0x00000000047a3000 	/System/Library/Frameworks/ApplicationServices.framework/Versions/A/Frameworks/SpeechSynthesis.framework/Versions/A/SpeechSynthesis
0x00000000047a3000 	/System/Library/Frameworks/Accelerate.framework/Versions/A/Accelerate
0x00000000047a3000 	/System/Library/Frameworks/Accelerate.framework/Versions/A/Frameworks/vImage.framework/Versions/A/vImage
0x00000000047a3000 	/System/Library/Frameworks/Accelerate.framework/Versions/A/Frameworks/vecLib.framework/Versions/A/vecLib
0x00000000047a3000 	/System/Library/Frameworks/Accelerate.framework/Versions/A/Frameworks/vecLib.framework/Versions/A/libvDSP.dylib
0x00000000047a3000 	/System/Library/Frameworks/Accelerate.framework/Versions/A/Frameworks/vecLib.framework/Versions/A/libvMisc.dylib
0x00000000047a3000 	/System/Library/Frameworks/Accelerate.framework/Versions/A/Frameworks/vecLib.framework/Versions/A/libLAPACK.dylib
0x00000000047a3000 	/System/Library/Frameworks/Accelerate.framework/Versions/A/Frameworks/vecLib.framework/Versions/A/libBLAS.dylib
0x00000000047a3000 	/System/Library/Frameworks/Accelerate.framework/Versions/A/Frameworks/vecLib.framework/Versions/A/libLinearAlgebra.dylib
0x00000000047a3000 	/System/Library/Frameworks/ApplicationServices.framework/Versions/A/Frameworks/ATS.framework/Versions/A/Resources/libFontParser.dylib
0x00000000047a3000 	/System/Library/Frameworks/ApplicationServices.framework/Versions/A/Frameworks/ATS.framework/Versions/A/Resources/libFontRegistry.dylib
0x00000000047a3000 	/System/Library/PrivateFrameworks/AppleVPA.framework/Versions/A/AppleVPA
0x00000000047a3000 	/System/Library/PrivateFrameworks/AppleJPEG.framework/Versions/A/AppleJPEG
0x00000000047a3000 	/System/Library/Frameworks/ImageIO.framework/Versions/A/Resources/libJPEG.dylib
0x00000000047a3000 	/System/Library/Frameworks/ImageIO.framework/Versions/A/Resources/libTIFF.dylib
0x00000000047a3000 	/System/Library/Frameworks/ImageIO.framework/Versions/A/Resources/libPng.dylib
0x00000000047a3000 	/System/Library/Frameworks/ImageIO.framework/Versions/A/Resources/libGIF.dylib
0x00000000047a3000 	/System/Library/Frameworks/ImageIO.framework/Versions/A/Resources/libJP2.dylib
0x00000000047a3000 	/System/Library/Frameworks/ImageIO.framework/Versions/A/Resources/libRadiance.dylib
0x00000000047a3000 	/System/Library/Frameworks/CoreVideo.framework/Versions/A/CoreVideo
0x00000000047a3000 	/System/Library/Frameworks/OpenGL.framework/Versions/A/Libraries/libGLU.dylib
0x00000000047a3000 	/System/Library/Frameworks/OpenGL.framework/Versions/A/Libraries/libGFXShared.dylib
0x00000000047a3000 	/System/Library/Frameworks/OpenGL.framework/Versions/A/Libraries/libGL.dylib
0x00000000047a3000 	/System/Library/Frameworks/OpenGL.framework/Versions/A/Libraries/libGLImage.dylib
0x00000000047a3000 	/System/Library/Frameworks/OpenGL.framework/Versions/A/Libraries/libCVMSPluginSupport.dylib
0x00000000047a3000 	/System/Library/Frameworks/OpenGL.framework/Versions/A/Libraries/libCoreVMClient.dylib
0x00000000047a3000 	/usr/lib/libcups.2.dylib
0x00000000047a3000 	/System/Library/Frameworks/Kerberos.framework/Versions/A/Kerberos
0x00000000047a3000 	/System/Library/Frameworks/GSS.framework/Versions/A/GSS
0x00000000047a3000 	/usr/lib/libresolv.9.dylib
0x00000000047a3000 	/usr/lib/libiconv.2.dylib
0x00000000047a3000 	/System/Library/PrivateFrameworks/Heimdal.framework/Versions/A/Heimdal
0x00000000047a3000 	/usr/lib/libheimdal-asn1.dylib
0x00000000047a3000 	/System/Library/Frameworks/OpenDirectory.framework/Versions/A/OpenDirectory
0x00000000047a3000 	/System/Library/PrivateFrameworks/CommonAuth.framework/Versions/A/CommonAuth
0x00000000047a3000 	/System/Library/Frameworks/OpenDirectory.framework/Versions/A/Frameworks/CFOpenDirectory.framework/Versions/A/CFOpenDirectory
0x00000000047a3000 	/System/Library/Frameworks/SecurityFoundation.framework/Versions/A/SecurityFoundation
0x00000000047a3000 	/System/Library/PrivateFrameworks/LanguageModeling.framework/Versions/A/LanguageModeling
0x00000000047a3000 	/usr/lib/libcmph.dylib
0x00000000047a3000 	/System/Library/Frameworks/ServiceManagement.framework/Versions/A/ServiceManagement
0x00000000047a3000 	/usr/lib/libxslt.1.dylib
0x00000000047a3000 	/System/Library/Frameworks/Carbon.framework/Versions/A/Frameworks/Ink.framework/Versions/A/Ink
0x00000000047a3000 	/System/Library/Frameworks/QuartzCore.framework/Versions/A/Frameworks/CoreImage.framework/Versions/A/CoreImage
0x00000000047a3000 	/System/Library/PrivateFrameworks/CrashReporterSupport.framework/Versions/A/CrashReporterSupport
0x00000000047a3000 	/System/Library/Frameworks/OpenCL.framework/Versions/A/OpenCL
0x00000000047a3000 	/System/Library/PrivateFrameworks/FaceCore.framework/Versions/A/FaceCore
0x00000000047a3000 	/System/Library/PrivateFrameworks/Ubiquity.framework/Versions/A/Ubiquity
0x00000000047a3000 	/System/Library/PrivateFrameworks/IconServices.framework/Versions/A/IconServices
0x00000000047a3000 	/System/Library/PrivateFrameworks/ChunkingLibrary.framework/Versions/A/ChunkingLibrary
0x00000000047a3000 	/System/Library/PrivateFrameworks/Apple80211.framework/Versions/A/Apple80211
0x00000000047a3000 	/System/Library/Frameworks/CoreWLAN.framework/Versions/A/CoreWLAN
0x00000000047a3000 	/System/Library/Frameworks/IOBluetooth.framework/Versions/A/IOBluetooth
0x00000000047a3000 	/System/Library/PrivateFrameworks/CoreWiFi.framework/Versions/A/CoreWiFi
0x00000000047a3000 	/System/Library/Frameworks/CoreBluetooth.framework/Versions/A/CoreBluetooth
0x00000000047a3000 	/System/Library/PrivateFrameworks/DebugSymbols.framework/Versions/A/DebugSymbols
0x00000000047a3000 	/System/Library/PrivateFrameworks/CoreSymbolication.framework/Versions/A/CoreSymbolication
0x00000000047a3000 	/System/Library/PrivateFrameworks/Symbolication.framework/Versions/A/Symbolication
0x00000000047a3000 	/System/Library/PrivateFrameworks/SpeechRecognitionCore.framework/Versions/A/SpeechRecognitionCore
0x0000000109600000 	/Library/Java/JavaVirtualMachines/jdk1.8.0_40.jdk/Contents/Home/jre/lib/server/libjvm.dylib
0x00000000047a3000 	/usr/lib/libstdc++.6.dylib
0x0000000108506000 	/Library/Java/JavaVirtualMachines/jdk1.8.0_40.jdk/Contents/Home/jre/lib/libverify.dylib
0x0000000108514000 	/Library/Java/JavaVirtualMachines/jdk1.8.0_40.jdk/Contents/Home/jre/lib/libjava.dylib
0x0000000108553000 	/Library/Java/JavaVirtualMachines/jdk1.8.0_40.jdk/Contents/Home/jre/lib/libzip.dylib
0x00000001261aa000 	/System/Library/Frameworks/JavaVM.framework/Frameworks/JavaRuntimeSupport.framework/JavaRuntimeSupport
0x00000001261c2000 	/System/Library/Frameworks/JavaVM.framework/Versions/A/Frameworks/JavaNativeFoundation.framework/Versions/A/JavaNativeFoundation
0x00000001261d7000 	/System/Library/Frameworks/JavaVM.framework/Versions/A/JavaVM
0x00000000047a3000 	/System/Library/Frameworks/Carbon.framework/Versions/A/Carbon
0x00000001261e4000 	/System/Library/PrivateFrameworks/JavaLaunching.framework/Versions/A/JavaLaunching
0x00000000047a3000 	/System/Library/Frameworks/Carbon.framework/Versions/A/Frameworks/CommonPanels.framework/Versions/A/CommonPanels
0x00000000047a3000 	/System/Library/Frameworks/Carbon.framework/Versions/A/Frameworks/Help.framework/Versions/A/Help
0x00000000047a3000 	/System/Library/Frameworks/Carbon.framework/Versions/A/Frameworks/ImageCapture.framework/Versions/A/ImageCapture
0x00000000047a3000 	/System/Library/Frameworks/Carbon.framework/Versions/A/Frameworks/OpenScripting.framework/Versions/A/OpenScripting
0x00000000047a3000 	/System/Library/Frameworks/Carbon.framework/Versions/A/Frameworks/Print.framework/Versions/A/Print
0x00000000047a3000 	/System/Library/Frameworks/Carbon.framework/Versions/A/Frameworks/SecurityHI.framework/Versions/A/SecurityHI
0x00000001283cf000 	/Applications/IntelliJ IDEA 14.app/Contents/bin/libbreakgen64.jnilib
0x00000001284d5000 	/Library/Java/JavaVirtualMachines/jdk1.8.0_40.jdk/Contents/Home/jre/lib/libnet.dylib
0x0000000128534000 	/Library/Java/JavaVirtualMachines/jdk1.8.0_40.jdk/Contents/Home/jre/lib/libnio.dylib
0x0000000128791000 	/private/var/folders/fm/5c5lzyq932x281tnqhtw78300000gq/T/libleveldbjni-64-1-1862494747834908863.8
0x000000012942b000 	/Library/Java/JavaVirtualMachines/jdk1.8.0_40.jdk/Contents/Home/jre/lib/libmanagement.dylib

VM Arguments:
jvm_args: -Didea.launcher.port=7535 -Didea.launcher.bin.path=/Applications/IntelliJ IDEA 14.app/Contents/bin -Dfile.encoding=UTF-8 
java_command: com.intellij.rt.execution.application.AppMain org.kubi.runner.KubiRunner
java_class_path (initial): /Library/Java/JavaVirtualMachines/jdk1.8.0_40.jdk/Contents/Home/lib/ant-javafx.jar:/Library/Java/JavaVirtualMachines/jdk1.8.0_40.jdk/Contents/Home/lib/dt.jar:/Library/Java/JavaVirtualMachines/jdk1.8.0_40.jdk/Contents/Home/lib/javafx-mx.jar:/Library/Java/JavaVirtualMachines/jdk1.8.0_40.jdk/Contents/Home/lib/jconsole.jar:/Library/Java/JavaVirtualMachines/jdk1.8.0_40.jdk/Contents/Home/lib/packager.jar:/Library/Java/JavaVirtualMachines/jdk1.8.0_40.jdk/Contents/Home/lib/sa-jdi.jar:/Library/Java/JavaVirtualMachines/jdk1.8.0_40.jdk/Contents/Home/lib/tools.jar:/Library/Java/JavaVirtualMachines/jdk1.8.0_40.jdk/Contents/Home/jre/lib/charsets.jar:/Library/Java/JavaVirtualMachines/jdk1.8.0_40.jdk/Contents/Home/jre/lib/deploy.jar:/Library/Java/JavaVirtualMachines/jdk1.8.0_40.jdk/Contents/Home/jre/lib/javaws.jar:/Library/Java/JavaVirtualMachines/jdk1.8.0_40.jdk/Contents/Home/jre/lib/jce.jar:/Library/Java/JavaVirtualMachines/jdk1.8.0_40.jdk/Contents/Home/jre/lib/jfr.jar:/Library/Java/JavaVirtualMachines/jdk1.8.0_40.jdk/Contents/Home/jre/lib/jfxswt.jar:/Library/Java/JavaVirtualMachines/jdk1.8.0_40.jdk/Contents/Home/jre/lib/jsse.jar:/Library/Java/JavaVirtualMachines/jdk1.8.0_40.jdk/Contents/Home/jre/lib/management-agent.jar:/Library/Java/JavaVirtualMachines/jdk1.8.0_40.jdk/Contents/Home/jre/lib/plugin.jar:/Library/Java/JavaVirtualMachines/jdk1.8.0_40.jdk/Contents/Home/jre/lib/resources.jar:/Library/Java/JavaVirtualMachines/jdk1.8.0_40.jdk/Contents/Home/jre/lib/rt.jar:/Library/Java/JavaVirtualMachines/jdk1.8.0_40.jdk/Contents/Home/jre/lib/ext/cldrdata.jar:/Library/Java/JavaVirtualMachines/jdk1.8.0_40.jdk/Contents/Home/jre/lib/ext/dnsns.jar:/Library/Java/JavaVirtualMachines/jdk1.8.0_40.jdk/Contents/Home/jre/lib/ext/jfxrt.jar:/Library/Java/JavaVirtualMachines/jdk1.8.0_40.jdk/Contents/Home/jre/lib/ext/localedata.jar:/Library/Java/JavaVirtualMachines/jdk1.8.0_40.jdk/Contents/Home/jre/lib/ext/nashorn.jar:/Library/Java/JavaVirtualMachines/jdk1.8.0_40.jdk/Conten
Launcher Type: SUN_STANDARD

Environment Variables:
PATH=/usr/local/bin:/usr/bin:/bin:/usr/sbin:/sbin:/usr/local/git/bin:/usr/texbin
SHELL=/bin/bash

Signal Handlers:
SIGSEGV: [libjvm.dylib+0x58ef95], sa_mask[0]=11111111011111110111111111111111, sa_flags=SA_ONSTACK|SA_RESTART|SA_SIGINFO
SIGBUS: [libjvm.dylib+0x58ef95], sa_mask[0]=11111111011111110111111111111111, sa_flags=SA_RESTART|SA_SIGINFO
SIGFPE: [libjvm.dylib+0x46c118], sa_mask[0]=11111111011111110111111111111111, sa_flags=SA_RESTART|SA_SIGINFO
SIGPIPE: [libjvm.dylib+0x46c118], sa_mask[0]=11111111011111110111111111111111, sa_flags=SA_RESTART|SA_SIGINFO
SIGXFSZ: [libjvm.dylib+0x46c118], sa_mask[0]=11111111011111110111111111111111, sa_flags=SA_RESTART|SA_SIGINFO
SIGILL: [libjvm.dylib+0x46c118], sa_mask[0]=11111111011111110111111111111111, sa_flags=SA_RESTART|SA_SIGINFO
SIGUSR1: SIG_DFL, sa_mask[0]=00000000000000000000000000000000, sa_flags=none
SIGUSR2: [libjvm.dylib+0x46bc36], sa_mask[0]=00100000000000000000000000000000, sa_flags=SA_RESTART|SA_SIGINFO
SIGHUP: [libjvm.dylib+0x46a209], sa_mask[0]=11111111011111110111111111111111, sa_flags=SA_RESTART|SA_SIGINFO
SIGINT: [libjvm.dylib+0x46a209], sa_mask[0]=11111111011111110111111111111111, sa_flags=SA_RESTART|SA_SIGINFO
SIGTERM: [libjvm.dylib+0x46a209], sa_mask[0]=11111111011111110111111111111111, sa_flags=SA_RESTART|SA_SIGINFO
SIGQUIT: [libjvm.dylib+0x46a209], sa_mask[0]=11111111011111110111111111111111, sa_flags=SA_RESTART|SA_SIGINFO


---------------  S Y S T E M  ---------------

OS:Bsduname:Darwin 14.3.0 Darwin Kernel Version 14.3.0: Mon Mar 23 11:59:05 PDT 2015; root:xnu-2782.20.48~5/RELEASE_X86_64 x86_64
rlimit: STACK 8192k, CORE 0k, NPROC 709, NOFILE 10240, AS infinity
load average:6.39 4.09 3.30

CPU:total 8 (4 cores per cpu, 2 threads per core) family 6 model 58 stepping 9, cmov, cx8, fxsr, mmx, sse, sse2, sse3, ssse3, sse4.1, sse4.2, popcnt, avx, aes, clmul, erms, ht, tsc, tscinvbit, tscinv

Memory: 4k page, physical 16777216k(98556k free)

/proc/meminfo:


vm_info: Java HotSpot(TM) 64-Bit Server VM (25.40-b25) for bsd-amd64 JRE (1.8.0_40-b26), built on Mar  7 2015 13:53:55 by "java_re" with gcc 4.2.1 (Based on Apple Inc. build 5658) (LLVM build 2336.11.00)

time: Wed Jun 24 13:40:51 2015
elapsed time: 33 seconds (0d 0h 0m 33s)

