#
# A fatal error has been detected by the Java Runtime Environment:
#
#  SIGSEGV (0xb) at pc=0x0000000129426f79, pid=55019, tid=28931
#
# JRE version: Java(TM) SE Runtime Environment (8.0_40-b26) (build 1.8.0_40-b26)
# Java VM: Java HotSpot(TM) 64-Bit Server VM (25.40-b25 mixed mode bsd-amd64 compressed oops)
# Problematic frame:
# C  [libleveldbjni-64-1-4460163083472417423.8+0x16f79]  leveldb::Version::~Version()+0x29
#
# Failed to write core dump. Core dumps have been disabled. To enable core dumping, try "ulimit -c unlimited" before starting Java again
#
# If you would like to submit a bug report, please visit:
#   http://bugreport.java.com/bugreport/crash.jsp
# The crash happened outside the Java Virtual Machine in native code.
# See problematic frame for where to report the bug.
#

---------------  T H R E A D  ---------------

Current thread (0x00007fe45d105800):  JavaThread "XNIO-1 I/O-1" [_thread_in_native, id=28931, stack(0x000000012aa59000,0x000000012ab59000)]

siginfo: si_signo: 11 (SIGSEGV), si_code: 0 (unknown), si_addr: 0x0000000000000000

Registers:
RAX=0x8000000000000000, RBX=0x00007fe45b232760, RCX=0x00007fe45961000f, RDX=0x0000000000000000
RSP=0x000000012ab57bf0, RBP=0x000000012ab57c40, RSI=0x0000000000000000, RDI=0x00007fe45b232760
R8 =0x0000000000000005, R9 =0x00000000fffff000, R10=0x0000000000000018, R11=0xfffffffffe544ae1
R12=0x0000000000000700, R13=0x0000000000000000, R14=0x00007fe459611b50, R15=0x00007fe4596115b0
RIP=0x0000000129426f79, EFLAGS=0x0000000000010206, ERR=0x0000000000000000
  TRAPNO=0x000000000000000d

Top of Stack: (sp=0x000000012ab57bf0)
0x000000012ab57bf0:   00007fe4596116e8 00007fe4596116d0
0x000000012ab57c00:   00007fe45b232760 0000000000000000
0x000000012ab57c10:   00007fe4596116e8 00007fe45b232760
0x000000012ab57c20:   0000000000000700 0000000000000000
0x000000012ab57c30:   00007fe459611b50 00007fe4596115b0
0x000000012ab57c40:   000000012ab57c60 0000000129428851
0x000000012ab57c50:   00007fe45b01b610 00007fe459611b50
0x000000012ab57c60:   000000012ab57dd0 000000012941a3ef
0x000000012ab57c70:   000000012ab57cb0 000000012ab57de8
0x000000012ab57c80:   00007fe45b01b610 000000012ab57df8
0x000000012ab57c90:   00007fe45b232760 00007fe4596116d0
0x000000012ab57ca0:   000000012ab57de0 00007fff859eaec3
0x000000012ab57cb0:   000000012ab57cc8 000000012ab57cc9
0x000000012ab57cc0:   000000012ab57ce6 373030392d2f301d
0x000000012ab57cd0:   3437343532393931 c601312f30393930
0x000000012ab57ce0:   0000000000000007 000000012ab57d78
0x000000012ab57cf0:   000000010b273c4d 0000000000000000
0x000000012ab57d00:   0000000000000006 0000000000000a00
0x000000012ab57d10:   0000000000001001 0000000772c207a8
0x000000012ab57d20:   0000000000001001 0000000000000008
0x000000012ab57d30:   0000000072c20790 0000000109089000
0x000000012ab57d40:   000000002450d58b 0000000109089000
0x000000012ab57d50:   ff80000000001001 000000012463ffff
0x000000012ab57d60:   ff80000000001001 0000000000000000
0x000000012ab57d70:   0000000000000000 00000001248eac20
0x000000012ab57d80:   0000000109089000 0000000000000008
0x000000012ab57d90:   000000012ab57dc0 00007fff859ea877
0x000000012ab57da0:   ac00f951399c1090 00007fe45b01b610
0x000000012ab57db0:   00007fe45d1059f8 000000012ab57df8
0x000000012ab57dc0:   000000012ab57ee0 00007fe4596115b0
0x000000012ab57dd0:   000000012ab57e30 0000000129412d54
0x000000012ab57de0:   0000000000000000 00007fe45b01fa40 

Instructions: (pc=0x0000000129426f79)
0x0000000129426f59:   55 41 54 53 48 83 ec 28 48 89 7d c0 48 8b 47 08
0x0000000129426f69:   48 8b 4f 10 48 89 41 08 48 8b 47 08 48 8b 4f 10
0x0000000129426f79:   48 89 48 10 31 c0 4c 8b 2d 82 a0 02 00 66 2e 0f
0x0000000129426f89:   1f 84 00 00 00 00 00 48 89 45 b8 48 8d 14 40 48 

Register to memory mapping:

RAX=0x8000000000000000 is an unknown value
RBX=0x00007fe45b232760 is an unknown value
RCX=0x00007fe45961000f is an unknown value
RDX=0x0000000000000000 is an unknown value
RSP=0x000000012ab57bf0 is pointing into the stack for thread: 0x00007fe45d105800
RBP=0x000000012ab57c40 is pointing into the stack for thread: 0x00007fe45d105800
RSI=0x0000000000000000 is an unknown value
RDI=0x00007fe45b232760 is an unknown value
R8 =0x0000000000000005 is an unknown value
R9 =0x00000000fffff000 is an unknown value
R10=0x0000000000000018 is an unknown value
R11=0xfffffffffe544ae1 is an unknown value
R12=0x0000000000000700 is an unknown value
R13=0x0000000000000000 is an unknown value
R14=0x00007fe459611b50 is an unknown value
R15=0x00007fe4596115b0 is an unknown value


Stack: [0x000000012aa59000,0x000000012ab59000],  sp=0x000000012ab57bf0,  free space=1018k
Native frames: (J=compiled Java code, j=interpreted, Vv=VM code, C=native code)
C  [libleveldbjni-64-1-4460163083472417423.8+0x16f79]  leveldb::Version::~Version()+0x29
C  [libleveldbjni-64-1-4460163083472417423.8+0x18851]  leveldb::Version::Unref()+0x21
C  [libleveldbjni-64-1-4460163083472417423.8+0xa3ef]  leveldb::DBImpl::Get(leveldb::ReadOptions const&, leveldb::Slice const&, std::string*)+0x2bf
C  [libleveldbjni-64-1-4460163083472417423.8+0x2d54]  Java_org_fusesource_leveldbjni_internal_NativeDB_00024DBJNI_Get+0x94
j  org.fusesource.leveldbjni.internal.NativeDB$DBJNI.Get(JLorg/fusesource/leveldbjni/internal/NativeReadOptions;Lorg/fusesource/leveldbjni/internal/NativeSlice;J)J+0
j  org.fusesource.leveldbjni.internal.NativeDB.get(Lorg/fusesource/leveldbjni/internal/NativeReadOptions;Lorg/fusesource/leveldbjni/internal/NativeSlice;)[B+22
j  org.fusesource.leveldbjni.internal.NativeDB.get(Lorg/fusesource/leveldbjni/internal/NativeReadOptions;Lorg/fusesource/leveldbjni/internal/NativeBuffer;)[B+10
j  org.fusesource.leveldbjni.internal.NativeDB.get(Lorg/fusesource/leveldbjni/internal/NativeReadOptions;[B)[B+20
j  org.fusesource.leveldbjni.internal.JniDB.get([BLorg/iq80/leveldb/ReadOptions;)[B+27
j  org.fusesource.leveldbjni.internal.JniDB.get([B)[B+26
j  org.kevoree.modeling.drivers.leveldb.LevelDbContentDeliveryDriver.get([Lorg/kevoree/modeling/api/data/cache/KContentKey;Lorg/kevoree/modeling/api/ThrowableCallback;)V+52
j  org.kevoree.modeling.databases.websocket.WebSocketWrapper.onFullTextMessage(Lio/undertow/websockets/core/WebSocketChannel;Lio/undertow/websockets/core/BufferedTextMessage;)V+91
j  io.undertow.websockets.core.AbstractReceiveListener$2.complete(Lio/undertow/websockets/core/WebSocketChannel;Lio/undertow/websockets/core/BufferedTextMessage;)V+9
j  io.undertow.websockets.core.AbstractReceiveListener$2.complete(Lio/undertow/websockets/core/WebSocketChannel;Ljava/lang/Object;)V+6
j  io.undertow.websockets.core.BufferedTextMessage.read(Lio/undertow/websockets/core/StreamSourceFrameChannel;Lio/undertow/websockets/core/WebSocketCallback;)V+71
j  io.undertow.websockets.core.AbstractReceiveListener.readBufferedText(Lio/undertow/websockets/core/StreamSourceFrameChannel;Lio/undertow/websockets/core/BufferedTextMessage;)V+11
j  io.undertow.websockets.core.AbstractReceiveListener.bufferFullMessage(Lio/undertow/websockets/core/StreamSourceFrameChannel;)V+24
j  io.undertow.websockets.core.AbstractReceiveListener.onText(Lio/undertow/websockets/core/WebSocketChannel;Lio/undertow/websockets/core/StreamSourceFrameChannel;)V+2
j  io.undertow.websockets.core.AbstractReceiveListener.handleEvent(Lio/undertow/websockets/core/WebSocketChannel;)V+45
j  io.undertow.websockets.core.AbstractReceiveListener.handleEvent(Ljava/nio/channels/Channel;)V+5
j  org.xnio.ChannelListeners.invokeChannelListener(Ljava/nio/channels/Channel;Lorg/xnio/ChannelListener;)Z+18
j  io.undertow.server.protocol.framed.AbstractFramedChannel$FrameReadListener.handleEvent(Lorg/xnio/channels/StreamSourceChannel;)V+70
j  io.undertow.server.protocol.framed.AbstractFramedChannel$FrameReadListener.handleEvent(Ljava/nio/channels/Channel;)V+5
j  org.xnio.ChannelListeners.invokeChannelListener(Ljava/nio/channels/Channel;Lorg/xnio/ChannelListener;)Z+18
j  org.xnio.conduits.ReadReadyHandler$ChannelListenerHandler.readReady()V+34
j  org.xnio.nio.NioSocketConduit.handleReady(I)V+51
j  org.xnio.nio.WorkerThread.run()V+762
v  ~StubRoutines::call_stub
V  [libjvm.dylib+0x2e036e]  JavaCalls::call_helper(JavaValue*, methodHandle*, JavaCallArguments*, Thread*)+0x6ae
V  [libjvm.dylib+0x2e0afc]  JavaCalls::call_virtual(JavaValue*, KlassHandle, Symbol*, Symbol*, JavaCallArguments*, Thread*)+0x164
V  [libjvm.dylib+0x2e0ca8]  JavaCalls::call_virtual(JavaValue*, Handle, KlassHandle, Symbol*, Symbol*, Thread*)+0x4a
V  [libjvm.dylib+0x3331e9]  thread_entry(JavaThread*, Thread*)+0x7c
V  [libjvm.dylib+0x549acf]  JavaThread::thread_main_inner()+0x9b
V  [libjvm.dylib+0x54b1c0]  JavaThread::run()+0x1c2
V  [libjvm.dylib+0x46ea8e]  java_start(Thread*)+0xf6
C  [libsystem_pthread.dylib+0x3268]  _pthread_body+0x83
C  [libsystem_pthread.dylib+0x31e5]  _pthread_body+0x0
C  [libsystem_pthread.dylib+0x141d]  thread_start+0xd
C  0x0000000000000000

Java frames: (J=compiled Java code, j=interpreted, Vv=VM code)
j  org.fusesource.leveldbjni.internal.NativeDB$DBJNI.Get(JLorg/fusesource/leveldbjni/internal/NativeReadOptions;Lorg/fusesource/leveldbjni/internal/NativeSlice;J)J+0
j  org.fusesource.leveldbjni.internal.NativeDB.get(Lorg/fusesource/leveldbjni/internal/NativeReadOptions;Lorg/fusesource/leveldbjni/internal/NativeSlice;)[B+22
j  org.fusesource.leveldbjni.internal.NativeDB.get(Lorg/fusesource/leveldbjni/internal/NativeReadOptions;Lorg/fusesource/leveldbjni/internal/NativeBuffer;)[B+10
j  org.fusesource.leveldbjni.internal.NativeDB.get(Lorg/fusesource/leveldbjni/internal/NativeReadOptions;[B)[B+20
j  org.fusesource.leveldbjni.internal.JniDB.get([BLorg/iq80/leveldb/ReadOptions;)[B+27
j  org.fusesource.leveldbjni.internal.JniDB.get([B)[B+26
j  org.kevoree.modeling.drivers.leveldb.LevelDbContentDeliveryDriver.get([Lorg/kevoree/modeling/api/data/cache/KContentKey;Lorg/kevoree/modeling/api/ThrowableCallback;)V+52
j  org.kevoree.modeling.databases.websocket.WebSocketWrapper.onFullTextMessage(Lio/undertow/websockets/core/WebSocketChannel;Lio/undertow/websockets/core/BufferedTextMessage;)V+91
j  io.undertow.websockets.core.AbstractReceiveListener$2.complete(Lio/undertow/websockets/core/WebSocketChannel;Lio/undertow/websockets/core/BufferedTextMessage;)V+9
j  io.undertow.websockets.core.AbstractReceiveListener$2.complete(Lio/undertow/websockets/core/WebSocketChannel;Ljava/lang/Object;)V+6
j  io.undertow.websockets.core.BufferedTextMessage.read(Lio/undertow/websockets/core/StreamSourceFrameChannel;Lio/undertow/websockets/core/WebSocketCallback;)V+71
j  io.undertow.websockets.core.AbstractReceiveListener.readBufferedText(Lio/undertow/websockets/core/StreamSourceFrameChannel;Lio/undertow/websockets/core/BufferedTextMessage;)V+11
j  io.undertow.websockets.core.AbstractReceiveListener.bufferFullMessage(Lio/undertow/websockets/core/StreamSourceFrameChannel;)V+24
j  io.undertow.websockets.core.AbstractReceiveListener.onText(Lio/undertow/websockets/core/WebSocketChannel;Lio/undertow/websockets/core/StreamSourceFrameChannel;)V+2
j  io.undertow.websockets.core.AbstractReceiveListener.handleEvent(Lio/undertow/websockets/core/WebSocketChannel;)V+45
j  io.undertow.websockets.core.AbstractReceiveListener.handleEvent(Ljava/nio/channels/Channel;)V+5
j  org.xnio.ChannelListeners.invokeChannelListener(Ljava/nio/channels/Channel;Lorg/xnio/ChannelListener;)Z+18
j  io.undertow.server.protocol.framed.AbstractFramedChannel$FrameReadListener.handleEvent(Lorg/xnio/channels/StreamSourceChannel;)V+70
j  io.undertow.server.protocol.framed.AbstractFramedChannel$FrameReadListener.handleEvent(Ljava/nio/channels/Channel;)V+5
j  org.xnio.ChannelListeners.invokeChannelListener(Ljava/nio/channels/Channel;Lorg/xnio/ChannelListener;)Z+18
j  org.xnio.conduits.ReadReadyHandler$ChannelListenerHandler.readReady()V+34
j  org.xnio.nio.NioSocketConduit.handleReady(I)V+51
j  org.xnio.nio.WorkerThread.run()V+762
v  ~StubRoutines::call_stub

---------------  P R O C E S S  ---------------

Java Threads: ( => current thread )
  0x00007fe45c86e000 JavaThread "Thread-0" [_thread_in_native, id=23303, stack(0x0000000129688000,0x0000000129788000)]
  0x00007fe459946800 JavaThread "SIGINT handler" daemon [_thread_blocked, id=23815, stack(0x0000000126e69000,0x0000000126f69000)]
  0x00007fe45d164800 JavaThread "XNIO-1 I/O-8" [_thread_in_native, id=32515, stack(0x000000012b16e000,0x000000012b26e000)]
  0x00007fe45c16d800 JavaThread "XNIO-1 I/O-7" [_thread_in_native, id=32003, stack(0x000000012b06b000,0x000000012b16b000)]
  0x00007fe45d163800 JavaThread "XNIO-1 I/O-6" [_thread_in_native, id=31491, stack(0x000000012af68000,0x000000012b068000)]
  0x00007fe45a0cc800 JavaThread "XNIO-1 I/O-5" [_thread_in_native, id=30979, stack(0x000000012ae65000,0x000000012af65000)]
  0x00007fe45d95e800 JavaThread "XNIO-1 I/O-4" [_thread_in_native, id=30467, stack(0x000000012ad62000,0x000000012ae62000)]
  0x00007fe459a60000 JavaThread "XNIO-1 I/O-3" [_thread_in_native, id=29955, stack(0x000000012ac5f000,0x000000012ad5f000)]
  0x00007fe459a5f800