#
# A fatal error has been detected by the Java Runtime Environment:
#
#  SIGSEGV (0xb) at pc=0x0000000120df7f79, pid=54947, tid=28931
#
# JRE version: Java(TM) SE Runtime Environment (8.0_40-b26) (build 1.8.0_40-b26)
# Java VM: Java HotSpot(TM) 64-Bit Server VM (25.40-b25 mixed mode bsd-amd64 compressed oops)
# Problematic frame:
# C  [libleveldbjni-64-1-5644823992333255897.8+0x16f79]  leveldb::Version::~Version()+0x29
#
# Failed to write core dump. Core dumps have been disabled. To enable core dumping, try "ulimit -c unlimited" before starting Java again
#
# If you would like to submit a bug report, please visit:
#   http://bugreport.java.com/bugreport/crash.jsp
# The crash happened outside the Java Virtual Machine in native code.
# See problematic frame for where to report the bug.
#

---------------  T H R E A D  ---------------

Current thread (0x00007f948c1b1000):  JavaThread "XNIO-1 I/O-1" [_thread_in_native, id=28931, stack(0x00000001224af000,0x00000001225af000)]

siginfo: si_signo: 11 (SIGSEGV), si_code: 0 (unknown), si_addr: 0x0000000000000000

Registers:
RAX=0xc000000000000000, RBX=0x00007f9488c58720, RCX=0x00007f9488f1000f, RDX=0x0000000000000000
RSP=0x00000001225adaf0, RBP=0x00000001225adb40, RSI=0x0000000000000000, RDI=0x00007f9488c58720
R8 =0x0000000000000009, R9 =0x00000000ffffffe0, R10=0x0000000000000035, R11=0x00000000007d0f60
R12=0x0000000000000700, R13=0x0000000000000000, R14=0x00007f9488f199f0, R15=0x00007f9488f19530
RIP=0x0000000120df7f79, EFLAGS=0x0000000000010206, ERR=0x0000000000000000
  TRAPNO=0x000000000000000d

Top of Stack: (sp=0x00000001225adaf0)
0x00000001225adaf0:   00007f9488f19668 00007f9488f19650
0x00000001225adb00:   00007f9488c58720 0000000000000000
0x00000001225adb10:   00007f9488f19668 00007f9488c58720
0x00000001225adb20:   0000000000000700 0000000000000000
0x00000001225adb30:   00007f9488f199f0 00007f9488f19530
0x00000001225adb40:   00000001225adb60 0000000120df9851
0x00000001225adb50:   00007f948a81f690 00007f9488f199f0
0x00000001225adb60:   00000001225adcd0 0000000120deb3ef
0x00000001225adb70:   00000001225adbb0 00000001225adce8
0x00000001225adb80:   00007f948a81f690 00000001225adcf8
0x00000001225adb90:   00007f9488c58720 00007f9488f19650
0x00000001225adba0:   00000001225adce0 0000000100a63000
0x00000001225adbb0:   00000001225adbc8 00000001225adbc9
0x00000001225adbc0:   00000001225adbe6 373030392d2f301d
0x00000001225adbd0:   3437343532393931 b001332f30393930
0x00000001225adbe0:   0000000000000007 0000000000000000
0x00000001225adbf0:   00000001225adc30 00000001225adc88
0x00000001225adc00:   0000000102c3cc4d 0000000000004600
0x00000001225adc10:   0000000000000006 000000000000000d
0x00000001225adc20:   0000000000001007 0000000100a63000
0x00000001225adc30:   0000000000001007 0000000000000008
0x00000001225adc40:   0000000072bb69b8 0000000100a5b000
0x00000001225adc50:   0000000000000001 0000000100a5b000
0x00000001225adc60:   ff80000000001007 000000011c00ffff
0x00000001225adc70:   ff80000000001007 0000000000000000
0x00000001225adc80:   0000000000000000 000000011c2b3c20
0x00000001225adc90:   0000000100a5b000 0000000000000008
0x00000001225adca0:   880030444a60b1a1 00007f948a81f690
0x00000001225adcb0:   00007f948c1b11f8 00000001225adcf8
0x00000001225adcc0:   00000001225adde8 00007f9488f19530
0x00000001225adcd0:   00000001225add30 0000000120de3d54
0x00000001225adce0:   0000000000000000 00007f948a81f670 

Instructions: (pc=0x0000000120df7f79)
0x0000000120df7f59:   55 41 54 53 48 83 ec 28 48 89 7d c0 48 8b 47 08
0x0000000120df7f69:   48 8b 4f 10 48 89 41 08 48 8b 47 08 48 8b 4f 10
0x0000000120df7f79:   48 89 48 10 31 c0 4c 8b 2d 82 a0 02 00 66 2e 0f
0x0000000120df7f89:   1f 84 00 00 00 00 00 48 89 45 b8 48 8d 14 40 48 

Register to memory mapping:

RAX=0xc000000000000000 is an unknown value
RBX=0x00007f9488c58720 is an unknown value
RCX=0x00007f9488f1000f is an unknown value
RDX=0x0000000000000000 is an unknown value
RSP=0x00000001225adaf0 is pointing into the stack for thread: 0x00007f948c1b1000
RBP=0x00000001225adb40 is pointing into the stack for thread: 0x00007f948c1b1000
RSI=0x0000000000000000 is an unknown value
