#
# A fatal error has been detected by the Java Runtime Environment:
#
#  SIGSEGV (0xb) at pc=0x000000012a540ffe, pid=53487, tid=26883
#
# JRE version: Java(TM) SE Runtime Environment (8.0_40-b26) (build 1.8.0_40-b26)
# Java VM: Java HotSpot(TM) 64-Bit Server VM (25.40-b25 mixed mode bsd-amd64 compressed oops)
# Problematic frame:
# C  [libleveldbjni-64-1-1663297676692585081.8+0x17ffe]  _ZN7leveldb7Version3GetERKNS_11ReadOptionsERKNS_9LookupKeyEPSsPNS0_8GetStatsE+0x2de
#
# Failed to write core dump. Core dumps have been disabled. To enable core dumping, try "ulimit -c unlimited" before starting Java again
#
# If you would like to submit a bug report, please visit:
#   http://bugreport.java.com/bugreport/crash.jsp
# The crash happened outside the Java Virtual Machine in native code.
# See problematic frame for where to report the bug.
#

---------------  T H R E A D  ---------------

Current thread (0x00007fd2c5802800):  JavaThread "pool-1-thread-5" [_thread_in_native, id=26883, stack(0x000000012adb8000,0x000000012aeb8000)]

siginfo: si_signo: 11 (SIGSEGV), si_code: 0 (unknown), si_addr: 0x0000000000000000

Registers:
RAX=0x600007fd2c603a8c, RBX=0x0000000000000000, RCX=0x00007fd2c60937f0, RDX=0x00007fd2c60924c0
RSP=0x000000012aeb7240, RBP=0x000000012aeb7410, RSI=0x0000000000000001, RDI=0x000000012aeb7458
R8 =0x00007fd2c3ec7790, R9 =0x000000012aeb7540, R10=0x00000000000000d8, R11=0xffff802e66fefcf9
R12=0x0000000000000001, R13=0x0000000000000000, R14=0x00007fd2c3d53cd0, R15=0x00007fd2c6093828
RIP=0x000000012a540ffe, EFLAGS=0x0000000000010247, ERR=0x0000000000000000
  TRAPNO=0x000000000000000d

Top of Stack: (sp=0x000000012aeb7240)
0x000000012aeb7240:   00000007c00ce938 000000077f760918
0x000000012aeb7250:   d942b0abd942bb59 000000077f7608f8
0x000000012aeb7260:   000000012aeb7458 ffffffff7f760868
0x000000012aeb7270:   0000000000000000 0000000000000001
0x000000012aeb7280:   0000000000000000 0000000000000001
0x000000012aeb7290:   0000000000000000 000000012aeb75a8
0x000000012aeb72a0:   00007fd2c3ec7790 00007fd2c60937f0
0x000000012aeb72b0:   00007fd2c60924c0 00007fd2c3d52d80
0x000000012aeb72c0:   0000000000000000 000000012aeb7540
0x000000012aeb72d0:   000000012aeb7310 000000012a538f5d
0x000000012aeb72e0:   000000012aeb7479 0000000000000003
0x000000012aeb72f0:   00007fd2c53f1161 0000000000000011
0x000000012aeb7300:   000000012aeb7479 00007fd2c638b578
0x000000012aeb7310:   000000012aeb7360 000000012a53ae80
0x000000012aeb7320:   00000007c00c2a40 000000012aeb7479
0x000000012aeb7330:   000000000000000b 00007fd2c53f1161
0x000000012aeb7340:   000000012aeb7360 000000012a55026a
0x000000012aeb7350:   000000012aeb7479 00007fd2c53f1161
0x000000012aeb7360:   000000012aeb7410 000000012a53b108
0x000000012aeb7370:   ffffffffffffffff 00007fd2c638b530
0x000000012aeb7380:   000000012aeb7460 00007fd2c3ec7790
0x000000012aeb7390:   000000012aeb7590 0000000000000000
0x000000012aeb73a0:   0000000000000000 0000000000000000
0x000000012aeb73b0:   0000000000000000 000000012aeb7479
0x000000012aeb73c0:   0000000000000003 000000012aeb7479
0x000000012aeb73d0:   000000000000000b 0000000000000011
0x000000012aeb73e0:   0000000000000019 00007fd2c3ec7790
0x000000012aeb73f0:   000000000000d500 0000000000000000
0x000000012aeb7400:   00007fd2c638b530 00007fd2c3d532d0
0x000000012aeb7410:   000000012aeb7580 000000012a533289
0x000000012aeb7420:   d8233d8b00000000 000000012aeb7598
0x000000012aeb7430:   00007fd2c3ec7790 000000012aeb75a8 

Instructions: (pc=0x000000012a540ffe)
0x000000012a540fde:   4c 8b 31 49 83 c6 20 48 8b 85 a0 fe ff ff eb 05
0x000000012a540fee:   66 90 49 8b 07 46 8d 2c 23 41 d1 ed 4a 8b 04 e8
0x000000012a540ffe:   48 8b 40 20 48 8b 48 e8 48 89 45 c8 48 89 4d d0
0x000000012a54100e:   4c 89 f7 48 8d 75 c8 48 8d 55 b8 e8 f2 7e ff ff 

Register to memory mapping:

RAX=0x600007fd2c603a8c is an unknown value
RBX=0x0000000000000000 is an unknown value
RCX=0x00007fd2c60937f0 is an unknown value
RDX=0x00007fd2c60924c0 is an unknown value
RSP=0x000000012aeb7240 is pointing into the stack for thread: 0x00007fd2c5802800
RBP=0x000000012aeb7410 is pointing into the stack for thread: 0x00007fd2c5802800
RSI=0x0000000000000001 is an unknown value
RDI=0x000000012aeb7458 is pointing into the stack for thread: 0x00007fd2c5802800
R8 =0x00007fd2c3ec7790 is an unknown value
R9 =0x000000012aeb7540 is pointing into the stack for thread: 0x00007fd2c5802800
R10=0x00000000000000d8 is an unknown value
R11=0xffff802e66fefcf9 is an unknown value
R12=0x0000000000000001 is an unknown value
R13=0x0000000000000000 is an unknown value
R14=0x00007fd2c3d53cd0 is an unknown value
R15=0x00007fd2c6093828 is an unknown value


Stack: [0x000000012adb8000,0x000000012aeb8000],  sp=0x000000012aeb7240,  free space=1020k
Native frames: (J=compiled Java code, j=interpreted, Vv=VM code, C=native code)
C  [libleveldbjni-64-1-1663297676692585081.8+0x17ffe]  _ZN7leveldb7Version3GetERKNS_11ReadOptionsERKNS_9LookupKeyEPSsPNS0_8GetStatsE+0x2de
C  [libleveldbjni-64-1-1663297676692585081.8+0xa289]  _ZN7leveldb6DBImpl3GetERKNS_11ReadOptionsERKNS_5SliceEPSs+0x159
C  [libleveldbjni-64-1-1663297676692585081.8+0x2d54]  Java_org_fusesource_leveldbjni_internal_NativeDB_00024DBJNI_Get+0x94
J 896  org.fusesource.leveldbjni.internal.NativeDB$DBJNI.Get(JLorg/fusesource/leveldbjni/internal/NativeReadOptions;Lorg/fusesource/leveldbjni/internal/NativeSlice;J)J (0 bytes) @ 0x000000010c68b5e6 [0x000000010c68b500+0xe6]
J 1808 C2 org.kevoree.modeling.drivers.leveldb.LevelDbContentDeliveryDriver.get([Lorg/kevoree/modeling/api/data/cache/KContentKey;Lorg/kevoree/modeling/api/ThrowableCallback;)V (80 bytes) @ 0x000000010c961bf8 [0x000000010c961600+0x5f8]

Java frames: (J=compiled Java code, j=interpreted, Vv=VM code)
J 896  org.fusesource.leveldbjni.internal.NativeDB$DBJNI.Get(JLorg/fusesource/leveldbjni/internal/NativeReadOptions;Lorg/fusesource/leveldbjni/internal/NativeSlice;J)J (0 bytes) @ 0x000000010c68b56c [0x000000010c68b500+0x6c]
J 1808 C2 org.kevoree.modeling.drivers.leveldb.LevelDbContentDeliveryDriver.get([Lorg/kevoree/modeling/api/data/cache/KContentKey;Lorg/kevoree/modeling/api/ThrowableCallback;)V (80 bytes) @ 0x000000010c961bf8 [0x000000010c961600+0x5f8]
J 1136 C2 org.kevoree.modeling.api.data.manager.DefaultKDataManager.bumpKeysToCache([Lorg/kevoree/modeling/api/data/cache/KContentKey;Lorg/kevoree/modeling/api/Callback;)V (195 bytes) @ 0x000000010c748bb8 [0x000000010c7487e0+0x3d8]
J 1835 C2 java.util.concurrent.FutureTask.run()V (126 bytes) @ 0x000000010c9acafc [0x000000010c9ac7e0+0x31c]
j  java.util.concurrent.ThreadPoolExecutor.runWorker(Ljava/util/concurrent/ThreadPoolExecutor$Worker;)V+95
j  java.util.concurrent.ThreadPoolExecutor$Worker.run()V+5
j  java.lang.Thread.run()V+11
v  ~StubRoutines::call_stub

---------------  P R O C E S S  ---------------

Java Threads: ( => current thread )
  0x00007fd2c88b3000 JavaThread "Thread-0" [_thread_blocked, id=23559, stack(0x000000012c993000,0x000000012ca93000)]
  0x00007fd2c50ef000 JavaThread "SIGINT handler" daemon [_thread_blocked, id=23303, stack(0x000000012a6a2000,0x000000012a7a2000)]
  0x00007fd2c79cd000 JavaThread "XNIO-1 I/O-8" [_thread_in_native, id=32515, stack(0x000000012c080000,0x000000012c180000)]
  0x00007fd2c79cc000 JavaThread "XNIO-1 I/O-7" [_thread_in_native, id=32003, stack(0x000000012bf7d000,0x000000012c07d000)]
  0x00007fd2c42f9000 JavaThread "XNIO-1 I/O-6" [_thread_in_native, id=31491, stack(0x000000012be7a000,0x000000012bf7a000)]
  0x00007fd2c80f9800 JavaThread "XNIO-1 I/O-5" [_thread_in_native, id=30979, stack(0x000000012bd77000,0x000000012be77000)]
  0x00007fd2c42f8800 JavaThread "XNIO-1 I/O-4" [_thread_in_native, id=30467, stack(0x000000012bc74000,0x000000012bd74000)]
  0x00007fd2c42f7800 JavaThread "XNIO-1 I/O-3" [_thread_in_native, id=29955, stack(0x000000012bb71000,0x000000012bc71000)]
  0x00007fd2c42f7000 JavaThread "XNIO-1 I/O-2" [_thread_in_native, id=29443, stack(0x000000012ba6e000,0x000000012bb6e000)]
  0x00007fd2c4089000 JavaThread "XNIO-1 I/O-1" [_thread_in_Java, id=28931, stack(0x000000012b96b000,0x000000012ba6b000)]
  0x00007fd2c7869800 JavaThread "pool-1-thread-8" [_thread_in_native, id=28419, stack(0x000000012b0c1000,0x000000012b1c1000)]
  0x00007fd2c6841800 JavaThread "pool-1-thread-7" [_thread_blocked, id=27907, stack(0x000000012afbe000,0x000000012b0be000)]
  0x00007fd2c59ab800 JavaThread "pool-1-thread-6" [_thread_in_native, id=27395, stack(0x000000012aebb000,0x000000012afbb000)]
=>0x00007fd2c5802800 JavaThread "pool-1-thread-5" [_thread_in_native, id=26883, stack(0x000000012adb8000,0x000000012aeb8000)]
  0x00007fd2c8000000 JavaThread "pool-1-thread-4" [_thread_blocked, id=26371, stack(0x000000012acb5000,0x000000012adb5000)]
  0x00007fd2c7886800 JavaThread "pool-1-thread-3" [_thread_blocked, id=25859, stack(0x000000012abb2000,0x000000012acb2000)]
  0x00007fd2c4134000 JavaThread "pool-1-thread-2" [_thread_blocked, id=25347, stack(0x000000012aaaf000,0x000000012abaf000)]
  0x00007fd2c70ee800 JavaThread "DestroyJavaVM" [_thread_blocked, id=4867, stack(0x000000010a29f000,0x000000010a39f000)]
  0x00007fd2c4135000 JavaThread "pool-1-thread-1" [_thread_blocked, id=24323, stack(0x000000012a8a9000,0x000000012a9a9000)]
  0x00007fd2c7049800 JavaThread "pool-2-thread-1" [_thread_blocked, id=22275, stack(0x000000012a2dd000,0x000000012a3dd000)]
  0x00007fd2c4803000 JavaThread "Monitor Ctrl-Break" daemon [_thread_in_native, id=21763, stack(0x000000012a16b000,0x000000012a26b000)]
  0x00007fd2c400d800 JavaThread "Service Thread" daemon [_thread_blocked, id=20739, stack(0x0000000129d71000,0x0000000129e71000)]
  0x00007fd2c4802000 JavaThread "C1 CompilerThread3" daemon [_thread_blocked, id=20227, stack(0x0000000129c6e000,0x0000000129d6e000)]
  0x00007fd2c7004000 JavaThread "C2 CompilerThread2" daemon [_thread_in_native, id=19715, stack(0x0000000129b6b000,0x0000000129c6b000)]
  0x00007fd2c7003000 JavaThread "C2 CompilerThread1" daemon [_thread_in_native, id=19203, stack(0x0000000129a68000,0x0000000129b68000)]
  0x00007fd2c702e000 JavaThread "C2 CompilerThread0" daemon [_thread_in_native, id=18691, stack(0x0000000129965000,0x0000000129a65000)]
  0x00007fd2c580b800 JavaThread "Signal Dispatcher" daemon [_thread_blocked, id=15379, stack(0x0000000129862000,0x0000000129962000)]
  0x00007fd2c7028800 JavaThread "Finalizer" daemon [_thread_blocked, id=13571, stack(0x0000000127e3d000,0x0000000127f3d000)]
  0x00007fd2c5012800 JavaThread "Reference Handler" daemon [_thread_blocked, id=13059, stack(0x0000000127d3a000,0x0000000127e3a000)]

Other Threads:
  0x00007fd2c5010000 VMThread [stack: 0x0000000127c37000,0x0000000127d37000] [id=12547]
  0x00007fd2c4037800 WatcherThread [stack: 0x0000000129e74000,0x0000000129f74000] [id=21251]

VM state:not at safepoint (normal execution)

VM Mutex/Monitor currently owned by a thread:  ([mutex/lock_event])
[0x00007fd2c3d04190] CompiledIC_lock - owner thread: 0x0000000000000000

Heap:
 PSYoungGen      total 824320K, used 341148K [0x000000076ab00000, 0x00000007bdb80000, 0x00000007c0000000)
  eden space 358400K, 95% used [0x000000076ab00000,0x000000077f827368,0x0000000780900000)
  from space 465920K, 0% used [0x0000000780900000,0x0000000780900000,0x000000079d000000)
  to   space 465920K, 0% used [0x00000007a1480000,0x00000007a1480000,0x00000007bdb80000)
 ParOldGen       total 2796544K, used 2796137K [0x00000006c0000000, 0x000000076ab00000, 0x000000076ab00000)
  object space 2796544K, 99% used [0x00000006c0000000,0x000000076aa9a438,0x000000076ab00000)
 Metaspace       used 11888K, capacity 12100K, committed 12288K, reserved 1060864K
  class space    used 1406K, capacity 1474K, committed 1536K, reserved 1048576K

Card table byte_map: [0x000000011b729000,0x000000011bf2a000] byte_map_base: 0x0000000118129000

Marking Bits: (ParMarkBitMap*) 0x000000010bcc27a0
 Begin Bits: [0x000000011cc98000, 0x0000000120c98000)
 End Bits:   [0x0000000120c98000, 0x0000000124c98000)

Polling page: 0x000000010a3e4000

CodeCache: size=245760Kb used=6814Kb max_used=6918Kb free=238945Kb
 bounds [0x000000010c369000, 0x000000010ca59000, 0x000000011b369000]
 total_blobs=2336 nmethods=1948 adapters=302
 compilation: enabled

Compilation events (10 events):
Event: 78.510 Thread 0x00007fd2c4802000 1996       3       java.util.logging.LogManager::access$100 (4 bytes)
Event: 78.511 Thread 0x00007fd2c4802000 nmethod 1996 0x000000010c46bad0 code [0x000000010c46bc20, 0x000000010c46bd50]
Event: 78.512 Thread 0x00007fd2c4802000 1997       3       java.util.logging.LogManager$LoggerContext::requiresDefaultLoggers (29 bytes)
Event: 78.514 Thread 0x00007fd2c4802000 nmethod 1997 0x000000010c478bd0 code [0x000000010c478d60, 0x000000010c479188]
Event: 78.519 Thread 0x00007fd2c4802000 1998       3       java.nio.CharBuffer::hasArray (20 bytes)
Event: 78.520 Thread 0x00007fd2c4802000 nmethod 1998 0x000000010c4a1f90 code [0x000000010c4a2100, 0x000000010c4a22f0]
Event: 78.521 Thread 0x00007fd2c4802000 2000       3       java.util.concurrent.locks.ReentrantLock$NonfairSync::lock (25 bytes)
Event: 78.522 Thread 0x00007fd2c4802000 nmethod 2000 0x000000010c58b9d0 code [0x000000010c58bba0, 0x000000010c58c3d8]
Event: 78.523 Thread 0x00007fd2c4802000 2001       3       java.util.concurrent.ThreadPoolExecutor::runStateAtLeast (11 bytes)
Event: 78.524 Thread 0x00007fd2c4802000 nmethod 2001 0x000000010c48ad10 code [0x000000010c48ae80, 0x000000010c48b010]

GC Heap History (10 events):
Event: 32.006 GC heap before
{Heap before GC invocations=23 (full 5):
 PSYoungGen      total 756736K, used 534336K [0x000000076ab00000, 0x00000007b9700000, 0x00000007c0000000)
  eden space 290816K, 100% used [0x000000076ab00000,0x000000077c700000,0x000000077c700000)
  from space 465920K, 52% used [0x000000077c700000,0x000000078b4d0000,0x0000000798e00000)
  to   space 465920K, 0% used [0x000000079d000000,0x000000079d000000,0x00000007b9700000)
 ParOldGen       total 2411520K, used 1988249K [0x00000006c0000000, 0x0000000753300000, 0x000000076ab00000)
  object space 2411520K, 82% used [0x00000006c0000000,0x00000007395a6778,0x0000000753300000)
 Metaspace       used 11861K, capacity 12036K, committed 12288K, reserved 1060864K
  class space    used 1402K, capacity 1474K, committed 1536K, reserved 1048576K
Event: 32.700 GC heap after
Heap after GC invocations=23 (full 5):
 PSYoungGen      total 824320K, used 248896K [0x000000076ab00000, 0x00000007b9d80000, 0x00000007c0000000)
  eden space 358400K, 0% used [0x000000076ab00000,0x000000076ab00000,0x0000000780900000)
  from space 465920K, 53% used [0x000000079d000000,0x00000007ac310000,0x00000007b9700000)
  to   space 465920K, 0% used [0x0000000780900000,0x0000000780900000,0x000000079d000000)
 ParOldGen       total 2411520K, used 2232313K [0x00000006c0000000, 0x0000000753300000, 0x000000076ab00000)
  object space 2411520K, 92% used [0x00000006c0000000,0x00000007483fe778,0x0000000753300000)
 Metaspace       used 11861K, capacity 12036K, committed 12288K, reserved 1060864K
  class space    used 1402K, capacity 1474K, committed 1536K, reserved 1048576K
}
Event: 32.700 GC heap before
{Heap before GC invocations=24 (full 6):
 PSYoungGen      total 824320K, used 248896K [0x000000076ab00000, 0x00000007b9d80000, 0x00000007c0000000)
  eden space 358400K, 0% used [0x000000076ab00000,0x000000076ab00000,0x0000000780900000)
  from space 465920K, 53% used [0x000000079d000000,0x00000007ac310000,0x00000007b9700000)
  to   space 465920K, 0% used [0x0000000780900000,0x0000000780900000,0x000000079d000000)
 ParOldGen       total 2411520K, used 2232313K [0x00000006c0000000, 0x0000000753300000, 0x000000076ab00000)
  object space 2411520K, 92% used [0x00000006c0000000,0x00000007483fe778,0x0000000753300000)
 Metaspace       used 11861K, capacity 12036K, committed 12288K, reserved 1060864K
  class space    used 1402K, capacity 1474K, committed 1536K, reserved 1048576K
Event: 47.266 GC heap after
Heap after GC invocations=24 (full 6):
 PSYoungGen      total 824320K, used 65896K [0x000000076ab00000, 0x00000007b9d80000, 0x00000007c0000000)
  eden space 358400K, 0% used [0x000000076ab00000,0x000000076ab00000,0x0000000780900000)
  from space 465920K, 14% used [0x000000079d000000,0x00000007a105a070,0x00000007b9700000)
  to   space 465920K, 0% used [0x0000000780900000,0x0000000780900000,0x000000079d000000)
 ParOldGen       total 2796544K, used 2411177K [0x00000006c0000000, 0x000000076ab00000, 0x000000076ab00000)
  object space 2796544K, 86% used [0x00000006c0000000,0x00000007532aa478,0x000000076ab00000)
 Metaspace       used 11861K, capacity 12036K, committed 12288K, reserved 1060864K
  class space    used 1402K, capacity 1474K, committed 1536K, reserved 1048576K
}
Event: 47.481 GC heap before
{Heap before GC invocations=25 (full 6):
 PSYoungGen      total 824320K, used 424296K [0x000000076ab00000, 0x00000007b9d80000, 0x00000007c0000000)
  eden space 358400K, 100% used [0x000000076ab00000,0x0000000780900000,0x0000000780900000)
  from space 465920K, 14% used [0x000000079d000000,0x00000007a105a070,0x00000007b9700000)
  to   space 465920K, 0% used [0x0000000780900000,0x0000000780900000,0x000000079d000000)
 ParOldGen       total 2796544K, used 2411177K [0x00000006c0000000, 0x000000076ab00000, 0x000000076ab00000)
  object space 2796544K, 86% used [0x00000006c0000000,0x00000007532aa478,0x000000076ab00000)
 Metaspace       used 11867K, capacity 12100K, committed 12288K, reserved 1060864K
  class space    used 1402K, capacity 1474K, committed 1536K, reserved 1048576K
Event: 48.416 GC heap after
Heap after GC invocations=25 (full 6):
 PSYoungGen      total 824320K, used 310272K [0x000000076ab00000, 0x00000007bdb80000, 0x00000007c0000000)
  eden space 358400K, 0% used [0x000000076ab00000,0x000000076ab00000,0x0000000780900000)
  from space 465920K, 66% used [0x0000000780900000,0x0000000793800000,0x000000079d000000)
  to   space 465920K, 0% used [0x00000007a1480000,0x00000007a1480000,0x00000007bdb80000)
 ParOldGen       total 2796544K, used 2477369K [0x00000006c0000000, 0x000000076ab00000, 0x000000076ab00000)
  object space 2796544K, 88% used [0x00000006c0000000,0x000000075734e478,0x000000076ab00000)
 Metaspace       used 11867K, capacity 12100K, committed 12288K, reserved 1060864K
  class space    used 1402K, capacity 1474K, committed 1536K, reserved 1048576K
}
Event: 48.416 GC heap before
{Heap before GC invocations=26 (full 7):
 PSYoungGen      total 824320K, used 310272K [0x000000076ab00000, 0x00000007bdb80000, 0x00000007c0000000)
  eden space 358400K, 0% used [0x000000076ab00000,0x000000076ab00000,0x0000000780900000)
  from space 465920K, 66% used [0x0000000780900000,0x0000000793800000,0x000000079d000000)
  to   space 465920K, 0% used [0x00000007a1480000,0x00000007a1480000,0x00000007bdb80000)
 ParOldGen       total 2796544K, used 2477369K [0x00000006c0000000, 0x000000076ab00000, 0x000000076ab00000)
  object space 2796544K, 88% used [0x00000006c0000000,0x000000075734e478,0x000000076ab00000)
 Metaspace       used 11867K, capacity 12100K, committed 12288K, reserved 1060864K
  class space    used 1402K, capacity 1474K, committed 1536K, reserved 1048576K
Event: 62.938 GC heap after
Heap after GC invocations=26 (full 7):
 PSYoungGen      total 824320K, used 0K [0x000000076ab00000, 0x00000007bdb80000, 0x00000007c0000000)
  eden space 358400K, 0% used [0x000000076ab00000,0x000000076ab00000,0x0000000780900000)
  from space 465920K, 0% used [0x0000000780900000,0x0000000780900000,0x000000079d000000)
  to   space 465920K, 0% used [0x00000007a1480000,0x00000007a1480000,0x00000007bdb80000)
 ParOldGen       total 2796544K, used 2785996K [0x00000006c0000000, 0x000000076ab00000, 0x000000076ab00000)
  object space 2796544K, 99% used [0x00000006c0000000,0x000000076a0b3000,0x000000076ab00000)
 Metaspace       used 11867K, capacity 12100K, committed 12288K, reserved 1060864K
  class space    used 1402K, capacity 1474K, committed 1536K, reserved 1048576K
}
Event: 63.156 GC heap before
{Heap before GC invocations=27 (full 8):
 PSYoungGen      total 824320K, used 358400K [0x000000076ab00000, 0x00000007bdb80000, 0x00000007c0000000)
  eden space 358400K, 100% used [0x000000076ab00000,0x0000000780900000,0x0000000780900000)
  from space 465920K, 0% used [0x0000000780900000,0x0000000780900000,0x000000079d000000)
  to   space 465920K, 0% used [0x00000007a1480000,0x00000007a1480000,0x00000007bdb80000)
 ParOldGen       total 2796544K, used 2785996K [0x00000006c0000000, 0x000000076ab00000, 0x000000076ab00000)
  object space 2796544K, 99% used [0x00000006c0000000,0x000000076a0b3000,0x000000076ab00000)
 Metaspace       used 11868K, capacity 12100K, committed 12288K, reserved 1060864K
  class space    used 1402K, capacity 1474K, committed 1536K, reserved 1048576K
Event: 78.504 GC heap after
Heap after GC invocations=27 (full 8):
 PSYoungGen      total 824320K, used 295476K [0x000000076ab00000, 0x00000007bdb80000, 0x00000007c0000000)
  eden space 358400K, 82% used [0x000000076ab00000,0x000000077cb8d3b0,0x0000000780900000)
  from space 465920K, 0% used [0x0000000780900000,0x0000000780900000,0x000000079d000000)
  to   space 465920K, 0% used [0x00000007a1480000,0x00000007a1480000,0x00000007bdb80000)
 ParOldGen       total 2796544K, used 2796137K [0x00000006c0000000, 0x000000076ab00000, 0x000000076ab00000)
  object space 2796544K, 99% used [0x00000006c0000000,0x000000076aa9a438,0x000000076ab00000)
 Metaspace       used 11868K, capacity 12100K, committed 12288K, reserved 1060864K
  class space    used 1402K, capacity 1474K, committed 1536K, reserved 1048576K
}

Deoptimization events (10 events):
Event: 78.515 Thread 0x00007fd2c88b3000 Uncommon trap: reason=class_check action=maybe_recompile pc=0x000000010c628170 method=java.util.concurrent.ThreadPoolExecutor.execute(Ljava/lang/Runnable;)V @ 61
Event: 78.516 Thread 0x00007fd2c7945000 Uncommon trap: reason=class_check action=maybe_recompile pc=0x000000010c8b0c14 method=org.kevoree.modeling.api.data.manager.DefaultKDataManager.entry(Lorg/kevoree/modeling/api/KObject;Lorg/kevoree/modeling/api/data/manager/AccessMode;)Lorg/kevoree/modelin
Event: 78.517 Thread 0x00007fd2c88b3000 Uncommon trap: reason=unstable_if action=reinterpret pc=0x000000010c814884 method=java.util.concurrent.locks.ReentrantLock$Sync.nonfairTryAcquire(I)Z @ 34
Event: 78.517 Thread 0x00007fd2c4a14800 Uncommon trap: reason=unstable_if action=reinterpret pc=0x000000010c9d3cf8 method=java.util.concurrent.ThreadPoolExecutor.getTask()Ljava/lang/Runnable; @ 16
Event: 78.518 Thread 0x00007fd2c88b3000 Uncommon trap: reason=unstable_if action=reinterpret pc=0x000000010c6d22b8 method=java.util.concurrent.locks.ReentrantLock$Sync.tryRelease(I)Z @ 28
Event: 78.518 Thread 0x00007fd2c4a14800 Uncommon trap: reason=unstable_if action=reinterpret pc=0x000000010c61b078 method=java.util.concurrent.locks.AbstractQueuedSynchronizer.acquireQueued(Ljava/util/concurrent/locks/AbstractQueuedSynchronizer$Node;I)Z @ 70
Event: 78.521 Thread 0x00007fd2c7945000 Uncommon trap: reason=unstable_if action=reinterpret pc=0x000000010c9596d0 method=java.util.concurrent.ThreadPoolExecutor.runStateAtLeast(II)Z @ 2
Event: 78.521 Thread 0x00007fd2c88b3000 Uncommon trap: reason=unstable_if action=reinterpret pc=0x000000010c9596d0 method=java.util.concurrent.ThreadPoolExecutor.runStateAtLeast(II)Z @ 2
Event: 78.521 Thread 0x00007fd2c88b3000 Uncommon trap: reason=unstable_if action=reinterpret pc=0x000000010c6ae810 method=java.util.concurrent.locks.ReentrantLock$Sync.nonfairTryAcquire(I)Z @ 34
Event: 78.521 Thread 0x00007fd2c88b3000 Uncommon trap: reason=unstable_if action=reinterpret pc=0x000000010c60a484 method=java.util.concurrent.locks.ReentrantLock$Sync.tryRelease(I)Z @ 28

Internal exceptions (10 events):
Event: 0.799 Thread 0x00007fd2c70da000 Exception <a 'java/lang/ArrayIndexOutOfBoundsException'> (0x000000076ac93528) thrown at [/Users/java_re/workspace/8-2-build-macosx-x86_64/jdk8u40/3098/hotspot/src/share/vm/runtime/sharedRuntime.cpp, line 605]
Event: 0.799 Thread 0x00007fd2c70da000 Exception <a 'java/lang/ArrayIndexOutOfBoundsException'> (0x000000076ac941f0) thrown at [/Users/java_re/workspace/8-2-build-macosx-x86_64/jdk8u40/3098/hotspot/src/share/vm/runtime/sharedRuntime.cpp, line 605]
Event: 0.800 Thread 0x00007fd2c70da000 Exception <a 'java/lang/ArrayIndexOutOfBoundsException'> (0x000000076ac950f8) thrown at [/Users/java_re/workspace/8-2-build-macosx-x86_64/jdk8u40/3098/hotspot/src/share/vm/runtime/sharedRuntime.cpp, line 605]
Event: 0.801 Thread 0x00007fd2c70da000 Exception <a 'java/lang/ArrayIndexOutOfBoundsException'> (0x000000076ac967c8) thrown at [/Users/java_re/workspace/8-2-build-macosx-x86_64/jdk8u40/3098/hotspot/src/share/vm/runtime/sharedRuntime.cpp, line 605]
Event: 0.818 Thread 0x00007fd2c70da000 Exception <a 'java/lang/ArrayIndexOutOfBoundsException'> (0x000000076acbdfe0) thrown at [/Users/java_re/workspace/8-2-build-macosx-x86_64/jdk8u40/3098/hotspot/src/share/vm/runtime/sharedRuntime.cpp, line 605]
Event: 0.819 Thread 0x00007fd2c70da000 Exception <a 'java/lang/ArrayIndexOutOfBoundsException'> (0x000000076acbf198) thrown at [/Users/java_re/workspace/8-2-build-macosx-x86_64/jdk8u40/3098/hotspot/src/share/vm/runtime/sharedRuntime.cpp, line 605]
Event: 0.819 Thread 0x00007fd2c70da000 Exception <a 'java/lang/ArrayIndexOutOfBoundsException'> (0x000000076acc0680) thrown at [/Users/java_re/workspace/8-2-build-macosx-x86_64/jdk8u40/3098/hotspot/src/share/vm/runtime/sharedRuntime.cpp, line 605]
Event: 0.832 Thread 0x00007fd2c70da000 Exception <a 'java/lang/ArrayIndexOutOfBoundsException'> (0x000000076ace6568) thrown at [/Users/java_re/workspace/8-2-build-macosx-x86_64/jdk8u40/3098/hotspot/src/share/vm/runtime/sharedRuntime.cpp, line 605]
Event: 2.285 Thread 0x00007fd2c70da000 Exception <a 'java/lang/ArrayIndexOutOfBoundsException'> (0x000000076ac94110) thrown at [/Users/java_re/workspace/8-2-build-macosx-x86_64/jdk8u40/3098/hotspot/src/share/vm/runtime/sharedRuntime.cpp, line 605]
Event: 31.911 Thread 0x00007fd2c4134000 Exception <a 'java/lang/ArrayIndexOutOfBoundsException': 1> (0x0000000773a6adc8) thrown at [/Users/java_re/workspace/8-2-build-macosx-x86_64/jdk8u40/3098/hotspot/src/share/vm/interpreter/interpreterRuntime.cpp, line 366]

Events (10 events):
Event: 78.521 Thread 0x00007fd2c88b3000 DEOPT PACKING pc=0x000000010c60a484 sp=0x000000012ca926e0
Event: 78.521 Thread 0x00007fd2c88b3000 DEOPT UNPACKING pc=0x000000010c36e229 sp=0x000000012ca92640 mode 2
Event: 78.522 loading class org/kevoree/modeling/databases/websocket/WebSocketWrapper$1
Event: 78.522 loading class org/kevoree/modeling/databases/websocket/WebSocketWrapper$1 done
Event: 78.522 Executing VM operation: RevokeBias
Event: 78.523 Executing VM operation: RevokeBias done
Event: 78.523 Thread 0x00007fd2c4a14800 Thread exited: 0x00007fd2c4a14800
Event: 78.523 Thread 0x00007fd2c7945000 Thread exited: 0x00007fd2c7945000
Event: 78.523 Thread 0x00007fd2c4802000 flushing nmethod 0x000000010c6caa90
Event: 78.523 Thread 0x00007fd2c4802000 flushing nmethod 0x000000010c6d3950


Dynamic libraries:
0x00000000047a3000 	/System/Library/Frameworks/Cocoa.framework/Versions/A/Cocoa
0x00000000047a3000 	/System/Library/Frameworks/Security.framework/Versions/A/Security
0x00000000047a3000 	/System/Library/Frameworks/ApplicationServices.framework/Versions/A/ApplicationServices
0x00000000047a3000 	/usr/lib/libz.1.dylib
0x00000000047a3000 	/usr/lib/libSystem.B.dylib
0x00000000047a3000 	/usr/lib/libobjc.A.dylib
0x00000000047a3000 	/System/Library/Frameworks/CoreFoundation.framework/Versions/A/CoreFoundation
0x00000000047a3000 	/System/Library/Frameworks/Foundation.framework/Versions/C/Foundation
0x00000000047a3000 	/System/Library/Frameworks/AppKit.framework/Versions/C/AppKit
0x00000000047a3000 	/System/Library/Frameworks/CoreData.framework/Versions/A/CoreData
0x00000000047a3000 	/System/Library/PrivateFrameworks/RemoteViewServices.framework/Versions/A/RemoteViewServices
0x00000000047a3000 	/System/Library/PrivateFrameworks/UIFoundation.framework/Versions/A/UIFoundation
0x00000000047a3000 	/System/Library/Frameworks/IOSurface.framework/Versions/A/IOSurface
0x00000000047a3000 	/System/Library/Frameworks/AudioToolbox.framework/Versions/A/AudioToolbox
0x00000000047a3000 	/System/Library/Frameworks/AudioUnit.framework/Versions/A/AudioUnit
0x00000000047a3000 	/System/Library/PrivateFrameworks/DataDetectorsCore.framework/Versions/A/DataDetectorsCore
0x00000000047a3000 	/System/Library/PrivateFrameworks/DesktopServicesPriv.framework/Versions/A/DesktopServicesPriv
0x00000000047a3000 	/System/Library/Frameworks/Carbon.framework/Versions/A/Frameworks/HIToolbox.framework/Versions/A/HIToolbox
0x00000000047a3000 	/System/Library/Frameworks/QuartzCore.framework/Versions/A/QuartzCore
0x00000000047a3000 	/System/Library/Frameworks/Carbon.framework/Versions/A/Frameworks/SpeechRecognition.framework/Versions/A/SpeechRecognition
0x00000000047a3000 	/usr/lib/libauto.dylib
0x00000000047a3000 	/usr/lib/libicucore.A.dylib
0x00000000047a3000 	/usr/lib/libxml2.2.dylib
0x00000000047a3000 	/System/Library/PrivateFrameworks/CoreUI.framework/Versions/A/CoreUI
0x00000000047a3000 	/System/Library/Frameworks/CoreAudio.framework/Versions/A/CoreAudio
0x00000000047a3000 	/System/Library/Frameworks/DiskArbitration.framework/Versions/A/DiskArbitration
0x00000000047a3000 	/usr/lib/liblangid.dylib
0x00000000047a3000 	/System/Library/PrivateFrameworks/MultitouchSupport.framework/Versions/A/MultitouchSupport
0x00000000047a3000 	/System/Library/Frameworks/IOKit.framework/Versions/A/IOKit
0x00000000047a3000 	/usr/lib/libDiagnosticMessagesClient.dylib
0x00000000047a3000 	/System/Library/Frameworks/CoreServices.framework/Versions/A/CoreServices
0x00000000047a3000 	/System/Library/PrivateFrameworks/PerformanceAnalysis.framework/Versions/A/PerformanceAnalysis
0x00000000047a3000 	/System/Library/PrivateFrameworks/GenerationalStorage.framework/Versions/A/GenerationalStorage
0x00000000047a3000 	/System/Library/Frameworks/OpenGL.framework/Versions/A/OpenGL
0x00000000047a3000 	/System/Library/PrivateFrameworks/Sharing.framework/Versions/A/Sharing
0x00000000047a3000 	/System/Library/Frameworks/CoreGraphics.framework/Versions/A/CoreGraphics
0x00000000047a3000 	/System/Library/Frameworks/CoreText.framework/Versions/A/CoreText
0x00000000047a3000 	/System/Library/Frameworks/ImageIO.framework/Versions/A/ImageIO
0x00000000047a3000 	/usr/lib/libextension.dylib
0x00000000047a3000 	/System/Library/PrivateFrameworks/Backup.framework/Versions/A/Backup
0x00000000047a3000 	/usr/lib/libarchive.2.dylib
0x00000000047a3000 	/System/Library/Frameworks/CFNetwork.framework/Versions/A/CFNetwork
0x00000000047a3000 	/System/Library/Frameworks/SystemConfiguration.framework/Versions/A/SystemConfiguration
0x00000000047a3000 	/usr/lib/libCRFSuite.dylib
0x00000000047a3000 	/usr/lib/libc++.1.dylib
0x00000000047a3000 	/usr/lib/libc++abi.dylib
0x00000000047a3000 	/usr/lib/system/libcache.dylib
0x00000000047a3000 	/usr/lib/system/libcommonCrypto.dylib
0x00000000047a3000 	/usr/lib/system/libcompiler_rt.dylib
0x00000000047a3000 	/usr/lib/system/libcopyfile.dylib
0x00000000047a3000 	/usr/lib/system/libcorecrypto.dylib
0x00000000047a3000 	/usr/lib/system/libdispatch.dylib
0x00000000047a3000 	/usr/lib/system/libdyld.dylib
0x00000000047a3000 	/usr/lib/system/libkeymgr.dylib
0x00000000047a3000 	/usr/lib/system/liblaunch.dylib
0x00000000047a3000 	/usr/lib/system/libmacho.dylib
0x00000000047a3000 	/usr/lib/system/libquarantine.dylib
0x00000000047a3000 	/usr/lib/system/libremovefile.dylib
0x00000000047a3000 	/usr/lib/system/libsystem_asl.dylib
0x00000000047a3000 	/usr/lib/system/libsystem_blocks.dylib
0x00000000047a3000 	/usr/lib/system/libsystem_c.dylib
0x00000000047a3000 	/usr/lib/system/libsystem_configuration.dylib
0x00000000047a3000 	/usr/lib/system/libsystem_coreservices.dylib
0x00000000047a3000 	/usr/lib/system/libsystem_coretls.dylib
0x00000000047a3000 	/usr/lib/system/libsystem_dnssd.dylib
0x00000000047a3000 	/usr/lib/system/libsystem_info.dylib
0x00000000047a3000 	/usr/lib/system/libsystem_kernel.dylib
0x00000000047a3000 	/usr/lib/system/libsystem_m.dylib
0x00000000047a3000 	/usr/lib/system/libsystem_malloc.dylib
0x00000000047a3000 	/usr/lib/system/libsystem_network.dylib
0x00000000047a3000 	/usr/lib/system/libsystem_networkextension.dylib
0x00000000047a3000 	/usr/lib/system/libsystem_notify.dylib
0x00000000047a3000 	/usr/lib/system/libsystem_platform.dylib
0x00000000047a3000 	/usr/lib/system/libsystem_pthread.dylib
0x00000000047a3000 	/usr/lib/system/libsystem_sandbox.dylib
0x00000000047a3000 	/usr/lib/system/libsystem_secinit.dylib
0x00000000047a3000 	/usr/lib/system/libsystem_stats.dylib
0x00000000047a3000 	/usr/lib/system/libsystem_trace.dylib
0x00000000047a3000 	/usr/lib/system/libunc.dylib
0x00000000047a3000 	/usr/lib/system/libunwind.dylib
0x00000000047a3000 	/usr/lib/system/libxpc.dylib
0x00000000047a3000 	/usr/lib/libbz2.1.0.dylib
0x00000000047a3000 	/usr/lib/liblzma.5.dylib
0x00000000047a3000 	/usr/lib/libbsm.0.dylib
0x00000000047a3000 	/usr/lib/libsqlite3.dylib
0x00000000047a3000 	/usr/lib/system/libkxld.dylib
0x00000000047a3000 	/usr/lib/libxar.1.dylib
0x00000000047a3000 	/usr/lib/libpam.2.dylib
0x00000000047a3000 	/usr/lib/libOpenScriptingUtil.dylib
0x00000000047a3000 	/System/Library/Frameworks/CoreServices.framework/Versions/A/Frameworks/FSEvents.framework/Versions/A/FSEvents
0x00000000047a3000 	/System/Library/Frameworks/CoreServices.framework/Versions/A/Frameworks/CarbonCore.framework/Versions/A/CarbonCore
0x00000000047a3000 	/System/Library/Frameworks/CoreServices.framework/Versions/A/Frameworks/Metadata.framework/Versions/A/Metadata
0x00000000047a3000 	/System/Library/Frameworks/CoreServices.framework/Versions/A/Frameworks/OSServices.framework/Versions/A/OSServices
0x00000000047a3000 	/System/Library/Frameworks/CoreServices.framework/Versions/A/Frameworks/SearchKit.framework/Versions/A/SearchKit
0x00000000047a3000 	/System/Library/Frameworks/CoreServices.framework/Versions/A/Frameworks/AE.framework/Versions/A/AE
0x00000000047a3000 	/System/Library/Frameworks/CoreServices.framework/Versions/A/Frameworks/LaunchServices.framework/Versions/A/LaunchServices
0x00000000047a3000 	/System/Library/Frameworks/CoreServices.framework/Versions/A/Frameworks/DictionaryServices.framework/Versions/A/DictionaryServices
0x00000000047a3000 	/System/Library/Frameworks/NetFS.framework/Versions/A/NetFS
0x00000000047a3000 	/System/Library/PrivateFrameworks/NetAuth.framework/Versions/A/NetAuth
0x00000000047a3000 	/System/Library/PrivateFrameworks/login.framework/Versions/A/Frameworks/loginsupport.framework/Versions/A/loginsupport
0x00000000047a3000 	/System/Library/PrivateFrameworks/TCC.framework/Versions/A/TCC
0x00000000047a3000 	/usr/lib/libmecabra.dylib
0x00000000047a3000 	/System/Library/Frameworks/ApplicationServices.framework/Versions/A/Frameworks/ATS.framework/Versions/A/ATS
0x00000000047a3000 	/System/Library/Frameworks/ApplicationServices.framework/Versions/A/Frameworks/ColorSync.framework/Versions/A/ColorSync
0x00000000047a3000 	/System/Library/Frameworks/ApplicationServices.framework/Versions/A/Frameworks/HIServices.framework/Versions/A/HIServices
0x00000000047a3000 	/System/Library/Frameworks/ApplicationServices.framework/Versions/A/Frameworks/LangAnalysis.framework/Versions/A/LangAnalysis
0x00000000047a3000 	/System/Library/Frameworks/ApplicationServices.framework/Versions/A/Frameworks/PrintCore.framework/Versions/A/PrintCore
0x00000000047a3000 	/System/Library/Frameworks/ApplicationServices.framework/Versions/A/Frameworks/QD.framework/Versions/A/QD
0x00000000047a3000 	/System/Library/Frameworks/ApplicationServices.framework/Versions/A/Frameworks/SpeechSynthesis.framework/Versions/A/SpeechSynthesis
0x00000000047a3000 	/System/Library/Frameworks/Accelerate.framework/Versions/A/Accelerate
0x00000000047a3000 	/System/Library/Frameworks/Accelerate.framework/Versions/A/Frameworks/vImage.framework/Versions/A/vImage
0x00000000047a3000 	/System/Library/Frameworks/Accelerate.framework/Versions/A/Frameworks/vecLib.framework/Versions/A/vecLib
0x00000000047a3000 	/System/Library/Frameworks/Accelerate.framework/Versions/A/Frameworks/vecLib.framework/Versions/A/libvDSP.dylib
0x00000000047a3000 	/System/Library/Frameworks/Accelerate.framework/Versions/A/Frameworks/vecLib.framework/Versions/A/libvMisc.dylib
0x00000000047a3000 	/System/Library/Frameworks/Accelerate.framework/Versions/A/Frameworks/vecLib.framework/Versions/A/libLAPACK.dylib
0x00000000047a3000 	/System/Library/Frameworks/Accelerate.framework/Versions/A/Frameworks/vecLib.framework/Versions/A/libBLAS.dylib
0x00000000047a3000 	/System/Library/Frameworks/Accelerate.framework/Versions/A/Frameworks/vecLib.framework/Versions/A/libLinearAlgebra.dylib
0x00000000047a3000 	/System/Library/Frameworks/ApplicationServices.framework/Versions/A/Frameworks/ATS.framework/Versions/A/Resources/libFontParser.dylib
0x00000000047a3000 	/System/Library/Frameworks/ApplicationServices.framework/Versions/A/Frameworks/ATS.framework/Versions/A/Resources/libFontRegistry.dylib
0x00000000047a3000 	/System/Library/PrivateFrameworks/AppleVPA.framework/Versions/A/AppleVPA
0x00000000047a3000 	/System/Library/PrivateFrameworks/AppleJPEG.framework/Versions/A/AppleJPEG
0x00000000047a3000 	/System/Library/Frameworks/ImageIO.framework/Versions/A/Resources/libJPEG.dylib
0x00000000047a3000 	/System/Library/Frameworks/ImageIO.framework/Versions/A/Resources/libTIFF.dylib
0x00000000047a3000 	/System/Library/Frameworks/ImageIO.framework/Versions/A/Resources/libPng.dylib
0x00000000047a3000 	/System/Library/Frameworks/ImageIO.framework/Versions/A/Resources/libGIF.dylib
0x00000000047a3000 	/System/Library/Frameworks/ImageIO.framework/Versions/A/Resources/libJP2.dylib
0x00000000047a3000 	/System/Library/Frameworks/ImageIO.framework/Versions/A/Resources/libRadiance.dylib
0x00000000047a3000 	/System/Library/Frameworks/CoreVideo.framework/Versions/A/CoreVideo
0x00000000047a3000 	/System/Library/Frameworks/OpenGL.framework/Versions/A/Libraries/libGLU.dylib
0x00000000047a3000 	/System/Library/Frameworks/OpenGL.framework/Versions/A/Libraries/libGFXShared.dylib
0x00000000047a3000 	/System/Library/Frameworks/OpenGL.framework/Versions/A/Libraries/libGL.dylib
0x00000000047a3000 	/System/Library/Frameworks/OpenGL.framework/Versions/A/Libraries/libGLImage.dylib
0x00000000047a3000 	/System/Library/Frameworks/OpenGL.framework/Versions/A/Libraries/libCVMSPluginSupport.dylib
0x00000000047a3000 	/System/Library/Frameworks/OpenGL.framework/Versions/A/Libraries/libCoreVMClient.dylib
0x00000000047a3000 	/usr/lib/libcups.2.dylib
0x00000000047a3000 	/System/Library/Frameworks/Kerberos.framework/Versions/A/Kerberos
0x00000000047a3000 	/System/Library/Frameworks/GSS.framework/Versions/A/GSS
0x00000000047a3000 	/usr/lib/libresolv.9.dylib
0x00000000047a3000 	/usr/lib/libiconv.2.dylib
0x00000000047a3000 	/System/Library/PrivateFrameworks/Heimdal.framework/Versions/A/Heimdal
0x00000000047a3000 	/usr/lib/libheimdal-asn1.dylib
0x00000000047a3000 	/System/Library/Frameworks/OpenDirectory.framework/Versions/A/OpenDirectory
0x00000000047a3000 	/System/Library/PrivateFrameworks/CommonAuth.framework/Versions/A/CommonAuth
0x00000000047a3000 	/System/Library/Frameworks/OpenDirectory.framework/Versions/A/Frameworks/CFOpenDirectory.framework/Versions/A/CFOpenDirectory
0x00000000047a3000 	/System/Library/Frameworks/SecurityFoundation.framework/Versions/A/SecurityFoundation
0x00000000047a3000 	/System/Library/PrivateFrameworks/LanguageModeling.framework/Versions/A/LanguageModeling
0x00000000047a3000 	/usr/lib/libcmph.dylib
0x00000000047a3000 	/System/Library/Frameworks/ServiceManagement.framework/Versions/A/ServiceManagement
0x00000000047a3000 	/usr/lib/libxslt.1.dylib
0x00000000047a3000 	/System/Library/Frameworks/Carbon.framework/Versions/A/Frameworks/Ink.framework/Versions/A/Ink
0x00000000047a3000 	/System/Library/Frameworks/QuartzCore.framework/Versions/A/Frameworks/CoreImage.framework/Versions/A/CoreImage
0x00000000047a3000 	/System/Library/PrivateFrameworks/CrashReporterSupport.framework/Versions/A/CrashReporterSupport
0x00000000047a3000 	/System/Library/Frameworks/OpenCL.framework/Versions/A/OpenCL
0x00000000047a3000 	/System/Library/PrivateFrameworks/FaceCore.framework/Versions/A/FaceCore
0x00000000047a3000 	/System/Library/PrivateFrameworks/Ubiquity.framework/Versions/A/Ubiquity
0x00000000047a3000 	/System/Library/PrivateFrameworks/IconServices.framework/Versions/A/IconServices
0x00000000047a3000 	/System/Library/PrivateFrameworks/ChunkingLibrary.framework/Versions/A/ChunkingLibrary
0x00000000047a3000 	/System/Library/PrivateFrameworks/Apple80211.framework/Versions/A/Apple80211
0x00000000047a3000 	/System/Library/Frameworks/CoreWLAN.framework/Versions/A/CoreWLAN
0x00000000047a3000 	/System/Library/Frameworks/IOBluetooth.framework/Versions/A/IOBluetooth
0x00000000047a3000 	/System/Library/PrivateFrameworks/CoreWiFi.framework/Versions/A/CoreWiFi
0x00000000047a3000 	/System/Library/Frameworks/CoreBluetooth.framework/Versions/A/CoreBluetooth
0x00000000047a3000 	/System/Library/PrivateFrameworks/DebugSymbols.framework/Versions/A/DebugSymbols
0x00000000047a3000 	/System/Library/PrivateFrameworks/CoreSymbolication.framework/Versions/A/CoreSymbolication
0x00000000047a3000 	/System/Library/PrivateFrameworks/Symbolication.framework/Versions/A/Symbolication
0x00000000047a3000 	/System/Library/PrivateFrameworks/SpeechRecognitionCore.framework/Versions/A/SpeechRecognitionCore
0x000000010b400000 	/Library/Java/JavaVirtualMachines/jdk1.8.0_40.jdk/Contents/Home/jre/lib/server/libjvm.dylib
0x00000000047a3000 	/usr/lib/libstdc++.6.dylib
0x000000010a3a1000 	/Library/Java/JavaVirtualMachines/jdk1.8.0_40.jdk/Contents/Home/jre/lib/libverify.dylib
0x000000010a3af000 	/Library/Java/JavaVirtualMachines/jdk1.8.0_40.jdk/Contents/Home/jre/lib/libjava.dylib
0x000000010a3ee000 	/Library/Java/JavaVirtualMachines/jdk1.8.0_40.jdk/Contents/Home/jre/lib/libzip.dylib
0x0000000127f3f000 	/System/Library/Frameworks/JavaVM.framework/Frameworks/JavaRuntimeSupport.framework/JavaRuntimeSupport
0x0000000127f57000 	/System/Library/Frameworks/JavaVM.framework/Versions/A/Frameworks/JavaNativeFoundation.framework/Versions/A/JavaNativeFoundation
0x0000000127f6c000 	/System/Library/Frameworks/JavaVM.framework/Versions/A/JavaVM
0x00000000047a3000 	/System/Library/Frameworks/Carbon.framework/Versions/A/Carbon
0x0000000127f79000 	/System/Library/PrivateFrameworks/JavaLaunching.framework/Versions/A/JavaLaunching
0x00000000047a3000 	/System/Library/Frameworks/Carbon.framework/Versions/A/Frameworks/CommonPanels.framework/Versions/A/CommonPanels
0x00000000047a3000 	/System/Library/Frameworks/Carbon.framework/Versions/A/Frameworks/Help.framework/Versions/A/Help
0x00000000047a3000 	/System/Library/Frameworks/Carbon.framework/Versions/A/Frameworks/ImageCapture.framework/Versions/A/ImageCapture
0x00000000047a3000 	/System/Library/Frameworks/Carbon.framework/Versions/A/Frameworks/OpenScripting.framework/Versions/A/OpenScripting
0x00000000047a3000 	/System/Library/Frameworks/Carbon.framework/Versions/A/Frameworks/Print.framework/Versions/A/Print
0x00000000047a3000 	/System/Library/Frameworks/Carbon.framework/Versions/A/Frameworks/SecurityHI.framework/Versions/A/SecurityHI
0x000000012a167000 	/Applications/IntelliJ IDEA 14.app/Contents/bin/libbreakgen64.jnilib
0x000000012a26d000 	/Library/Java/JavaVirtualMachines/jdk1.8.0_40.jdk/Contents/Home/jre/lib/libnet.dylib
0x000000012a2cc000 	/Library/Java/JavaVirtualMachines/jdk1.8.0_40.jdk/Contents/Home/jre/lib/libnio.dylib
0x000000012a529000 	/private/var/folders/fm/5c5lzyq932x281tnqhtw78300000gq/T/libleveldbjni-64-1-1663297676692585081.8
0x000000012b1c3000 	/Library/Java/JavaVirtualMachines/jdk1.8.0_40.jdk/Contents/Home/jre/lib/libmanagement.dylib

VM Arguments:
jvm_args: -Didea.launcher.port=7541 -Didea.launcher.bin.path=/Applications/IntelliJ IDEA 14.app/Contents/bin -Dfile.encoding=UTF-8 
java_command: com.intellij.rt.execution.application.AppMain org.kubi.runner.KubiRunner
java_class_path (initial): /Library/Java/JavaVirtualMachines/jdk1.8.0_40.jdk/Contents/Home/lib/ant-javafx.jar:/Library/Java/JavaVirtualMachines/jdk1.8.0_40.jdk/Contents/Home/lib/dt.jar:/Library/Java/JavaVirtualMachines/jdk1.8.0_40.jdk/Contents/Home/lib/javafx-mx.jar:/Library/Java/JavaVirtualMachines/jdk1.8.0_40.jdk/Contents/Home/lib/jconsole.jar:/Library/Java/JavaVirtualMachines/jdk1.8.0_40.jdk/Contents/Home/lib/packager.jar:/Library/Java/JavaVirtualMachines/jdk1.8.0_40.jdk/Contents/Home/lib/sa-jdi.jar:/Library/Java/JavaVirtualMachines/jdk1.8.0_40.jdk/Contents/Home/lib/tools.jar:/Library/Java/JavaVirtualMachines/jdk1.8.0_40.jdk/Contents/Home/jre/lib/charsets.jar:/Library/Java/JavaVirtualMachines/jdk1.8.0_40.jdk/Contents/Home/jre/lib/deploy.jar:/Library/Java/JavaVirtualMachines/jdk1.8.0_40.jdk/Contents/Home/jre/lib/javaws.jar:/Library/Java/JavaVirtualMachines/jdk1.8.0_40.jdk/Contents/Home/jre/lib/jce.jar:/Library/Java/JavaVirtualMachines/jdk1.8.0_40.jdk/Contents/Home/jre/lib/jfr.jar:/Library/Java/JavaVirtualMachines/jdk1.8.0_40.jdk/Contents/Home/jre/lib/jfxswt.jar:/Library/Java/JavaVirtualMachines/jdk1.8.0_40.jdk/Contents/Home/jre/lib/jsse.jar:/Library/Java/JavaVirtualMachines/jdk1.8.0_40.jdk/Contents/Home/jre/lib/management-agent.jar:/Library/Java/JavaVirtualMachines/jdk1.8.0_40.jdk/Contents/Home/jre/lib/plugin.jar:/Library/Java/JavaVirtualMachines/jdk1.8.0_40.jdk/Contents/Home/jre/lib/resources.jar:/Library/Java/JavaVirtualMachines/jdk1.8.0_40.jdk/Contents/Home/jre/lib/rt.jar:/Library/Java/JavaVirtualMachines/jdk1.8.0_40.jdk/Contents/Home/jre/lib/ext/cldrdata.jar:/Library/Java/JavaVirtualMachines/jdk1.8.0_40.jdk/Contents/Home/jre/lib/ext/dnsns.jar:/Library/Java/JavaVirtualMachines/jdk1.8.0_40.jdk/Contents/Home/jre/lib/ext/jfxrt.jar:/Library/Java/JavaVirtualMachines/jdk1.8.0_40.jdk/Contents/Home/jre/lib/ext/localedata.jar:/Library/Java/JavaVirtualMachines/jdk1.8.0_40.jdk/Contents/Home/jre/lib/ext/nashorn.jar:/Library/Java/JavaVirtualMachines/jdk1.8.0_40.jdk/Conten
Launcher Type: SUN_STANDARD

Environment Variables:
PATH=/usr/local/bin:/usr/bin:/bin:/usr/sbin:/sbin:/usr/local/git/bin:/usr/texbin
SHELL=/bin/bash

Signal Handlers:
SIGSEGV: [libjvm.dylib+0x58ef95], sa_mask[0]=11111111011111110111111111111111, sa_flags=SA_ONSTACK|SA_RESTART|SA_SIGINFO
SIGBUS: [libjvm.dylib+0x58ef95], sa_mask[0]=11111111011111110111111111111111, sa_flags=SA_RESTART|SA_SIGINFO
SIGFPE: [libjvm.dylib+0x46c118], sa_mask[0]=11111111011111110111111111111111, sa_flags=SA_RESTART|SA_SIGINFO
SIGPIPE: [libjvm.dylib+0x46c118], sa_mask[0]=11111111011111110111111111111111, sa_flags=SA_RESTART|SA_SIGINFO
SIGXFSZ: [libjvm.dylib+0x46c118], sa_mask[0]=11111111011111110111111111111111, sa_flags=SA_RESTART|SA_SIGINFO
SIGILL: [libjvm.dylib+0x46c118], sa_mask[0]=11111111011111110111111111111111, sa_flags=SA_RESTART|SA_SIGINFO
SIGUSR1: SIG_DFL, sa_mask[0]=00000000000000000000000000000000, sa_flags=none
SIGUSR2: [libjvm.dylib+0x46bc36], sa_mask[0]=00100000000000000000000000000000, sa_flags=SA_RESTART|SA_SIGINFO
SIGHUP: [libjvm.dylib+0x46a209], sa_mask[0]=11111111011111110111111111111111, sa_flags=SA_RESTART|SA_SIGINFO
SIGINT: [libjvm.dylib+0x46a209], sa_mask[0]=11111111011111110111111111111111, sa_flags=SA_RESTART|SA_SIGINFO
SIGTERM: [libjvm.dylib+0x46a209], sa_mask[0]=11111111011111110111111111111111, sa_flags=SA_RESTART|SA_SIGINFO
SIGQUIT: [libjvm.dylib+0x46a209], sa_mask[0]=11111111011111110111111111111111, sa_flags=SA_RESTART|SA_SIGINFO


---------------  S Y S T E M  ---------------

OS:Bsduname:Darwin 14.3.0 Darwin Kernel Version 14.3.0: Mon Mar 23 11:59:05 PDT 2015; root:xnu-2782.20.48~5/RELEASE_X86_64 x86_64
rlimit: STACK 8192k, CORE 0k, NPROC 709, NOFILE 10240, AS infinity
load average:8.37 4.55 3.48

CPU:total 8 (4 cores per cpu, 2 threads per core) family 6 model 58 stepping 9, cmov, cx8, fxsr, mmx, sse, sse2, sse3, ssse3, sse4.1, sse4.2, popcnt, avx, aes, clmul, erms, ht, tsc, tscinvbit, tscinv

Memory: 4k page, physical 16777216k(36080k free)

/proc/meminfo:


vm_info: Java HotSpot(TM) 64-Bit Server VM (25.40-b25) for bsd-amd64 JRE (1.8.0_40-b26), built on Mar  7 2015 13:53:55 by "java_re" with gcc 4.2.1 (Based on Apple Inc. build 5658) (LLVM build 2336.11.00)

time: Wed Jun 24 10:49:27 2015
elapsed time: 78 seconds (0d 0h 1m 18s)

