#
# A fatal error has been detected by the Java Runtime Environment:
#
#  SIGSEGV (0xb) at pc=0x00000001216acf79, pid=33842, tid=28931
#
# JRE version: Java(TM) SE Runtime Environment (8.0_40-b26) (build 1.8.0_40-b26)
# Java VM: Java HotSpot(TM) 64-Bit Server VM (25.40-b25 mixed mode bsd-amd64 compressed oops)
# Problematic frame:
# C  [libleveldbjni-64-1-6197741860154212728.8+0x16f79]  _ZN7leveldb7VersionD2Ev+0x29
#
# Failed to write core dump. Core dumps have been disabled. To enable core dumping, try "ulimit -c unlimited" before starting Java again
#
# If you would like to submit a bug report, please visit:
#   http://bugreport.java.com/bugreport/crash.jsp
# The crash happened outside the Java Virtual Machine in native code.
# See problematic frame for where to report the bug.
#

---------------  T H R E A D  ---------------

Current thread (0x00007f80d327e800):  JavaThread "XNIO-1 I/O-1" [_thread_in_native, id=28931, stack(0x0000000122fd4000,0x00000001230d4000)]

siginfo: si_signo: 11 (SIGSEGV), si_code: 0 (unknown), si_addr: 0x0000000000000000

Registers:
RAX=0x7000000000000000, RBX=0x00007f80d1d11b20, RCX=0x00007f80d3a1000f, RDX=0x0000000000000000
RSP=0x00000001230d2bf0, RBP=0x00000001230d2c40, RSI=0x0000000000000000, RDI=0x00007f80d1d11b20
R8 =0x0000000000000005, R9 =0x00000000ffffff00, R10=0x00000000000000f6, R11=0xfffffffffbb28499
R12=0x0000000000000b00, R13=0x0000000000000000, R14=0x00007f80d3a11a50, R15=0x00007f80d3a114a0
RIP=0x00000001216acf79, EFLAGS=0x0000000000010206, ERR=0x0000000000000000
  TRAPNO=0x000000000000000d

Top of Stack: (sp=0x00000001230d2bf0)
0x00000001230d2bf0:   00007f80d3a115d8 00007f80d3a115c0
0x00000001230d2c00:   00007f80d1d11b20 0000000000000000
0x00000001230d2c10:   00007f80d3a115d8 00007f80d1d11b20
0x00000001230d2c20:   0000000000000b00 0000000000000000
0x00000001230d2c30:   00007f80d3a11a50 00007f80d3a114a0
0x00000001230d2c40:   00000001230d2c60 00000001216ae851
0x00000001230d2c50:   00007f80d1c3e160 00007f80d3a11a50
0x00000001230d2c60:   00000001230d2dd0 00000001216a03ef
0x00000001230d2c70:   0000000101313a00 00000001230d2de8
0x00000001230d2c80:   00007f80d1c3e160 00000001230d2df8
0x00000001230d2c90:   00007f80d1d11b20 00007f80d3a115c0
0x00000001230d2ca0:   00000001230d2de0 00007fff859eb289
0x00000001230d2cb0:   00000001230d2cc8 00000001230d2cc9
0x00000001230d2cc0:   00000001230d2ce6 373030392d2f301d
0x00000001230d2cd0:   3437343532393931 4101312f30393930
0x00000001230d2ce0:   000000000000000b 000000013f800000
0x00000001230d2cf0:   0000000773589698 0000000000001400
0x00000001230d2d00:   00000001230d2d00 000000011c778b76
0x00000001230d2d10:   0000000000001002 0000000101314e00
0x00000001230d2d20:   0000000000001002 0000000000000008
0x00000001230d2d30:   0000000000000000 0000000101310000
0x00000001230d2d40:   0000000000000001 0000000101310000
0x00000001230d2d50:   ff80000000001002 00007fff3f80ffff
0x00000001230d2d60:   ff80000000001002 0000000000000000
0x00000001230d2d70:   0000000000000000 000000011cb52c20
0x00000001230d2d80:   0000000101310000 0000000000000008
0x00000001230d2d90:   00000001230d2dc0 00007fff859ea877
0x00000001230d2da0:   7c00e5f2f1a416d6 00007f80d1c3e160
0x00000001230d2db0:   00007f80d327e9f8 00000001230d2df8
0x00000001230d2dc0:   00000001230d2ee0 00007f80d3a114a0
0x00000001230d2dd0:   00000001230d2e30 0000000121698d54
0x00000001230d2de0:   0000000000000000 00007f80d1c3e140 

Instructions: (pc=0x00000001216acf79)
0x00000001216acf59:   55 41 54 53 48 83 ec 28 48 89 7d c0 48 8b 47 08
0x00000001216acf69:   48 8b 4f 10 48 89 41 08 48 8b 47 08 48 8b 4f 10
0x00000001216acf79:   48 89 48 10 31 c0 4c 8b 2d 82 a0 02 00 66 2e 0f
0x00000001216acf89:   1f 84 00 00 00 00 00 48 89 45 b8 48 8d 14 40 48 

Register to memory mapping:

RAX=0x7000000000000000 is an unknown value
RBX=0x00007f80d1d11b20 is an unknown value
RCX=0x00007f80d3a1000f is an unknown value
RDX=0x0000000000000000 is an unknown value
RSP=0x00000001230d2bf0 is pointing into the stack for thread: 0x00007f80d327e800
RBP=0x00000001230d2c40 is pointing into the stack for thread: 0x00007f80d327e800
RSI=0x0000000000000000 is an unknown value
RDI=0x00007f80d1d11b20 is an unknown value
R8 =0x0000000000000005 is an unknown value
R9 =0x00000000ffffff00 is an unknown value
R10=0x00000000000000f6 is an unknown value
R11=0xfffffffffbb28499 is an unknown value
R12=0x0000000000000b00 is an unknown value
R13=0x0000000000000000 is an unknown value
R14=0x00007f80d3a11a50 is an unknown value
R15=0x00007f80d3a114a0 is an unknown value


Stack: [0x0000000122fd4000,0x00000001230d4000],  sp=0x00000001230d2bf0,  free space=1018k
Native frames: (J=compiled Java code, j=interpreted, Vv=VM code, C=native code)
C  [libleveldbjni-64-1-6197741860154212728.8+0x16f79]  _ZN7leveldb7VersionD2Ev+0x29
C  [libleveldbjni-64-1-6197741860154212728.8+0x18851]  _ZN7leveldb7Version5UnrefEv+0x21
C  [libleveldbjni-64-1-6197741860154212728.8+0xa3ef]  _ZN7leveldb6DBImpl3GetERKNS_11ReadOptionsERKNS_5SliceEPSs+0x2bf
C  [libleveldbjni-64-1-6197741860154212728.8+0x2d54]  Java_org_fusesource_leveldbjni_internal_NativeDB_00024DBJNI_Get+0x94
j  org.fusesource.leveldbjni.internal.NativeDB$DBJNI.Get(JLorg/fusesource/leveldbjni/internal/NativeReadOptions;Lorg/fusesource/leveldbjni/internal/NativeSlice;J)J+0
j  org.fusesource.leveldbjni.internal.NativeDB.get(Lorg/fusesource/leveldbjni/internal/NativeReadOptions;Lorg/fusesource/leveldbjni/internal/NativeSlice;)[B+22
j  org.fusesource.leveldbjni.internal.NativeDB.get(Lorg/fusesource/leveldbjni/internal/NativeReadOptions;Lorg/fusesource/leveldbjni/internal/NativeBuffer;)[B+10
j  org.fusesource.leveldbjni.internal.NativeDB.get(Lorg/fusesource/leveldbjni/internal/NativeReadOptions;[B)[B+20
j  org.fusesource.leveldbjni.internal.JniDB.get([BLorg/iq80/leveldb/ReadOptions;)[B+27
j  org.fusesource.leveldbjni.internal.JniDB.get([B)[B+26
j  org.kevoree.modeling.drivers.leveldb.LevelDbContentDeliveryDriver.get([Lorg/kevoree/modeling/api/data/cache/KContentKey;Lorg/kevoree/modeling/api/ThrowableCallback;)V+52
j  org.kevoree.modeling.databases.websocket.WebSocketWrapper.onFullTextMessage(Lio/undertow/websockets/core/WebSocketChannel;Lio/undertow/websockets/core/BufferedTextMessage;)V+91
j  io.undertow.websockets.core.AbstractReceiveListener$2.complete(Lio/undertow/websockets/core/WebSocketChannel;Lio/undertow/websockets/core/BufferedTextMessage;)V+9
j  io.undertow.websockets.core.AbstractReceiveListener$2.complete(Lio/undertow/websockets/core/WebSocketChannel;Ljava/lang/Object;)V+6
j  io.undertow.websockets.core.BufferedTextMessage.read(Lio/undertow/websockets/core/StreamSourceFrameChannel;Lio/undertow/websockets/core/WebSocketCallback;)V+71
j  io.undertow.websockets.core.AbstractReceiveListener.readBufferedText(Lio/undertow/websockets/core/StreamSourceFrameChannel;Lio/undertow/websockets/core/BufferedTextMessage;)V+11
j  io.undertow.websockets.core.AbstractReceiveListener.bufferFullMessage(Lio/undertow/websockets/core/StreamSourceFrameChannel;)V+24
j  io.undertow.websockets.core.AbstractReceiveListener.onText(Lio/undertow/websockets/core/WebSocketChannel;Lio/undertow/websockets/core/StreamSourceFrameChannel;)V+2
j  io.undertow.websockets.core.AbstractReceiveListener.handleEvent(Lio/undertow/websockets/core/WebSocketChannel;)V+45
j  io.undertow.websockets.core.AbstractReceiveListener.handleEvent(Ljava/nio/channels/Channel;)V+5
j  org.xnio.ChannelListeners.invokeChannelListener(Ljava/nio/channels/Channel;Lorg/xnio/ChannelListener;)Z+18
j  io.undertow.server.protocol.framed.AbstractFramedChannel$FrameReadListener.handleEvent(Lorg/xnio/channels/StreamSourceChannel;)V+70
j  io.undertow.server.protocol.framed.AbstractFramedChannel$FrameReadListener.handleEvent(Ljava/nio/channels/Channel;)V+5
j  org.xnio.ChannelListeners.invokeChannelListener(Ljava/nio/channels/Channel;Lorg/xnio/ChannelListener;)Z+18
j  org.xnio.conduits.ReadReadyHandler$ChannelListenerHandler.readReady()V+34
j  org.xnio.nio.NioSocketConduit.handleReady(I)V+51
j  org.xnio.nio.WorkerThread.run()V+762
v  ~StubRoutines::call_stub
V  [libjvm.dylib+0x2e036e]
V  [libjvm.dylib+0x2e0afc]
V  [libjvm.dylib+0x2e0ca8]
V  [libjvm.dylib+0x3331e9]
V  [libjvm.dylib+0x549acf]
V  [libjvm.dylib+0x54b1c0]
V  [libjvm.dylib+0x46ea8e]
C  [libsystem_pthread.dylib+0x3268]  _pthread_body+0x83
C  [libsystem_pthread.dylib+0x31e5]  _pthread_body+0x0
C  [libsystem_pthread.dylib+0x141d]  thread_start+0xd
C  0x0000000000000000

Java frames: (J=compiled Java code, j=interpreted, Vv=VM code)
j  org.fusesource.leveldbjni.internal.NativeDB$DBJNI.Get(JLorg/fusesource/leveldbjni/internal/NativeReadOptions;Lorg/fusesource/leveldbjni/internal/NativeSlice;J)J+0
j  org.fusesource.leveldbjni.internal.NativeDB.get(Lorg/fusesource/leveldbjni/internal/NativeReadOptions;Lorg/fusesource/leveldbjni/internal/NativeSlice;)[B+22
j  org.fusesource.leveldbjni.internal.NativeDB.get(Lorg/fusesource/leveldbjni/internal/NativeReadOptions;Lorg/fusesource/leveldbjni/internal/NativeBuffer;)[B+10
j  org.fusesource.leveldbjni.internal.NativeDB.get(Lorg/fusesource/leveldbjni/internal/NativeReadOptions;[B)[B+20
j  org.fusesource.leveldbjni.internal.JniDB.get([BLorg/iq80/leveldb/ReadOptions;)[B+27
j  org.fusesource.leveldbjni.internal.JniDB.get([B)[B+26
j  org.kevoree.modeling.drivers.leveldb.LevelDbContentDeliveryDriver.get([Lorg/kevoree/modeling/api/data/cache/KContentKey;Lorg/kevoree/modeling/api/ThrowableCallback;)V+52
j  org.kevoree.modeling.databases.websocket.WebSocketWrapper.onFullTextMessage(Lio/undertow/websockets/core/WebSocketChannel;Lio/undertow/websockets/core/BufferedTextMessage;)V+91
j  io.undertow.websockets.core.AbstractReceiveListener$2.complete(Lio/undertow/websockets/core/WebSocketChannel;Lio/undertow/websockets/core/BufferedTextMessage;)V+9
j  io.undertow.websockets.core.AbstractReceiveListener$2.complete(Lio/undertow/websockets/core/WebSocketChannel;Ljava/lang/Object;)V+6
j  io.undertow.websockets.core.BufferedTextMessage.read(Lio/undertow/websockets/core/StreamSourceFrameChannel;Lio/undertow/websockets/core/WebSocketCallback;)V+71
j  io.undertow.websockets.core.AbstractReceiveListener.readBufferedText(Lio/undertow/websockets/core/StreamSourceFrameChannel;Lio/undertow/websockets/core/BufferedTextMessage;)V+11
j  io.undertow.websockets.core.AbstractReceiveListener.bufferFullMessage(Lio/undertow/websockets/core/StreamSourceFrameChannel;)V+24
j  io.undertow.websockets.core.AbstractReceiveListener.onText(Lio/undertow/websockets/core/WebSocketChannel;Lio/undertow/websockets/core/StreamSourceFrameChannel;)V+2
j  io.undertow.websockets.core.AbstractReceiveListener.handleEvent(Lio/undertow/websockets/core/WebSocketChannel;)V+45
j  io.undertow.websockets.core.AbstractReceiveListener.handleEvent(Ljava/nio/channels/Channel;)V+5
j  org.xnio.ChannelListeners.invokeChannelListener(Ljava/nio/channels/Channel;Lorg/xnio/ChannelListener;)Z+18
j  io.undertow.server.protocol.framed.AbstractFramedChannel$FrameReadListener.handleEvent(Lorg/xnio/channels/StreamSourceChannel;)V+70
j  io.undertow.server.protocol.framed.AbstractFramedChannel$FrameReadListener.handleEvent(Ljava/nio/channels/Channel;)V+5
j  org.xnio.ChannelListeners.invokeChannelListener(Ljava/nio/channels/Channel;Lorg/xnio/ChannelListener;)Z+18
j  org.xnio.conduits.ReadReadyHandler$ChannelListenerHandler.readReady()V+34
j  org.xnio.nio.NioSocketConduit.handleReady(I)V+51
j  org.xnio.nio.WorkerThread.run()V+762
v  ~StubRoutines::call_stub

---------------  P R O C E S S  ---------------

Java Threads: ( => current thread )
  0x00007f80d58cf800 JavaThread "Thread-0" [_thread_in_native, id=23815, stack(0x000000012190e000,0x0000000121a0e000)]
  0x00007f80d58da800 JavaThread "SIGINT handler" daemon [_thread_blocked, id=28423, stack(0x000000011f0f0000,0x000000011f1f0000)]
  0x00007f80d4a07000 JavaThread "XNIO-1 I/O-8" [_thread_in_native, id=32515, stack(0x00000001236e9000,0x00000001237e9000)]
  0x00007f80d5a10000 JavaThread "XNIO-1 I/O-7" [_thread_in_native, id=32003, stack(0x00000001235e6000,0x00000001236e6000)]
  0x00007f80d59e5000 JavaThread "XNIO-1 I/O-6" [_thread_in_native, id=31491, stack(0x00000001234e3000,0x00000001235e3000)]
  0x00007f80d326f000 JavaThread "XNIO-1 I/O-5" [_thread_in_native, id=30979, stack(0x00000001233e0000,0x00000001234e0000)]
  0x00007f80d49a2000 JavaThread "XNIO-1 I/O-4" [_thread_in_native, id=30467, stack(0x00000001232dd000,0x00000001233dd000)]
  0x00007f80d4079000 JavaThread "XNIO-1 I/O-3" [_thread_in_native, id=29955, stack(0x00000001231da000,0x00000001232da000)]
  0x00007f80d4965000 JavaThread "XNIO-1 I/O-2" [_thread_in_native, id=29443, stack(0x00000001230d7000,0x00000001231d7000)]
=>0x00007f80d327e800 JavaThread "XNIO-1 I/O-1" [_thread_in_native, id=28931, stack(0x0000000122fd4000,0x00000001230d4000)]
  0x00007f80d30b0000 JavaThread "DestroyJavaVM" [_thread_blocked, id=4867, stack(0x000000010337d000,0x000000010347d000)]
  0x00007f80d6026000 JavaThread "pool-1-thread-8" [_thread_blocked, id=27907, stack(0x000000012212b000,0x000000012222b000)]
  0x00007f80d3000000 JavaThread "pool-1-thread-7" [_thread_blocked, id=27395, stack(0x0000000122028000,0x0000000122128000)]
  0x00007f80d50bd800 JavaThread "pool-1-thread-6" [_thread_blocked, id=26883, stack(0x0000000121f25000,0x0000000122025000)]
  0x00007f80d58d0800 JavaThread "pool-1-thread-5" [_thread_blocked, id=26371, stack(0x0000000121e22000,0x0000000121f22000)]
  0x00007f80d20ff000 JavaThread "pool-1-thread-4" [_thread_blocked, id=25859, stack(0x0000000121d1f000,0x0000000121e1f000)]
  0x00007f80d4813000 JavaThread "pool-1-thread-3" [_thread_blocked, id=25347, stack(0x0000000121c1c000,0x0000000121d1c000)]
  0x00007f80d58d3000 JavaThread "pool-1-thread-2" [_thread_blocked, id=24835, stack(0x0000000121b19000,0x0000000121c19000)]
  0x00007f80d4812000 JavaThread "pool-1-thread-1" [_thread_blocked, id=24323, stack(0x0000000121a16000,0x0000000121b16000)]
  0x00007f80d602a000 JavaThread "pool-2-thread-1" [_thread_blocked, id=22275, stack(0x000000012144a000,0x000000012154a000)]
  0x00007f80d204d800 JavaThread "Monitor Ctrl-Break" daemon [_thread_in_native, id=21763, stack(0x00000001212d8000,0x00000001213d8000)]
  0x00007f80d200b000 JavaThread "Service Thread" daemon [_thread_blocked, id=20739, stack(0x0000000120ede000,0x0000000120fde000)]
  0x00007f80d601b000 JavaThread "C1 CompilerThread3" daemon [_thread_blocked, id=20227, stack(0x0000000120ddb000,0x0000000120edb000)]
  0x00007f80d3003800 JavaThread "C2 CompilerThread2" daemon [_thread_blocked, id=19715, stack(0x0000000120cd8000,0x0000000120dd8000)]
  0x00007f80d6006800 JavaThread "C2 CompilerThread1" daemon [_thread_blocked, id=19203, stack(0x0000000120bd5000,0x0000000120cd5000)]
  0x00007f80d581b000 JavaThread "C2 CompilerThread0" daemon [_thread_blocked, id=18691, stack(0x0000000120ad2000,0x0000000120bd2000)]
  0x00007f80d6002000 JavaThread "Signal Dispatcher" daemon [_thread_blocked, id=16151, stack(0x00000001209cf000,0x0000000120acf000)]
  0x00007f80d4007000 JavaThread "Finalizer" daemon [_thread_blocked, id=13571, stack(0x000000011efa7000,0x000000011f0a7000)]
  0x00007f80d282d000 JavaThread "Reference Handler" daemon [_thread_blocked, id=13059, stack(0x000000011eea4000,0x000000011efa4000)]

Other Threads:
  0x00007f80d5805800 VMThread [stack: 0x000000011eda1000,0x000000011eea1000] [id=12547]
  0x00007f80d6003000 WatcherThread [stack: 0x0000000120fe1000,0x00000001210e1000] [id=21251]

VM state:not at safepoint (normal execution)

VM Mutex/Monitor currently owned by a thread: None

Heap:
 PSYoungGen      total 141824K, used 127921K [0x000000076ab00000, 0x000000077b300000, 0x00000007c0000000)
  eden space 131072K, 95% used [0x000000076ab00000,0x0000000772504e88,0x0000000772b00000)
  from space 10752K, 27% used [0x0000000773580000,0x00000007738677a8,0x0000000774000000)
  to   space 10752K, 0% used [0x0000000772b00000,0x0000000772b00000,0x0000000773580000)
 ParOldGen       total 175104K, used 40K [0x00000006c0000000, 0x00000006cab00000, 0x000000076ab00000)
  object space 175104K, 0% used [0x00000006c0000000,0x00000006c000a000,0x00000006cab00000)
 Metaspace       used 11887K, capacity 12036K, committed 12288K, reserved 1060864K
  class space    used 1420K, capacity 1474K, committed 1536K, reserved 1048576K

Card table byte_map: [0x0000000112893000,0x0000000113094000] byte_map_base: 0x000000010f293000

Marking Bits: (ParMarkBitMap*) 0x0000000102cd57a0
 Begin Bits: [0x0000000113e02000, 0x0000000117e02000)
 End Bits:   [0x0000000117e02000, 0x000000011be02000)

Polling page: 0x00000001013f8000

CodeCache: size=245760Kb used=5191Kb max_used=5191Kb free=240568Kb
 bounds [0x00000001034d3000, 0x00000001039f3000, 0x00000001124d3000]
 total_blobs=1904 nmethods=1504 adapters=313
 compilation: enabled

Compilation events (10 events):
Event: 256.263 Thread 0x00007f80d601b000 1526       3       java.util.concurrent.ScheduledThreadPoolExecutor$ScheduledFutureTask::getDelay (20 bytes)
Event: 256.263 Thread 0x00007f80d601b000 nmethod 1526 0x00000001039e8e10 code [0x00000001039e8fa0, 0x00000001039e92e8]
Event: 256.263 Thread 0x00007f80d601b000 1527       3       java.util.concurrent.TimeUnit$1::convert (6 bytes)
Event: 256.264 Thread 0x00007f80d601b000 nmethod 1527 0x00000001039e8990 code [0x00000001039e8b00, 0x00000001039e8d28]
Event: 332.234 Thread 0x00007f80d601b000 1528       3       java.util.logging.LogManager::access$100 (4 bytes)
Event: 332.234 Thread 0x00007f80d601b000 nmethod 1528 0x00000001039e8690 code [0x00000001039e87e0, 0x00000001039e8910]
Event: 332.234 Thread 0x00007f80d601b000 1529       3       java.util.logging.LogManager$LoggerContext::requiresDefaultLoggers (29 bytes)
Event: 332.234 Thread 0x00007f80d601b000 nmethod 1529 0x00000001039e7fd0 code [0x00000001039e8160, 0x00000001039e8588]
Event: 332.237 Thread 0x00007f80d601b000 1530       3       java.nio.Bits::byteOrder (20 bytes)
Event: 332.237 Thread 0x00007f80d601b000 nmethod 1530 0x00000001039e7a90 code [0x00000001039e7c00, 0x00000001039e7d50]

GC Heap History (8 events):
Event: 0.686 GC heap before
{Heap before GC invocations=1 (full 0):
 PSYoungGen      total 76288K, used 65536K [0x000000076ab00000, 0x0000000770000000, 0x00000007c0000000)
  eden space 65536K, 100% used [0x000000076ab00000,0x000000076eb00000,0x000000076eb00000)
  from space 10752K, 0% used [0x000000076f580000,0x000000076f580000,0x0000000770000000)
  to   space 10752K, 0% used [0x000000076eb00000,0x000000076eb00000,0x000000076f580000)
 ParOldGen       total 175104K, used 0K [0x00000006c0000000, 0x00000006cab00000, 0x000000076ab00000)
  object space 175104K, 0% used [0x00000006c0000000,0x00000006c0000000,0x00000006cab00000)
 Metaspace       used 8683K, capacity 8898K, committed 9088K, reserved 1056768K
  class space    used 1021K, capacity 1089K, committed 1152K, reserved 1048576K
Event: 0.696 GC heap after
Heap after GC invocations=1 (full 0):
 PSYoungGen      total 76288K, used 6190K [0x000000076ab00000, 0x0000000774000000, 0x00000007c0000000)
  eden space 65536K, 0% used [0x000000076ab00000,0x000000076ab00000,0x000000076eb00000)
  from space 10752K, 57% used [0x000000076eb00000,0x000000076f10bbf8,0x000000076f580000)
  to   space 10752K, 0% used [0x0000000773580000,0x0000000773580000,0x0000000774000000)
 ParOldGen       total 175104K, used 16K [0x00000006c0000000, 0x00000006cab00000, 0x000000076ab00000)
  object space 175104K, 0% used [0x00000006c0000000,0x00000006c0004000,0x00000006cab00000)
 Metaspace       used 8683K, capacity 8898K, committed 9088K, reserved 1056768K
  class space    used 1021K, capacity 1089K, committed 1152K, reserved 1048576K
}
Event: 5.624 GC heap before
{Heap before GC invocations=2 (full 0):
 PSYoungGen      total 76288K, used 71726K [0x000000076ab00000, 0x0000000774000000, 0x00000007c0000000)
  eden space 65536K, 100% used [0x000000076ab00000,0x000000076eb00000,0x000000076eb00000)
  from space 10752K, 57% used [0x000000076eb00000,0x000000076f10bbf8,0x000000076f580000)
  to   space 10752K, 0% used [0x0000000773580000,0x0000000773580000,0x0000000774000000)
 ParOldGen       total 175104K, used 16K [0x00000006c0000000, 0x00000006cab00000, 0x000000076ab00000)
  object space 175104K, 0% used [0x00000006c0000000,0x00000006c0004000,0x00000006cab00000)
 Metaspace       used 11583K, capacity 11748K, committed 12032K, reserved 1060864K
  class space    used 1378K, capacity 1442K, committed 1536K, reserved 1048576K
Event: 5.629 GC heap after
Heap after GC invocations=2 (full 0):
 PSYoungGen      total 69632K, used 3996K [0x000000076ab00000, 0x0000000773980000, 0x00000007c0000000)
  eden space 65536K, 0% used [0x000000076ab00000,0x000000076ab00000,0x000000076eb00000)
  from space 4096K, 97% used [0x0000000773580000,0x0000000773967398,0x0000000773980000)
  to   space 10752K, 0% used [0x0000000772480000,0x0000000772480000,0x0000000772f00000)
 ParOldGen       total 175104K, used 24K [0x00000006c0000000, 0x00000006cab00000, 0x000000076ab00000)
  object space 175104K, 0% used [0x00000006c0000000,0x00000006c0006000,0x00000006cab00000)
 Metaspace       used 11583K, capacity 11748K, committed 12032K, reserved 1060864K
  class space    used 1378K, capacity 1442K, committed 1536K, reserved 1048576K
}
Event: 5.683 GC heap before
{Heap before GC invocations=3 (full 0):
 PSYoungGen      total 69632K, used 69532K [0x000000076ab00000, 0x0000000773980000, 0x00000007c0000000)
  eden space 65536K, 100% used [0x000000076ab00000,0x000000076eb00000,0x000000076eb00000)
  from space 4096K, 97% used [0x0000000773580000,0x0000000773967398,0x0000000773980000)
  to   space 10752K, 0% used [0x0000000772480000,0x0000000772480000,0x0000000772f00000)
 ParOldGen       total 175104K, used 24K [0x00000006c0000000, 0x00000006cab00000, 0x000000076ab00000)
  object space 175104K, 0% used [0x00000006c0000000,0x00000006c0006000,0x00000006cab00000)
 Metaspace       used 11804K, capacity 11972K, committed 12288K, reserved 1060864K
  class space    used 1415K, capacity 1474K, committed 1536K, reserved 1048576K
Event: 5.687 GC heap after
Heap after GC invocations=3 (full 0):
 PSYoungGen      total 135168K, used 3622K [0x000000076ab00000, 0x0000000774000000, 0x00000007c0000000)
  eden space 124416K, 0% used [0x000000076ab00000,0x000000076ab00000,0x0000000772480000)
  from space 10752K, 33% used [0x0000000772480000,0x0000000772809a00,0x0000000772f00000)
  to   space 10752K, 0% used [0x0000000773580000,0x0000000773580000,0x0000000774000000)
 ParOldGen       total 175104K, used 32K [0x00000006c0000000, 0x00000006cab00000, 0x000000076ab00000)
  object space 175104K, 0% used [0x00000006c0000000,0x00000006c0008000,0x00000006cab00000)
 Metaspace       used 11804K, capacity 11972K, committed 12288K, reserved 1060864K
  class space    used 1415K, capacity 1474K, committed 1536K, reserved 1048576K
}
Event: 5.769 GC heap before
{Heap before GC invocations=4 (full 0):
 PSYoungGen      total 135168K, used 128038K [0x000000076ab00000, 0x0000000774000000, 0x00000007c0000000)
  eden space 124416K, 100% used [0x000000076ab00000,0x0000000772480000,0x0000000772480000)
  from space 10752K, 33% used [0x0000000772480000,0x0000000772809a00,0x0000000772f00000)
  to   space 10752K, 0% used [0x0000000773580000,0x0000000773580000,0x0000000774000000)
 ParOldGen       total 175104K, used 32K [0x00000006c0000000, 0x00000006cab00000, 0x000000076ab00000)
  object space 175104K, 0% used [0x00000006c0000000,0x00000006c0008000,0x00000006cab00000)
 Metaspace       used 11828K, capacity 12036K, committed 12288K, reserved 1060864K
  class space    used 1415K, capacity 1474K, committed 1536K, reserved 1048576K
Event: 5.772 GC heap after
Heap after GC invocations=4 (full 0):
 PSYoungGen      total 141824K, used 2973K [0x000000076ab00000, 0x000000077b300000, 0x00000007c0000000)
  eden space 131072K, 0% used [0x000000076ab00000,0x000000076ab00000,0x0000000772b00000)
  from space 10752K, 27% used [0x0000000773580000,0x00000007738677a8,0x0000000774000000)
  to   space 10752K, 0% used [0x0000000772b00000,0x0000000772b00000,0x0000000773580000)
 ParOldGen       total 175104K, used 40K [0x00000006c0000000, 0x00000006cab00000, 0x000000076ab00000)
  object space 175104K, 0% used [0x00000006c0000000,0x00000006c000a000,0x00000006cab00000)
 Metaspace       used 11828K, capacity 12036K, committed 12288K, reserved 1060864K
  class space    used 1415K, capacity 1474K, committed 1536K, reserved 1048576K
}

Deoptimization events (10 events):
Event: 5.704 Thread 0x00007f80d50bd800 Uncommon trap: reason=unstable_if action=reinterpret pc=0x00000001039521d0 method=sun.misc.FloatingDecimal$BinaryToASCIIBuffer.estimateDecExp(JI)I @ 66
Event: 5.815 Thread 0x00007f80d3000000 Uncommon trap: reason=unstable_if action=reinterpret pc=0x00000001039775e4 method=java.lang.Integer.compare(II)I @ 2
Event: 6.264 Thread 0x00007f80d602a000 Uncommon trap: reason=unstable_if action=reinterpret pc=0x00000001039c2930 method=java.util.concurrent.locks.AbstractQueuedSynchronizer.transferForSignal(Ljava/util/concurrent/locks/AbstractQueuedSynchronizer$Node;)Z @ 7
Event: 332.235 Thread 0x00007f80d58cf800 Uncommon trap: reason=unstable_if action=reinterpret pc=0x000000010390c190 method=java.util.concurrent.locks.ReentrantLock$Sync.nonfairTryAcquire(I)Z @ 34
Event: 332.235 Thread 0x00007f80d2a32000 Uncommon trap: reason=unstable_if action=reinterpret pc=0x00000001039c4044 method=java.util.concurrent.ThreadPoolExecutor.getTask()Ljava/lang/Runnable; @ 16
Event: 332.235 Thread 0x00007f80d58cf800 Uncommon trap: reason=unstable_if action=reinterpret pc=0x00000001039ce99c method=java.util.concurrent.locks.ReentrantLock$Sync.tryRelease(I)Z @ 28
Event: 332.236 Thread 0x00007f80d2830000 Uncommon trap: reason=class_check action=maybe_recompile pc=0x00000001037f0b74 method=org.kevoree.modeling.api.data.cache.HashMemoryCache.dirties()[Lorg/kevoree/modeling/api/data/cache/KCacheDirty; @ 277
Event: 332.237 Thread 0x00007f80d58cf800 Uncommon trap: reason=unstable_if action=reinterpret pc=0x0000000103926f10 method=java.util.concurrent.ThreadPoolExecutor.runStateAtLeast(II)Z @ 2
Event: 332.237 Thread 0x00007f80d58cf800 Uncommon trap: reason=unstable_if action=reinterpret pc=0x000000010390c4a4 method=java.util.concurrent.locks.ReentrantLock$Sync.tryRelease(I)Z @ 28
Event: 332.237 Thread 0x00007f80d58cf800 Uncommon trap: reason=unstable_if action=reinterpret pc=0x0000000103848fe4 method=java.util.concurrent.locks.AbstractQueuedSynchronizer.release(I)Z @ 5

Internal exceptions (10 events):
Event: 0.364 Thread 0x00007f80d4009800 Exception <a 'java/lang/NoSuchFieldError': method resolution failed> (0x000000076b6e78e0) thrown at [/Users/java_re/workspace/8-2-build-macosx-x86_64/jdk8u40/3098/hotspot/src/share/vm/prims/methodHandles.cpp, line 1125]
Event: 0.758 Thread 0x00007f80d58da800 Exception <a 'java/lang/ArrayIndexOutOfBoundsException'> (0x000000076ae8d208) thrown at [/Users/java_re/workspace/8-2-build-macosx-x86_64/jdk8u40/3098/hotspot/src/share/vm/runtime/sharedRuntime.cpp, line 605]
Event: 0.762 Thread 0x00007f80d58da800 Exception <a 'java/lang/ArrayIndexOutOfBoundsException'> (0x000000076ae8ded0) thrown at [/Users/java_re/workspace/8-2-build-macosx-x86_64/jdk8u40/3098/hotspot/src/share/vm/runtime/sharedRuntime.cpp, line 605]
Event: 0.763 Thread 0x00007f80d58da800 Exception <a 'java/lang/ArrayIndexOutOfBoundsException'> (0x000000076ae8edd8) thrown at [/Users/java_re/workspace/8-2-build-macosx-x86_64/jdk8u40/3098/hotspot/src/share/vm/runtime/sharedRuntime.cpp, line 605]
Event: 0.765 Thread 0x00007f80d58da800 Exception <a 'java/lang/ArrayIndexOutOfBoundsException'> (0x000000076ae904a8) thrown at [/Users/java_re/workspace/8-2-build-macosx-x86_64/jdk8u40/3098/hotspot/src/share/vm/runtime/sharedRuntime.cpp, line 605]
Event: 0.787 Thread 0x00007f80d58da800 Exception <a 'java/lang/ArrayIndexOutOfBoundsException'> (0x000000076aeb7c98) thrown at [/Users/java_re/workspace/8-2-build-macosx-x86_64/jdk8u40/3098/hotspot/src/share/vm/runtime/sharedRuntime.cpp, line 605]
Event: 0.788 Thread 0x00007f80d58da800 Exception <a 'java/lang/ArrayIndexOutOfBoundsException'> (0x000000076aeb8e50) thrown at [/Users/java_re/workspace/8-2-build-macosx-x86_64/jdk8u40/3098/hotspot/src/share/vm/runtime/sharedRuntime.cpp, line 605]
Event: 0.789 Thread 0x00007f80d58da800 Exception <a 'java/lang/ArrayIndexOutOfBoundsException'> (0x000000076aeba338) thrown at [/Users/java_re/workspace/8-2-build-macosx-x86_64/jdk8u40/3098/hotspot/src/share/vm/runtime/sharedRuntime.cpp, line 605]
Event: 0.804 Thread 0x00007f80d58da800 Exception <a 'java/lang/ArrayIndexOutOfBoundsException'> (0x000000076aee0248) thrown at [/Users/java_re/workspace/8-2-build-macosx-x86_64/jdk8u40/3098/hotspot/src/share/vm/runtime/sharedRuntime.cpp, line 605]
Event: 0.812 Thread 0x00007f80d58da800 Exception <a 'java/lang/ArrayIndexOutOfBoundsException'> (0x000000076aeef8c8) thrown at [/Users/java_re/workspace/8-2-build-macosx-x86_64/jdk8u40/3098/hotspot/src/share/vm/runtime/sharedRuntime.cpp, line 605]

Events (10 events):
Event: 332.237 Executing VM operation: RevokeBias done
Event: 332.237 Thread 0x00007f80d2830000 Thread exited: 0x00007f80d2830000
Event: 332.237 Thread 0x00007f80d58cf800 Uncommon trap: trap_request=0xffffff65 fr.pc=0x000000010390c4a4
Event: 332.237 Thread 0x00007f80d58cf800 DEOPT PACKING pc=0x000000010390c4a4 sp=0x0000000121a0d6c0
Event: 332.237 Thread 0x00007f80d58cf800 DEOPT UNPACKING pc=0x00000001034d8229 sp=0x0000000121a0d668 mode 2
Event: 332.237 Thread 0x00007f80d58cf800 Uncommon trap: trap_request=0xffffff65 fr.pc=0x0000000103848fe4
Event: 332.237 Thread 0x00007f80d58cf800 DEOPT PACKING pc=0x0000000103848fe4 sp=0x0000000121a0d6f0
Event: 332.237 Thread 0x00007f80d58cf800 DEOPT UNPACKING pc=0x00000001034d8229 sp=0x0000000121a0d6b0 mode 2
Event: 332.237 loading class org/kevoree/modeling/databases/websocket/WebSocketWrapper$1
Event: 332.237 loading class org/kevoree/modeling/databases/websocket/WebSocketWrapper$1 done


Dynamic libraries:
0x00000000047a3000 	/System/Library/Frameworks/Cocoa.framework/Versions/A/Cocoa
0x00000000047a3000 	/System/Library/Frameworks/Security.framework/Versions/A/Security
0x00000000047a3000 	/System/Library/Frameworks/ApplicationServices.framework/Versions/A/ApplicationServices
0x00000000047a3000 	/usr/lib/libz.1.dylib
0x00000000047a3000 	/usr/lib/libSystem.B.dylib
0x00000000047a3000 	/usr/lib/libobjc.A.dylib
0x00000000047a3000 	/System/Library/Frameworks/CoreFoundation.framework/Versions/A/CoreFoundation
0x00000000047a3000 	/System/Library/Frameworks/Foundation.framework/Versions/C/Foundation
0x00000000047a3000 	/System/Library/Frameworks/AppKit.framework/Versions/C/AppKit
0x00000000047a3000 	/System/Library/Frameworks/CoreData.framework/Versions/A/CoreData
0x00000000047a3000 	/System/Library/PrivateFrameworks/RemoteViewServices.framework/Versions/A/RemoteViewServices
0x00000000047a3000 	/System/Library/PrivateFrameworks/UIFoundation.framework/Versions/A/UIFoundation
0x00000000047a3000 	/System/Library/Frameworks/IOSurface.framework/Versions/A/IOSurface
0x00000000047a3000 	/System/Library/Frameworks/AudioToolbox.framework/Versions/A/AudioToolbox
0x00000000047a3000 	/System/Library/Frameworks/AudioUnit.framework/Versions/A/AudioUnit
0x00000000047a3000 	/System/Library/PrivateFrameworks/DataDetectorsCore.framework/Versions/A/DataDetectorsCore
0x00000000047a3000 	/System/Library/PrivateFrameworks/DesktopServicesPriv.framework/Versions/A/DesktopServicesPriv
0x00000000047a3000 	/System/Library/Frameworks/Carbon.framework/Versions/A/Frameworks/HIToolbox.framework/Versions/A/HIToolbox
0x00000000047a3000 	/System/Library/Frameworks/QuartzCore.framework/Versions/A/QuartzCore
0x00000000047a3000 	/System/Library/Frameworks/Carbon.framework/Versions/A/Frameworks/SpeechRecognition.framework/Versions/A/SpeechRecognition
0x00000000047a3000 	/usr/lib/libauto.dylib
0x00000000047a3000 	/usr/lib/libicucore.A.dylib
0x00000000047a3000 	/usr/lib/libxml2.2.dylib
0x00000000047a3000 	/System/Library/PrivateFrameworks/CoreUI.framework/Versions/A/CoreUI
0x00000000047a3000 	/System/Library/Frameworks/CoreAudio.framework/Versions/A/CoreAudio
0x00000000047a3000 	/System/Library/Frameworks/DiskArbitration.framework/Versions/A/DiskArbitration
0x00000000047a3000 	/usr/lib/liblangid.dylib
0x00000000047a3000 	/System/Library/PrivateFrameworks/MultitouchSupport.framework/Versions/A/MultitouchSupport
0x00000000047a3000 	/System/Library/Frameworks/IOKit.framework/Versions/A/IOKit
0x00000000047a3000 	/usr/lib/libDiagnosticMessagesClient.dylib
0x00000000047a3000 	/System/Library/Frameworks/CoreServices.framework/Versions/A/CoreServices
0x00000000047a3000 	/System/Library/PrivateFrameworks/PerformanceAnalysis.framework/Versions/A/PerformanceAnalysis
0x00000000047a3000 	/System/Library/PrivateFrameworks/GenerationalStorage.framework/Versions/A/GenerationalStorage
0x00000000047a3000 	/System/Library/Frameworks/OpenGL.framework/Versions/A/OpenGL
0x00000000047a3000 	/System/Library/PrivateFrameworks/Sharing.framework/Versions/A/Sharing
0x00000000047a3000 	/System/Library/Frameworks/CoreGraphics.framework/Versions/A/CoreGraphics
0x00000000047a3000 	/System/Library/Frameworks/CoreText.framework/Versions/A/CoreText
0x00000000047a3000 	/System/Library/Frameworks/ImageIO.framework/Versions/A/ImageIO
0x00000000047a3000 	/usr/lib/libextension.dylib
0x00000000047a3000 	/System/Library/PrivateFrameworks/Backup.framework/Versions/A/Backup
0x00000000047a3000 	/usr/lib/libarchive.2.dylib
0x00000000047a3000 	/System/Library/Frameworks/CFNetwork.framework/Versions/A/CFNetwork
0x00000000047a3000 	/System/Library/Frameworks/SystemConfiguration.framework/Versions/A/SystemConfiguration
0x00000000047a3000 	/usr/lib/libCRFSuite.dylib
0x00000000047a3000 	/usr/lib/libc++.1.dylib
0x00000000047a3000 	/usr/lib/libc++abi.dylib
0x00000000047a3000 	/usr/lib/system/libcache.dylib
0x00000000047a3000 	/usr/lib/system/libcommonCrypto.dylib
0x00000000047a3000 	/usr/lib/system/libcompiler_rt.dylib
0x00000000047a3000 	/usr/lib/system/libcopyfile.dylib
0x00000000047a3000 	/usr/lib/system/libcorecrypto.dylib
0x00000000047a3000 	/usr/lib/system/libdispatch.dylib
0x00000000047a3000 	/usr/lib/system/libdyld.dylib
0x00000000047a3000 	/usr/lib/system/libkeymgr.dylib
0x00000000047a3000 	/usr/lib/system/liblaunch.dylib
0x00000000047a3000 	/usr/lib/system/libmacho.dylib
0x00000000047a3000 	/usr/lib/system/libquarantine.dylib
0x00000000047a3000 	/usr/lib/system/libremovefile.dylib
0x00000000047a3000 	/usr/lib/system/libsystem_asl.dylib
0x00000000047a3000 	/usr/lib/system/libsystem_blocks.dylib
0x00000000047a3000 	/usr/lib/system/libsystem_c.dylib
0x00000000047a3000 	/usr/lib/system/libsystem_configuration.dylib
0x00000000047a3000 	/usr/lib/system/libsystem_coreservices.dylib
0x00000000047a3000 	/usr/lib/system/libsystem_coretls.dylib
0x00000000047a3000 	/usr/lib/system/libsystem_dnssd.dylib
0x00000000047a3000 	/usr/lib/system/libsystem_info.dylib
0x00000000047a3000 	/usr/lib/system/libsystem_kernel.dylib
0x00000000047a3000 	/usr/lib/system/libsystem_m.dylib
0x00000000047a3000 	/usr/lib/system/libsystem_malloc.dylib
0x00000000047a3000 	/usr/lib/system/libsystem_network.dylib
0x00000000047a3000 	/usr/lib/system/libsystem_networkextension.dylib
0x00000000047a3000 	/usr/lib/system/libsystem_notify.dylib
0x00000000047a3000 	/usr/lib/system/libsystem_platform.dylib
0x00000000047a3000 	/usr/lib/system/libsystem_pthread.dylib
0x00000000047a3000 	/usr/lib/system/libsystem_sandbox.dylib
0x00000000047a3000 	/usr/lib/system/libsystem_secinit.dylib
0x00000000047a3000 	/usr/lib/system/libsystem_stats.dylib
0x00000000047a3000 	/usr/lib/system/libsystem_trace.dylib
0x00000000047a3000 	/usr/lib/system/libunc.dylib
0x00000000047a3000 	/usr/lib/system/libunwind.dylib
0x00000000047a3000 	/usr/lib/system/libxpc.dylib
0x00000000047a3000 	/usr/lib/libbz2.1.0.dylib
0x00000000047a3000 	/usr/lib/liblzma.5.dylib
0x00000000047a3000 	/usr/lib/libbsm.0.dylib
0x00000000047a3000 	/usr/lib/libsqlite3.dylib
0x00000000047a3000 	/usr/lib/system/libkxld.dylib
0x00000000047a3000 	/usr/lib/libxar.1.dylib
0x00000000047a3000 	/usr/lib/libpam.2.dylib
0x00000000047a3000 	/usr/lib/libOpenScriptingUtil.dylib
0x00000000047a3000 	/System/Library/Frameworks/CoreServices.framework/Versions/A/Frameworks/FSEvents.framework/Versions/A/FSEvents
0x00000000047a3000 	/System/Library/Frameworks/CoreServices.framework/Versions/A/Frameworks/CarbonCore.framework/Versions/A/CarbonCore
0x00000000047a3000 	/System/Library/Frameworks/CoreServices.framework/Versions/A/Frameworks/Metadata.framework/Versions/A/Metadata
0x00000000047a3000 	/System/Library/Frameworks/CoreServices.framework/Versions/A/Frameworks/OSServices.framework/Versions/A/OSServices
0x00000000047a3000 	/System/Library/Frameworks/CoreServices.framework/Versions/A/Frameworks/SearchKit.framework/Versions/A/SearchKit
0x00000000047a3000 	/System/Library/Frameworks/CoreServices.framework/Versions/A/Frameworks/AE.framework/Versions/A/AE
0x00000000047a3000 	/System/Library/Frameworks/CoreServices.framework/Versions/A/Frameworks/LaunchServices.framework/Versions/A/LaunchServices
0x00000000047a3000 	/System/Library/Frameworks/CoreServices.framework/Versions/A/Frameworks/DictionaryServices.framework/Versions/A/DictionaryServices
0x00000000047a3000 	/System/Library/Frameworks/NetFS.framework/Versions/A/NetFS
0x00000000047a3000 	/System/Library/PrivateFrameworks/NetAuth.framework/Versions/A/NetAuth
0x00000000047a3000 	/System/Library/PrivateFrameworks/login.framework/Versions/A/Frameworks/loginsupport.framework/Versions/A/loginsupport
0x00000000047a3000 	/System/Library/PrivateFrameworks/TCC.framework/Versions/A/TCC
0x00000000047a3000 	/usr/lib/libmecabra.dylib
0x00000000047a3000 	/System/Library/Frameworks/ApplicationServices.framework/Versions/A/Frameworks/ATS.framework/Versions/A/ATS
0x00000000047a3000 	/System/Library/Frameworks/ApplicationServices.framework/Versions/A/Frameworks/ColorSync.framework/Versions/A/ColorSync
0x00000000047a3000 	/System/Library/Frameworks/ApplicationServices.framework/Versions/A/Frameworks/HIServices.framework/Versions/A/HIServices
0x00000000047a3000 	/System/Library/Frameworks/ApplicationServices.framework/Versions/A/Frameworks/LangAnalysis.framework/Versions/A/LangAnalysis
0x00000000047a3000 	/System/Library/Frameworks/ApplicationServices.framework/Versions/A/Frameworks/PrintCore.framework/Versions/A/PrintCore
0x00000000047a3000 	/System/Library/Frameworks/ApplicationServices.framework/Versions/A/Frameworks/QD.framework/Versions/A/QD
0x00000000047a3000 	/System/Library/Frameworks/ApplicationServices.framework/Versions/A/Frameworks/SpeechSynthesis.framework/Versions/A/SpeechSynthesis
0x00000000047a3000 	/System/Library/Frameworks/Accelerate.framework/Versions/A/Accelerate
0x00000000047a3000 	/System/Library/Frameworks/Accelerate.framework/Versions/A/Frameworks/vImage.framework/Versions/A/vImage
0x00000000047a3000 	/System/Library/Frameworks/Accelerate.framework/Versions/A/Frameworks/vecLib.framework/Versions/A/vecLib
0x00000000047a3000 	/System/Library/Frameworks/Accelerate.framework/Versions/A/Frameworks/vecLib.framework/Versions/A/libvDSP.dylib
0x00000000047a3000 	/System/Library/Frameworks/Accelerate.framework/Versions/A/Frameworks/vecLib.framework/Versions/A/libvMisc.dylib
0x00000000047a3000 	/System/Library/Frameworks/Accelerate.framework/Versions/A/Frameworks/vecLib.framework/Versions/A/libLAPACK.dylib
0x00000000047a3000 	/System/Library/Frameworks/Accelerate.framework/Versions/A/Frameworks/vecLib.framework/Versions/A/libBLAS.dylib
0x00000000047a3000 	/System/Library/Frameworks/Accelerate.framework/Versions/A/Frameworks/vecLib.framework/Versions/A/libLinearAlgebra.dylib
0x00000000047a3000 	/System/Library/Frameworks/ApplicationServices.framework/Versions/A/Frameworks/ATS.framework/Versions/A/Resources/libFontParser.dylib
0x00000000047a3000 	/System/Library/Frameworks/ApplicationServices.framework/Versions/A/Frameworks/ATS.framework/Versions/A/Resources/libFontRegistry.dylib
0x00000000047a3000 	/System/Library/PrivateFrameworks/AppleVPA.framework/Versions/A/AppleVPA
0x00000000047a3000 	/System/Library/PrivateFrameworks/AppleJPEG.framework/Versions/A/AppleJPEG
0x00000000047a3000 	/System/Library/Frameworks/ImageIO.framework/Versions/A/Resources/libJPEG.dylib
0x00000000047a3000 	/System/Library/Frameworks/ImageIO.framework/Versions/A/Resources/libTIFF.dylib
0x00000000047a3000 	/System/Library/Frameworks/ImageIO.framework/Versions/A/Resources/libPng.dylib
0x00000000047a3000 	/System/Library/Frameworks/ImageIO.framework/Versions/A/Resources/libGIF.dylib
0x00000000047a3000 	/System/Library/Frameworks/ImageIO.framework/Versions/A/Resources/libJP2.dylib
0x00000000047a3000 	/System/Library/Frameworks/ImageIO.framework/Versions/A/Resources/libRadiance.dylib
0x00000000047a3000 	/System/Library/Frameworks/CoreVideo.framework/Versions/A/CoreVideo
0x00000000047a3000 	/System/Library/Frameworks/OpenGL.framework/Versions/A/Libraries/libGLU.dylib
0x00000000047a3000 	/System/Library/Frameworks/OpenGL.framework/Versions/A/Libraries/libGFXShared.dylib
0x00000000047a3000 	/System/Library/Frameworks/OpenGL.framework/Versions/A/Libraries/libGL.dylib
0x00000000047a3000 	/System/Library/Frameworks/OpenGL.framework/Versions/A/Libraries/libGLImage.dylib
0x00000000047a3000 	/System/Library/Frameworks/OpenGL.framework/Versions/A/Libraries/libCVMSPluginSupport.dylib
0x00000000047a3000 	/System/Library/Frameworks/OpenGL.framework/Versions/A/Libraries/libCoreVMClient.dylib
0x00000000047a3000 	/usr/lib/libcups.2.dylib
0x00000000047a3000 	/System/Library/Frameworks/Kerberos.framework/Versions/A/Kerberos
0x00000000047a3000 	/System/Library/Frameworks/GSS.framework/Versions/A/GSS
0x00000000047a3000 	/usr/lib/libresolv.9.dylib
0x00000000047a3000 	/usr/lib/libiconv.2.dylib
0x00000000047a3000 	/System/Library/PrivateFrameworks/Heimdal.framework/Versions/A/Heimdal
0x00000000047a3000 	/usr/lib/libheimdal-asn1.dylib
0x00000000047a3000 	/System/Library/Frameworks/OpenDirectory.framework/Versions/A/OpenDirectory
0x00000000047a3000 	/System/Library/PrivateFrameworks/CommonAuth.framework/Versions/A/CommonAuth
0x00000000047a3000 	/System/Library/Frameworks/OpenDirectory.framework/Versions/A/Frameworks/CFOpenDirectory.framework/Versions/A/CFOpenDirectory
0x00000000047a3000 	/System/Library/Frameworks/SecurityFoundation.framework/Versions/A/SecurityFoundation
0x00000000047a3000 	/System/Library/PrivateFrameworks/LanguageModeling.framework/Versions/A/LanguageModeling
0x00000000047a3000 	/usr/lib/libcmph.dylib
0x00000000047a3000 	/System/Library/Frameworks/ServiceManagement.framework/Versions/A/ServiceManagement
0x00000000047a3000 	/usr/lib/libxslt.1.dylib
0x00000000047a3000 	/System/Library/Frameworks/Carbon.framework/Versions/A/Frameworks/Ink.framework/Versions/A/Ink
0x00000000047a3000 	/System/Library/Frameworks/QuartzCore.framework/Versions/A/Frameworks/CoreImage.framework/Versions/A/CoreImage
0x00000000047a3000 	/System/Library/PrivateFrameworks/CrashReporterSupport.framework/Versions/A/CrashReporterSupport
0x00000000047a3000 	/System/Library/Frameworks/OpenCL.framework/Versions/A/OpenCL
0x00000000047a3000 	/System/Library/PrivateFrameworks/FaceCore.framework/Versions/A/FaceCore
0x00000000047a3000 	/System/Library/PrivateFrameworks/Ubiquity.framework/Versions/A/Ubiquity
0x00000000047a3000 	/System/Library/PrivateFrameworks/IconServices.framework/Versions/A/IconServices
0x00000000047a3000 	/System/Library/PrivateFrameworks/ChunkingLibrary.framework/Versions/A/ChunkingLibrary
0x00000000047a3000 	/System/Library/PrivateFrameworks/Apple80211.framework/Versions/A/Apple80211
0x00000000047a3000 	/System/Library/Frameworks/CoreWLAN.framework/Versions/A/CoreWLAN
0x00000000047a3000 	/System/Library/Frameworks/IOBluetooth.framework/Versions/A/IOBluetooth
0x00000000047a3000 	/System/Library/PrivateFrameworks/CoreWiFi.framework/Versions/A/CoreWiFi
0x00000000047a3000 	/System/Library/Frameworks/CoreBluetooth.framework/Versions/A/CoreBluetooth
0x00000000047a3000 	/System/Library/PrivateFrameworks/DebugSymbols.framework/Versions/A/DebugSymbols
0x00000000047a3000 	/System/Library/PrivateFrameworks/CoreSymbolication.framework/Versions/A/CoreSymbolication
0x00000000047a3000 	/System/Library/PrivateFrameworks/Symbolication.framework/Versions/A/Symbolication
0x00000000047a3000 	/System/Library/PrivateFrameworks/SpeechRecognitionCore.framework/Versions/A/SpeechRecognitionCore
0x0000000102413000 	/Library/Java/JavaVirtualMachines/jdk1.8.0_40.jdk/Contents/Home/jre/lib/server/libjvm.dylib
0x00000000047a3000 	/usr/lib/libstdc++.6.dylib
0x000000010347f000 	/Library/Java/JavaVirtualMachines/jdk1.8.0_40.jdk/Contents/Home/jre/lib/libverify.dylib
0x000000010348d000 	/Library/Java/JavaVirtualMachines/jdk1.8.0_40.jdk/Contents/Home/jre/lib/libjava.dylib
0x00000001034ca000 	/Library/Java/JavaVirtualMachines/jdk1.8.0_40.jdk/Contents/Home/jre/lib/libzip.dylib
0x000000011f0a9000 	/System/Library/Frameworks/JavaVM.framework/Frameworks/JavaRuntimeSupport.framework/JavaRuntimeSupport
0x000000011f0c1000 	/System/Library/Frameworks/JavaVM.framework/Versions/A/Frameworks/JavaNativeFoundation.framework/Versions/A/JavaNativeFoundation
0x000000011f0d6000 	/System/Library/Frameworks/JavaVM.framework/Versions/A/JavaVM
0x00000000047a3000 	/System/Library/Frameworks/Carbon.framework/Versions/A/Carbon
0x000000011f0e3000 	/System/Library/PrivateFrameworks/JavaLaunching.framework/Versions/A/JavaLaunching
0x00000000047a3000 	/System/Library/Frameworks/Carbon.framework/Versions/A/Frameworks/CommonPanels.framework/Versions/A/CommonPanels
0x00000000047a3000 	/System/Library/Frameworks/Carbon.framework/Versions/A/Frameworks/Help.framework/Versions/A/Help
0x00000000047a3000 	/System/Library/Frameworks/Carbon.framework/Versions/A/Frameworks/ImageCapture.framework/Versions/A/ImageCapture
0x00000000047a3000 	/System/Library/Frameworks/Carbon.framework/Versions/A/Frameworks/OpenScripting.framework/Versions/A/OpenScripting
0x00000000047a3000 	/System/Library/Frameworks/Carbon.framework/Versions/A/Frameworks/Print.framework/Versions/A/Print
0x00000000047a3000 	/System/Library/Frameworks/Carbon.framework/Versions/A/Frameworks/SecurityHI.framework/Versions/A/SecurityHI
0x00000001212d4000 	/Applications/IntelliJ IDEA 14.app/Contents/bin/libbreakgen64.jnilib
0x00000001213da000 	/Library/Java/JavaVirtualMachines/jdk1.8.0_40.jdk/Contents/Home/jre/lib/libnet.dylib
0x0000000121439000 	/Library/Java/JavaVirtualMachines/jdk1.8.0_40.jdk/Contents/Home/jre/lib/libnio.dylib
0x0000000121696000 	/private/var/folders/fm/5c5lzyq932x281tnqhtw78300000gq/T/libleveldbjni-64-1-6197741860154212728.8
0x000000012237b000 	/Library/Java/JavaVirtualMachines/jdk1.8.0_40.jdk/Contents/Home/jre/lib/libmanagement.dylib

VM Arguments:
jvm_args: -Didea.launcher.port=7543 -Didea.launcher.bin.path=/Applications/IntelliJ IDEA 14.app/Contents/bin -Dfile.encoding=UTF-8 
java_command: com.intellij.rt.execution.application.AppMain org.kubi.runner.KubiRunner
java_class_path (initial): /Library/Java/JavaVirtualMachines/jdk1.8.0_40.jdk/Contents/Home/lib/ant-javafx.jar:/Library/Java/JavaVirtualMachines/jdk1.8.0_40.jdk/Contents/Home/lib/dt.jar:/Library/Java/JavaVirtualMachines/jdk1.8.0_40.jdk/Contents/Home/lib/javafx-mx.jar:/Library/Java/JavaVirtualMachines/jdk1.8.0_40.jdk/Contents/Home/lib/jconsole.jar:/Library/Java/JavaVirtualMachines/jdk1.8.0_40.jdk/Contents/Home/lib/packager.jar:/Library/Java/JavaVirtualMachines/jdk1.8.0_40.jdk/Contents/Home/lib/sa-jdi.jar:/Library/Java/JavaVirtualMachines/jdk1.8.0_40.jdk/Contents/Home/lib/tools.jar:/Library/Java/JavaVirtualMachines/jdk1.8.0_40.jdk/Contents/Home/jre/lib/charsets.jar:/Library/Java/JavaVirtualMachines/jdk1.8.0_40.jdk/Contents/Home/jre/lib/deploy.jar:/Library/Java/JavaVirtualMachines/jdk1.8.0_40.jdk/Contents/Home/jre/lib/javaws.jar:/Library/Java/JavaVirtualMachines/jdk1.8.0_40.jdk/Contents/Home/jre/lib/jce.jar:/Library/Java/JavaVirtualMachines/jdk1.8.0_40.jdk/Contents/Home/jre/lib/jfr.jar:/Library/Java/JavaVirtualMachines/jdk1.8.0_40.jdk/Contents/Home/jre/lib/jfxswt.jar:/Library/Java/JavaVirtualMachines/jdk1.8.0_40.jdk/Contents/Home/jre/lib/jsse.jar:/Library/Java/JavaVirtualMachines/jdk1.8.0_40.jdk/Contents/Home/jre/lib/management-agent.jar:/Library/Java/JavaVirtualMachines/jdk1.8.0_40.jdk/Contents/Home/jre/lib/plugin.jar:/Library/Java/JavaVirtualMachines/jdk1.8.0_40.jdk/Contents/Home/jre/lib/resources.jar:/Library/Java/JavaVirtualMachines/jdk1.8.0_40.jdk/Contents/Home/jre/lib/rt.jar:/Library/Java/JavaVirtualMachines/jdk1.8.0_40.jdk/Contents/Home/jre/lib/ext/cldrdata.jar:/Library/Java/JavaVirtualMachines/jdk1.8.0_40.jdk/Contents/Home/jre/lib/ext/dnsns.jar:/Library/Java/JavaVirtualMachines/jdk1.8.0_40.jdk/Contents/Home/jre/lib/ext/jfxrt.jar:/Library/Java/JavaVirtualMachines/jdk1.8.0_40.jdk/Contents/Home/jre/lib/ext/localedata.jar:/Library/Java/JavaVirtualMachines/jdk1.8.0_40.jdk/Contents/Home/jre/lib/ext/nashorn.jar:/Library/Java/JavaVirtualMachines/jdk1.8.0_40.jdk/Conten
Launcher Type: SUN_STANDARD

Environment Variables:
PATH=/usr/local/bin:/usr/bin:/bin:/usr/sbin:/sbin:/usr/local/git/bin:/usr/texbin
SHELL=/bin/bash

Signal Handlers:
SIGSEGV: [libjvm.dylib+0x58ef95], sa_mask[0]=11111111011111110111111111111111, sa_flags=SA_ONSTACK|SA_RESTART|SA_SIGINFO
SIGBUS: 